[]
[]
["",""]
[]
["c","c"]
["ant","ant"]
["and","dan"]
["",""]
["","",""]
["h","h","h"]
[]
["ape","pea"]
["ate","eat","tea"]
["tea","ate","eat"]
["tea","ate","eat","and","dan"]
["tea","eat","","","tea",""]
["tea","eat"]
[]
[]
[]
[]
[]
["apt","apt"]
["cat","cat"]
["nat","tan"]
["sin","ins"]
["hos","hos"]
["day","day"]
["ems","mes"]
["rig","rig"]
["rat","art"]
["zip","zip"]
["man","nam"]
["yak","yak"]
["map","pam"]
["ned","den","yup","yup"]
["rig","rig","hay","hay"]
["toe","toe"]
["eat","ate"]
["pub","pub"]
["for","fro","fdr","fdr","awl","law","new","new"]
["coy","coy"]
["ken","ken"]
["vat","vat"]
["ton","not"]
["pup","pup","ugh","ugh","deb","deb"]
["ugh","hug","pis","sip"]
["fag","fag","art","tar"]
["via","via"]
["fax","fax","amp","amp","nab","nab"]
["sop","sop","car","arc","try","try","ode","doe"]
["may","amy","tog","got","may"]
["ate","ate","yep","yep"]
["pin","nip"]
["use","sue","shy","shy"]
["ant","nat","rod","rod","the","the","hon","hon"]
["why","why","man","man","ina","ian"]
["apt","apt"]
["ohm","ohm","fen","fen","joy","joy","joy"]
["nip","nip","pus","sup","hos","ohs","oaf","oaf","rub","bur","dot","dot","ark","ark"]
["cal","cal","hon","hon","don","nod","lea","lea"]
["fro","fro"]
["bud","dub","dee","dee","hah","hah","amy","amy"]
["hot","tho"]
["bmw","bmw","ark","ark","wee","ewe","poe","poe","bar","bra","gas","sag","was","saw"]
["dab","bad"]
["tow","wot","cod","doc","ape","ape","sin","sin"]
["aim","aim"]
["jed","jed","end","den","wed","wed","pal","pal"]
["sit","its","ray","ray"]
["buy","buy","cam","mac","dis","sid","sid"]
["eat","ate"]
["art","rat"]
["lee","eel"]
["but","but"]
["new","wen"]
["yon","yon"]
["fan","fan"]
["wok","wok"]
["now","own","per","per","gym","gym","yuk","yuk"]
["pie","pei"]
["ion","ion"]
["ref","ref","kit","kit","tor","tor"]
["bib","bib"]
["one","one","sic","sic","has","ash","our","our"]
["tug","gut"]
["eke","eke","fee","fee","fee"]
["ids","dis","sod","dos"]
["lin","lin","pat","pat","arm","ram","arm"]
["rap","par","eat","tea"]
["bad","bad","ash","has"]
["chi","chi"]
["jfk","jfk","jfk"]
["ian","ian"]
["lactated","lactated","ranted","ardent","repackage","repackage","stiflings","stiflings","overjoying","overjoying","tramps","tramps"]
["efficacious","efficacious","confluences","confluences","callus","callus","lubricated","lubricated","bridges","bridges","vole","love"]
["residents","dissenter","dooms","moods","artier","irater","rinsed","snider","exits","exist","overturns","turnovers","arty","tray"]
["olen","leno","peru","pure","inches","niches","outs","oust","admires","misread","den","end"]
["crooners","coroners","satiny","sanity","smug","mugs","gums","per","rep","potties","tiptoes"]
["resins","rinses","lamb","balm","redo","doer","hugs","gush","handy","haydn","frats","rafts","agra","raga","stanches","chastens","lava","alva","retracing","terracing","citadels","dialects","annul","luann","proses","posers","hanks","ankhs","essequibo","obsequies","writhes","withers","caterers","retraces","median","damien","thickset","thickest","sourcing","coursing","wares","wears","fliers","lifers","sterling","ringlets","fractal","flatcar","deserve","severed","honest","heston","ryder","dryer","unions","unison","demands","maddens","stein","inset","rifles","prig","grip","courses","croesus","penis","spine","tide","tied","corine","enrico","ewe","wee","maleness","salesmen","ideals","aisled","remark","kramer","salem","males","veils","lives","crimean","carmine","brandies","brandeis","aneurism","sumerian","pins","snip","gel","leg","slather","halters","recast","carets","pokes","spoke","looping","pooling","sara","saar","wrested","strewed","rusted","rudest","pear","rape","mush","hums","smokier","irksome","best","bets","tutors","trouts","eels","lees","altitude","latitude","unnoticed","continued","iterates","treatise","cants","scant","shea","ashe","fingers","fringes","petal","pleat","relations","orientals","slaver","salver","hairs","shari","outtake","takeout","tosca","tacos","deltas","lasted","ginsu","using","mobbing","bombing","destine","steined","roomer","romero","grouper","regroup","padre","raped","arts","tsar","luaus","usual","tubers","brutes","avails","saliva","rat","art","heads","shade","lurch","churl","tin","nit","idlest","listed","shrive","shiver","bared","debra","regor","roger","sweden","newsed","importunes","resumption","rapiers","raspier","hales","shale","ar","ra","shout","south","locust","clouts","spread","spared","moister","mortise","potters","spotter","bantams","batsman","palestine","penalties","stew","west","edna","dean","greta","great","ronda","adorn","khan","hank","bast","stab","treats","taster","outtakes","stakeout","senders","redness","wield","wiled","sachet","chaste","ericson","cronies","annmarie","armenian","protein","pointer","pipes","pepsi","sleuth","hustle","omar","roam","tone","note","bosser","sobers","sate","ates","hurdle","hurled","escher","cheers","filets","stifle","refocusing","configures","rankle","lanker","hardy","hydra","vainest","naivest","mood","odom"]