0
0
1
0
0
3
3
3
2
1
0
3
0
2
7
7
11
2
3
8
15
24
6
6
8
6
8
6
6
6
8
5
8
5
6
6
6
5
4
3
3
3
3
2
1
0
10
10
13
10
13
10
12
12
15
10
15
10
15
15
15
13
12
10
15
15
15
13
12
10
10
10
13
10
13
10
12
12
15
9
15
9
15
15
15
12
12
9
15
15
15
12
12
9
10
10
15
10
15
10
10
10
15
9
15
9
13
13
13
12
8
7
13
13
13
12
8
7
10
10
12
10
12
10
10
10
12
9
12
9
10
10
10
9
8
7
7
7
7
6
5
4
6
6
8
6
8
6
6
6
8
5
8
5
6
6
6
5
4
3
3
3
3
2
1
0
7
13
6
16
15
9
19
13
13
10
20
18
28
28
10
9
23
9
15
8
21
25
6
10
19
14
25
17
12
6
1697678
4