{}
{-1}
{1,2}
{1,#,2}
{1,2,#,3}
{1,2,3}
{1,2,#,#,3}
{1,#,2,#,3}
{1,#,2,3}
{1,#,2,#,3,#,4}
{1,#,2,#,4,3}
{1,#,3,2,4}
{1,#,4,2,#,#,3}
{1,#,4,3,#,2}
{2,1,3,#,#,#,4}
{2,1,4,#,#,3}
{3,1,4,#,2}
{3,2,4,1}
{4,1,#,#,2,#,3}
{4,1,#,#,3,2}
{4,2,#,1,3}
{4,3,#,1,#,#,2}
{4,3,#,2,#,1}
{7,-10,2,-4,3,-8,#,#,#,#,-1,11}
{1,#,2,#,3,#,4,#,5}
{1,#,2,#,3,#,5,4}
{1,#,2,#,4,3,5}
{1,#,2,#,5,3,#,#,4}
{1,#,2,#,5,4,#,3}
{1,#,3,2,4,#,#,#,5}
{1,#,3,2,5,#,#,4}
{1,#,4,2,5,#,3}
{1,#,4,3,5,2}
{1,#,5,2,#,#,3,#,4}
{1,#,5,2,#,#,4,3}
{1,#,5,3,#,2,4}
{1,#,5,4,#,2,#,#,3}
{1,#,5,4,#,3,#,2}
{2,1,3,#,#,#,4,#,5}
{2,1,3,#,#,#,5,4}
{2,1,4,#,#,3,5}
{2,1,5,#,#,3,#,#,4}
{2,1,5,#,#,4,#,3}
{3,1,4,#,2,#,5}
{3,1,5,#,2,4}
{3,2,4,1,#,#,5}
{3,2,5,1,#,4}
{4,1,5,#,2,#,#,#,3}
{4,1,5,#,3,#,#,2}
{4,2,5,1,3}
{4,3,5,1,#,#,#,#,2}
{4,3,5,2,#,#,#,1}
{5,1,#,#,2,#,3,#,4}
{5,1,#,#,2,#,4,3}
{5,1,#,#,3,2,4}
{5,1,#,#,4,2,#,#,3}
{5,1,#,#,4,3,#,2}
{5,2,#,1,3,#,#,#,4}
{5,2,#,1,4,#,#,3}
{5,3,#,1,4,#,2}
{5,3,#,2,4,1}
{5,4,#,1,#,#,2,#,3}
{5,4,#,1,#,#,3,2}
{5,4,#,2,#,1,3}
{5,4,#,3,#,1,#,#,2}
{5,4,#,3,#,2,#,1}
{1,#,2,#,3,#,4,#,5,#,6}
{1,#,2,#,3,#,4,#,6,5}
{1,#,2,#,3,#,5,4,6}
{1,#,2,#,3,#,6,4,#,#,5}
{1,#,2,#,3,#,6,5,#,4}
{1,#,2,#,4,3,5,#,#,#,6}
{1,#,2,#,4,3,6,#,#,5}
{1,#,2,#,5,3,6,#,4}
{1,#,2,#,5,4,6,3}
{1,#,2,#,6,3,#,#,4,#,5}
{1,#,2,#,6,3,#,#,5,4}
{1,#,2,#,6,4,#,3,5}
{1,#,2,#,6,5,#,3,#,#,4}
{1,#,2,#,6,5,#,4,#,3}
{1,#,3,2,4,#,#,#,5,#,6}
{1,#,3,2,4,#,#,#,6,5}
{1,#,3,2,5,#,#,4,6}
{1,#,3,2,6,#,#,4,#,#,5}
{1,#,3,2,6,#,#,5,#,4}
{1,#,4,2,5,#,3,#,6}
{1,#,4,2,6,#,3,5}
{1,#,4,3,5,2,#,#,6}
{1,#,4,3,6,2,#,5}
{1,#,5,2,6,#,3,#,#,#,4}
{1,#,5,2,6,#,4,#,#,3}
{1,#,5,3,6,2,4}
{1,#,5,4,6,2,#,#,#,#,3}
{1,#,5,4,6,3,#,#,#,2}
{1,#,6,2,#,#,3,#,4,#,5}
{1,#,6,2,#,#,3,#,5,4}
{1,#,6,2,#,#,4,3,5}
{1,#,6,2,#,#,5,3,#,#,4}
{1,#,6,2,#,#,5,4,#,3}
{1,#,6,3,#,2,4,#,#,#,5}
{1,#,6,3,#,2,5,#,#,4}
{1,#,6,4,#,2,5,#,3}
{1,#,6,4,#,3,5,2}
{1,#,6,5,#,2,#,#,3,#,4}
{1,#,6,5,#,2,#,#,4,3}
{1,#,6,5,#,3,#,2,4}
{1,#,6,5,#,4,#,2,#,#,3}
{1,#,6,5,#,4,#,3,#,2}
{2,1,3,#,#,#,4,#,5,#,6}
{2,1,3,#,#,#,4,#,6,5}
{2,1,3,#,#,#,5,4,6}
{2,1,3,#,#,#,6,4,#,#,5}
{2,1,3,#,#,#,6,5,#,4}
{2,1,4,#,#,3,5,#,#,#,6}
{2,1,4,#,#,3,6,#,#,5}
{2,1,5,#,#,3,6,#,4}
{2,1,5,#,#,4,6,3}
{2,1,6,#,#,3,#,#,4,#,5}
{2,1,6,#,#,3,#,#,5,4}
{2,1,6,#,#,4,#,3,5}
{2,1,6,#,#,5,#,3,#,#,4}
{2,1,6,#,#,5,#,4,#,3}
{3,1,4,#,2,#,5,#,#,#,6}
{3,1,4,#,2,#,6,#,#,5}
{3,1,5,#,2,4,6}
{3,1,6,#,2,4,#,#,#,#,5}
{3,1,6,#,2,5,#,#,#,4}
{3,2,4,1,#,#,5,#,#,#,6}
{3,2,4,1,#,#,6,#,#,5}
{3,2,5,1,#,4,6}
{3,2,6,1,#,4,#,#,#,#,5}
{3,2,6,1,#,5,#,#,#,4}
{4,1,5,#,2,#,6,#,3}
{4,1,6,#,2,5,#,#,3}
{4,1,5,#,3,#,6,2}
{4,1,6,#,3,5,#,2}
{4,2,5,1,3,#,6}
{4,2,6,1,3,5}
{4,3,5,1,#,#,6,#,2}
{4,3,6,1,#,5,#,#,2}
{4,3,5,2,#,#,6,1}
{4,3,6,2,#,5,#,1}
{5,1,6,#,2,#,#,#,3,#,4}
{5,1,6,#,2,#,#,#,4,3}
{5,1,6,#,3,#,#,2,4}
{5,1,6,#,4,#,#,2,#,#,3}
{5,1,6,#,4,#,#,3,#,2}
{5,2,6,1,3,#,#,#,#,#,4}
{5,2,6,1,4,#,#,#,#,3}
{5,3,6,1,4,#,#,#,2}
{5,3,6,2,4,#,#,1}
{5,4,6,1,#,#,#,#,2,#,3}
{5,4,6,1,#,#,#,#,3,2}
{5,4,6,2,#,#,#,1,3}
{5,4,6,3,#,#,#,1,#,#,2}
{5,4,6,3,#,#,#,2,#,1}
{6,1,#,#,2,#,3,#,4,#,5}
{6,1,#,#,2,#,3,#,5,4}
{6,1,#,#,2,#,4,3,5}
{6,1,#,#,2,#,5,3,#,#,4}
{6,1,#,#,2,#,5,4,#,3}
{6,1,#,#,3,2,4,#,#,#,5}
{6,1,#,#,3,2,5,#,#,4}
{6,1,#,#,4,2,5,#,3}
{6,1,#,#,4,3,5,2}
{6,1,#,#,5,2,#,#,3,#,4}
{6,1,#,#,5,2,#,#,4,3}
{6,1,#,#,5,3,#,2,4}
{6,1,#,#,5,4,#,2,#,#,3}
{6,1,#,#,5,4,#,3,#,2}
{6,2,#,1,3,#,#,#,4,#,5}
{6,2,#,1,3,#,#,#,5,4}
{6,2,#,1,4,#,#,3,5}
{6,2,#,1,5,#,#,3,#,#,4}
{6,2,#,1,5,#,#,4,#,3}
{6,3,#,1,4,#,2,#,5}
{6,3,#,1,5,#,2,4}
{6,3,#,2,4,1,#,#,5}
{6,3,#,2,5,1,#,4}
{6,4,#,1,5,#,2,#,#,#,3}
{6,4,#,1,5,#,3,#,#,2}
{6,4,#,2,5,1,3}
{6,4,#,3,5,1,#,#,#,#,2}
{6,4,#,3,5,2,#,#,#,1}
{6,5,#,1,#,#,2,#,3,#,4}
{6,5,#,1,#,#,2,#,4,3}
{6,5,#,1,#,#,3,2,4}
{6,5,#,1,#,#,4,2,#,#,3}
{6,5,#,1,#,#,4,3,#,2}
{6,5,#,2,#,1,3,#,#,#,4}
{6,5,#,2,#,1,4,#,#,3}
{6,5,#,3,#,1,4,#,2}
{6,5,#,3,#,2,4,1}
{6,5,#,4,#,1,#,#,2,#,3}
{6,5,#,4,#,1,#,#,3,2}
{6,5,#,4,#,2,#,1,3}
{6,5,#,4,#,3,#,1,#,#,2}
{6,5,#,4,#,3,#,2,#,1}
{-77,24,-48,-74,43,-27,-14,84,6,51,36,-90,-18,-84,-6,93,83,95,-94,75,-19,-98,15,-54,72,78,2,-56,#,12,-47,#,28,#,#,58,13,-31,-39,33,#,#,-96,#,29,-95,-53,#,#,-50,#,54,99,8,#,#,#,-45,42,-46,#,#,#,59,66,-93,-11,-62,-9,79,57,-34,64,#,#,#,-72,#,-40,90,#,-49,#,35,-38,44,-12,#,#,#,#,#,#,#,#,#,#,#,22,#,-63,-32,-100,#,-89,-8,27,19,34,81,45,#,92,-21,#,61,50,#,-43,#,-15,#,#,#,#,#,#,-67,53,-41,#,-3,-85,91,26,-16,#,#,#,49,#,87,-33,23,-58,#,30,#,#,-10,-86,#,#,47,16,#,-2,#,#,#,#,#,#,#,#,#,#,#,#,#,#,-66,-68,#,17,82,#,#,#,#,#,#,#,#,#,-81,37,38,-36,-24,18,#,65,94,-51,63,#,-78,77,-4,60,1,#,#,#,-22,#,32,-60,#,21,80,52,#,-57,-28,11,#,#,89,41,-87,#,25,-75,48,-35,-61,-13,#,71,85,-29,#,#,10,#,#,#,#,-91,3,#,9,#,#,#,#,#,0,-7,67,#,#,#,7,-82,-55,#,56,73,#,#,-70,4,-71,98,55,#,#,#,5,40,#,#,#,#,-97,#,#,-26,-92,68,#,#,86,#,-80,#,-88,#,69,#,#,#,-5,31,#,#,-42,#,#,#,#,#,#,#,#,#,-64,#,-76,62,39,-17,#,#,-23,-44,#,#,#,#,97,#,-83,-59,#,#,#,46,-79,#,-99,#,#,#,-65,#,-30,#,#,#,20,-52,#,-1,#,-69,-25,88,-20,#,#,#,#,#,#,#,#,#,74,96,76,-37,#,#,#,14,#,#,#,#,#,#,#,#,#,#,#,#,-73,70}
{100,-69,-73,-138,-14,51,256,118,-193,231,120,-175,34,135,-59,0,-2,128,143,-131,238,173,201,-18,-153,-160,241,183,-173,165,240,-121,224,-135,-4,#,21,-156,289,171,64,95,-137,223,-37,-12,17,74,-172,-7,18,210,174,62,267,243,145,10,24,-56,-129,#,163,#,248,#,#,-60,228,-84,54,105,291,#,45,157,-93,-198,-163,14,166,97,93,-46,76,-1,30,#,176,192,-36,270,-17,-180,216,194,144,156,-48,110,37,#,59,-102,28,#,221,124,286,65,-119,#,-61,131,#,55,249,-143,#,273,287,#,#,-88,#,1,282,-113,-77,#,-51,-104,90,#,#,81,-90,259,298,195,-192,96,251,20,-28,-21,-101,214,-132,-35,-8,-49,-40,#,#,#,#,158,-38,-178,47,#,191,#,#,12,#,142,#,#,279,-161,#,#,#,-95,-127,295,119,-134,-194,#,57,-141,#,#,84,261,85,-115,#,#,#,#,186,#,#,146,#,#,112,254,8,#,#,#,#,89,277,98,280,#,-149,#,#,-123,180,123,#,#,#,7,-29,212,3,263,-13,-81,#,296,276,#,-189,#,#,#,#,-151,#,-155,175,77,-185,91,-162,-30,121,189,-168,169,-142,#,#,#,#,-100,140,-42,32,#,#,#,#,109,#,-11,168,232,49,-3,-65,108,#,#,#,#,#,178,233,-112,87,#,#,#,41,#,#,#,#,-147,#,-80,#,#,13,-154,-128,-106,127,#,#,#,284,274,#,#,#,88,294,-53,-64,-196,#,#,-23,-199,#,#,#,31,#,-182,#,#,-83,#,#,#,#,-20,35,#,244,-191,-120,141,-54,#,#,293,#,46,-62,-200,52,208,-140,#,-24,-170,-45,-33,-118,#,172,#,#,-82,129,#,#,-107,-16,#,#,#,196,-32,-186,2,#,-79,#,177,269,-139,-158,#,#,-150,-152,134,#,-111,#,103,#,-126,6,#,#,#,#,#,187,70,-116,211,167,-183,#,#,#,#,11,#,227,126,#,#,#,94,#,197,5,#,153,#,-5,257,#,#,#,150,-78,#,#,#,#,-9,-195,#,#,#,#,38,#,154,236,#,#,-99,-63,#,253,#,#,#,#,#,#,#,#,#,#,#,#,#,#,#,#,#,#,226,#,133,198,#,132,#,#,#,40,148,#,-177,#,288,-96,#,71,#,-94,#,255,15,164,#,-91,69,39,#,#,#,#,#,#,#,-74,#,-66,#,#,-179,107,#,209,#,-41,-117,265,#,#,283,44,#,-10,#,26,246,-167,-169,217,159,237,#,#,#,72,#,102,-110,#,#,219,#,#,#,#,33,239,106,#,#,161,#,-133,#,#,-76,-97,-68,79,#,#,#,#,#,#,-136,#,22,#,#,181,260,#,122,-181,-98,#,#,152,-55,116,#,#,-197,#,290,#,-19,139,83,#,67,#,#,#,#,#,235,#,170,#,#,#,#,#,36,#,130,-187,-157,-50,#,#,#,-85,43,264,56,23,-22,78,137,#,#,#,#,#,-58,#,#,#,147,-174,#,82,#,#,-103,#,#,204,#,-188,#,61,#,#,-164,202,#,125,-125,229,#,#,#,-159,#,#,193,-31,-130,#,#,#,#,#,#,252,#,#,#,#,138,25,-57,299,#,#,#,#,#,136,#,#,#,#,#,#,#,#,#,#,#,#,#,#,#,-146,#,247,#,#,#,203,#,#,215,-92,115,-109,#,#,250,-34,#,#,#,151,#,#,#,#,#,#,#,104,272,258,#,266,182,-43,66,48,#,#,-122,#,205,68,#,275,#,-165,#,#,#,#,-6,160,#,#,#,80,#,29,278,#,#,#,#,#,185,#,#,#,#,#,#,#,-70,-89,#,#,#,#,#,60,#,#,#,#,#,99,101,16,#,-44,#,-108,-67,#,#,-15,#,#,#,#,#,53,#,#,#,75,-190,86,4,73,19,#,63,50,245,220,#,-184,#,#,113,#,#,#,206,42,#,#,#,-26,-87,#,#,-86,#,-105,222,199,-145,268,#,#,#,#,#,#,#,162,184,#,155,#,#,#,#,#,#,#,114,#,#,#,#,#,#,#,#,92,#,#,9,271,#,#,#,218,#,#,#,#,-25,-47,190,#,#,#,-148,#,#,#,#,#,#,#,#,27,#,#,#,179,-166,#,#,-75,#,#,242,#,#,#,#,#,#,-144,230,111,#,-27,#,225,149,#,262,#,#,117,200,234,#,#,-124,#,#,#,#,#,213,#,#,#,281,#,188,-72,#,#,#,#,#,#,#,#,#,#,#,#,#,#,#,#,#,#,#,#,#,#,#,#,#,#,#,58,297,#,#,#,#,#,#,#,#,#,#,#,#,285,#,#,207,#,-39,292,-171,-52,#,#,#,#,#,#,-71,-114,-176}
{-283,-1721,1813,2839,61,-1030,2824,185,2616,-1609,1647,-977,-424,2266,2320,-410,1337,1256,422,-964,577,2411,496,1366,-1286,2814,-966,2930,1020,1058,1441,-814,-975,#,#,2325,1832,-1158,-1148,-1779,943,-1069,-542,1201,-678,-1560,1949,#,-1579,#,-1130,2726,-793,-5,-1086,668,-634,1554,291,2483,-209,1459,-1292,#,#,#,2144,2224,2098,-192,729,733,2828,#,#,1121,2074,#,-809,-557,#,#,#,#,-965,197,-1965,#,1907,-1552,2133,#,1844,#,2475,1118,2625,151,2315,97,-572,1048,-1752,-820,522,-1559,2880,-1485,-955,711,1483,2647,-1151,2745,160,#,1531,2348,-8,#,#,#,#,#,1640,#,#,#,#,#,411,#,-1555,#,2810,#,#,1481,#,-1002,#,#,2633,48,347,701,2678,-372,1407,#,#,#,#,#,#,1061,#,-798,-1089,-1009,2542,-762,1901,-1171,1706,242,-258,-1316,1041,2580,#,-870,#,-317,2476,1643,1698,-3,#,2953,243,1520,-675,-709,2538,-1688,1035,658,-1052,-30,-409,-577,2020,465,-1988,-383,-1348,-982,-960,#,#,-1363,-549,#,1513,-1513,#,2060,1421,-937,-1147,2629,#,#,#,#,#,1528,965,2860,-458,845,#,#,1224,#,#,-127,#,-1269,795,427,#,791,-1375,1050,-1035,#,-586,#,-477,2817,-1854,#,#,#,#,-1502,-450,#,#,-1731,317,-1772,-1590,-1538,2209,695,#,1160,209,2473,-663,#,2032,2261,1962,#,#,#,#,908,-1303,1888,-833,-1203,2435,-666,423,1959,-1755,-362,2496,-1137,-120,-485,2576,989,2679,-1614,945,-10,1619,2485,256,-972,#,2165,-726,865,#,553,#,#,1825,2177,-1534,#,#,-811,1090,2868,-1351,#,#,#,2852,-1594,-1666,-1474,#,206,471,282,#,#,2689,-1230,-1317,321,2279,1382,-1845,#,#,#,#,#,#,#,#,1307,#,#,#,315,-1120,-920,-1356,2488,847,#,-59,-1104,-790,-1633,-835,#,#,#,#,1447,2935,#,2687,2621,#,-521,#,-1105,1746,#,2719,-539,1563,#,557,#,-49,#,#,-1754,247,#,-1927,992,-911,#,#,#,#,#,#,#,#,1692,254,2920,#,-396,2701,#,#,-1540,1569,1667,1333,-333,-555,2202,2362,2056,-730,-1676,2176,#,1574,-1016,154,-35,2892,#,648,#,#,#,#,2001,153,114,1833,2482,2885,565,-950,#,1075,2474,-1515,2016,#,-1116,-1218,529,#,-321,363,-306,1202,2059,801,#,2366,255,-159,1711,#,2520,-1354,-1570,917,442,1742,#,#,#,1932,#,#,1429,2308,#,146,#,#,1573,1410,1807,1129,#,1189,#,#,2951,#,780,-385,#,41,#,#,2493,#,-1421,#,#,#,#,#,-1349,673,#,2136,#,-1729,#,-1015,1963,1578,#,1702,-23,#,#,2722,#,#,#,1391,-676,#,2070,279,1765,-1144,-1166,-1819,1436,-1934,-1484,326,#,#,#,1875,-1696,-217,1163,#,-94,#,1486,1928,#,-324,#,#,#,1412,2938,-750,-1220,#,2272,#,#,#,1082,-1829,2300,1326,2204,-1759,-1828,-1005,1260,-145,-162,-1234,1315,-1176,1084,1694,-580,1768,#,#,1328,1435,1161,-1801,2821,2677,916,-1128,-1357,1726,#,#,1490,#,691,652,2741,1389,#,#,#,1398,#,-332,#,#,-32,1068,#,-202,-1020,2891,2457,-405,#,#,1130,1773,1493,2736,-1853,2666,2511,#,1930,2972,#,#,#,#,838,#,2754,2198,-1102,2743,370,-176,#,2167,644,#,1488,2975,#,1827,1956,2379,-1022,#,#,-359,-742,#,#,618,-1000,-551,#,#,2984,807,#,#,261,#,#,30,1002,2407,744,-246,902,#,1401,1348,#,#,#,#,#,#,1291,-1238,#,#,#,#,-1092,-1478,#,#,#,#,2811,#,#,#,-260,-1447,#,#,#,#,-1602,#,1623,#,#,1104,-1899,#,#,#,#,#,#,#,301,#,121,#,-1249,#,#,-1737,#,#,#,#,#,1409,-190,#,2704,1652,#,#,#,#,#,446,-1117,-509,2227,#,#,#,#,#,-1174,#,387,-1323,#,#,#,1383,-1501,#,-840,#,#,-1844,#,#,#,2265,942,1174,-128,402,-1840,-1079,#,#,#,104,-1674,-207,#,#,244,1124,#,#,#,#,#,#,#,-472,-63,-1167,-1660,952,#,2414,92,-1621,1802,854,191,#,2771,-339,1251,251,1433,-274,#,-808,2067,-1529,2041,2200,-828,-906,#,#,#,2353,#,-235,#,#,1289,1463,#,-58,-1077,1194,#,-804,125,-978,17,#,#,#,1280,#,#,2948,#,-72,2877,#,2363,-1630,#,-795,400,-644,-188,-91,-251,-1811,#,#,1806,2247,218,1525,-1856,-1418,351,214,1748,-1027,-492,1764,2865,#,1427,582,#,#,#,#,#,-48,2697,#,-334,#,-1973,#,-264,#,#,-1209,-1868,-134,#,#,265,-1285,#,#,2342,1107,2206,#,#,-1823,2909,-993,-347,1501,709,#,123,-1940,#,#,#,#,-698,#,#,#,#,#,#,#,#,#,-1477,#,#,#,1512,#,#,-1463,#,#,#,881,#,-1797,#,#,2545,#,-1103,#,1988,#,#,#,-1406,2729,#,#,#,-1450,1778,#,#,#,2242,-908,63,2509,-270,#,#,#,-1438,#,2079,#,#,#,#,#,#,#,#,#,#,#,#,#,#,#,#,#,#,#,#,-1957,#,2304,2234,1731,783,2521,1543,-1979,616,#,1997,1892,-1397,-1224,-1140,#,#,-1223,#,#,2968,832,2600,#,2619,-116,-1800,2048,2464,1162,#,-1006,177,#,2409,-874,2573,-309,228,-1473,993,2180,1088,512,-1898,-944,-1332,-1391,2495,2524,#,-1795,#,#,#,-1698,2284,#,-788,1564,-941,876,2974,#,578,-1619,#,#,-1970,#,#,-526,1908,#,#,#,2413,#,-740,#,#,#,#,#,#,-1642,#,2513,#,#,#,439,#,#,#,-1453,#,#,#,-1843,#,-844,#,#,#,#,656,2728,#,#,#,#,-1686,2415,#,1193,#,#,928,26,#,#,-1605,#,2598,-1551,#,-751,#,365,#,-723,#,#,#,-203,#,#,#,#,#,1468,2717,385,-34,#,-873,-1663,#,2775,#,#,#,#,1620,-1992,#,-1687,#,-1049,#,#,#,#,#,33,-1446,-871,#,#,#,#,#,#,#,#,#,-1863,1686,-239,#,#,#,#,#,-131,#,#,#,2651,#,#,2553,#,#,1269,#,#,2789,#,#,#,#,#,-1497,1140,#,2593,180,#,2518,#,#,1965,#,#,#,1196,#,#,#,#,-247,-20,2219,#,#,#,1641,-1177,#,#,447,-1761,2375,2425,#,2249,#,2078,-1577,#,#,-1195,#,1675,2917,1103,#,-51,-1595,933,#,-1253,#,861,#,-310,#,-389,#,#,#,#,#,-894,#,#,-1872,-272,#,-649,#,#,#,#,#,#,1668,#,726,-507,2324,-517,#,2029,#,#,#,#,#,#,#,#,-175,2991,2735,2492,-736,-528,-807,1156,1418,1115,#,#,-1159,#,2832,-830,-538,-1547,#,2797,-294,-925,330,#,2857,#,#,#,1489,1745,#,-562,525,#,#,#,532,-1873,#,2368,#,#,2780,1455,-1837,1912,#,-1580,#,#,#,-1021,#,-1815,#,#,95,#,#,#,1636,1093,#,#,#,409,#,#,#,1252,#,1223,1231,898,2867,#,1878,-1071,#,58,#,#,#,#,#,#,#,#,-1008,721,-358,526,#,#,#,#,#,#,#,#,2623,#,#,2849,1801,#,2929,#,#,-377,#,#,#,#,#,#,#,#,#,#,#,#,#,#,1099,348,#,#,#,2271,175,#,#,-1053,#,-1060,#,#,#,#,#,-54,#,#,#,#,#,#,1470,#,2591,#,#,#,#,1506,#,#,#,#,155,2281,#,679,973,-1490,501,825,2748,#,-752,#,2958,1212,#,2115,253,#,-779,#,#,-495,#,#,#,#,#,2065,-1915,#,#,#,#,#,#,#,-1216,#,#,-707,#,#,#,-473,-1374,#,#,#,#,1460,2139,2244,-1353,-725,#,#,-945,-37,#,1190,#,-939,#,#,1683,#,-257,-277,2007,1443,-771,#,2294,-425,1076,811,1112,-857,#,-1708,#,#,936,2335,-1202,1448,-414,2346,#,#,2312,#,#,#,#,#,2543,-922,429,#,#,-292,1151,-1082,#,#,#,#,#,619,2550,#,267,#,#,2554,#,#,#,#,1081,#,-1990,#,#,#,2128,#,2954,#,-1542,2220,1247,#,#,#,#,2472,#,#,1191,#,#,-1678,1865,-713,#,#,2064,#,#,#,2547,#,#,#,#,#,#,-588,#,821,#,2097,#,#,-1949,#,#,#,#,#,#,#,#,2396,-903,#,#,#,#,#,-708,27,#,#,#,#,#,#,-1156,#,-265,-376,#,#,#,#,890,#,#,#,1454,#,#,#,#,#,#,#,#,-275,#,#,546,-1583,#,#,#,#,1987,#,#,#,-1186,1669,#,#,#,2584,#,2705,#,#,-1981,-1407,556,-930,2673,#,#,#,#,#,-267,#,#,1927,2086,1381,#,2003,#,#,#,-606,1208,1336,#,-1953,#,#,#,#,1526,#,#,-99,#,#,1570,603,-1193,-1817,#,-1208,#,#,#,#,#,1332,#,#,#,#,#,#,1011,#,#,#,#,#,#,#,#,1590,#,#,#,#,#,560,#,#,#,#,2822,646,-1597,#,531,#,#,#,-348,#,#,#,#,#,#,8,#,-604,#,#,#,#,#,#,#,#,#,-600,#,#,#,-1362,#,#,#,#,#,#,#,-1073,#,#,#,624,2270,#,2263,-1,#,#,#,509,1789,#,2671,-1334,#,#,1780,130,#,#,#,#,274,-1565,-1596,2005,#,2026,#,#,#,#,#,-1206,#,#,#,2443,#,#,-973,#,1514,1787,1822,1626,#,#,975,1368,-1131,#,#,#,#,-913,#,#,#,#,1262,#,#,#,#,#,#,#,#,2322,#,#,#,#,2000,#,-1901,#,#,#,#,#,#,#,#,#,#,#,#,#,2979,#,#,#,#,#,1230,#,#,#,#,#,#,#,#,#,#,#,#,#,-1572,-1742,#,#,#,#,#,227,#,#,#,-1906,#,#,-958,1991,#,958,#,779,#,#,-1471,-595,#,#,#,1941,#,#,#,#,#,#,#,#,#,#,#,#,1313,#,#,#,#,#,#,#,#,#,179,#,-1937,-1966,-1172,#,1551,#,#,#,#,629,#,2883,#,1234,-523,491,#,-1175,#,#,-1063,#,-969,#,#,#,#,#,-1301}
{-999,-998,#,-997,#,-996,#,-995,#,-994,#,-993,#,-992,#,-991,#,-990,#,-989,#,-988,#,-987,#,-986,#,-985,#,-984,#,-983,#,-982,#,-981,#,-980,#,-979,#,-978,#,-977,#,-976,#,-975,#,-974,#,-973,#,-972,#,-971,#,-970,#,-969,#,-968,#,-967,#,-966,#,-965,#,-964,#,-963,#,-962,#,-961,#,-960,#,-959,#,-958,#,-957,#,-956,#,-955,#,-954,#,-953,#,-952,#,-951,#,-950,#,-949,#,-948,#,-947,#,-946,#,-945,#,-944,#,-943,#,-942,#,-941,#,-940,#,-939,#,-938,#,-937,#,-936,#,-935,#,-934,#,-933,#,-932,#,-931,#,-930,#,-929,#,-928,#,-927,#,-926,#,-925,#,-924,#,-923,#,-922,#,-921,#,-920,#,-919,#,-918,#,-917,#,-916,#,-915,#,-914,#,-913,#,-912,#,-911,#,-910,#,-909,#,-908,#,-907,#,-906,#,-905,#,-904,#,-903,#,-902,#,-901,#,-900,#,-899,#,-898,#,-897,#,-896,#,-895,#,-894,#,-893,#,-892,#,-891,#,-890,#,-889,#,-888,#,-887,#,-886,#,-885,#,-884,#,-883,#,-882,#,-881,#,-880,#,-879,#,-878,#,-877,#,-876,#,-875,#,-874,#,-873,#,-872,#,-871,#,-870,#,-869,#,-868,#,-867,#,-866,#,-865,#,-864,#,-863,#,-862,#,-861,#,-860,#,-859,#,-858,#,-857,#,-856,#,-855,#,-854,#,-853,#,-852,#,-851,#,-850,#,-849,#,-848,#,-847,#,-846,#,-845,#,-844,#,-843,#,-842,#,-841,#,-840,#,-839,#,-838,#,-837,#,-836,#,-835,#,-834,#,-833,#,-832,#,-831,#,-830,#,-829,#,-828,#,-827,#,-826,#,-825,#,-824,#,-823,#,-822,#,-821,#,-820,#,-819,#,-818,#,-817,#,-816,#,-815,#,-814,#,-813,#,-812,#,-811,#,-810,#,-809,#,-808,#,-807,#,-806,#,-805,#,-804,#,-803,#,-802,#,-801,#,-800,#,-799,#,-798,#,-797,#,-796,#,-795,#,-794,#,-793,#,-792,#,-791,#,-790,#,-789,#,-788,#,-787,#,-786,#,-785,#,-784,#,-783,#,-782,#,-781,#,-780,#,-779,#,-778,#,-777,#,-776,#,-775,#,-774,#,-773,#,-772,#,-771,#,-770,#,-769,#,-768,#,-767,#,-766,#,-765,#,-764,#,-763,#,-762,#,-761,#,-760,#,-759,#,-758,#,-757,#,-756,#,-755,#,-754,#,-753,#,-752,#,-751,#,-750,#,-749,#,-748,#,-747,#,-746,#,-745,#,-744,#,-743,#,-742,#,-741,#,-740,#,-739,#,-738,#,-737,#,-736,#,-735,#,-734,#,-733,#,-732,#,-731,#,-730,#,-729,#,-728,#,-727,#,-726,#,-725,#,-724,#,-723,#,-722,#,-721,#,-720,#,-719,#,-718,#,-717,#,-716,#,-715,#,-714,#,-713,#,-712,#,-711,#,-710,#,-709,#,-708,#,-707,#,-706,#,-705,#,-704,#,-703,#,-702,#,-701,#,-700,#,-699,#,-698,#,-697,#,-696,#,-695,#,-694,#,-693,#,-692,#,-691,#,-690,#,-689,#,-688,#,-687,#,-686,#,-685,#,-684,#,-683,#,-682,#,-681,#,-680,#,-679,#,-678,#,-677,#,-676,#,-675,#,-674,#,-673,#,-672,#,-671,#,-670,#,-669,#,-668,#,-667,#,-666,#,-665,#,-664,#,-663,#,-662,#,-661,#,-660,#,-659,#,-658,#,-657,#,-656,#,-655,#,-654,#,-653,#,-652,#,-651,#,-650,#,-649,#,-648,#,-647,#,-646,#,-645,#,-644,#,-643,#,-642,#,-641,#,-640,#,-639,#,-638,#,-637,#,-636,#,-635,#,-634,#,-633,#,-632,#,-631,#,-630,#,-629,#,-628,#,-627,#,-626,#,-625,#,-624,#,-623,#,-622,#,-621,#,-620,#,-619,#,-618,#,-617,#,-616,#,-615,#,-614,#,-613,#,-612,#,-611,#,-610,#,-609,#,-608,#,-607,#,-606,#,-605,#,-604,#,-603,#,-602,#,-601,#,-600,#,-599,#,-598,#,-597,#,-596,#,-595,#,-594,#,-593,#,-592,#,-591,#,-590,#,-589,#,-588,#,-587,#,-586,#,-585,#,-584,#,-583,#,-582,#,-581,#,-580,#,-579,#,-578,#,-577,#,-576,#,-575,#,-574,#,-573,#,-572,#,-571,#,-570,#,-569,#,-568,#,-567,#,-566,#,-565,#,-564,#,-563,#,-562,#,-561,#,-560,#,-559,#,-558,#,-557,#,-556,#,-555,#,-554,#,-553,#,-552,#,-551,#,-550,#,-549,#,-548,#,-547,#,-546,#,-545,#,-544,#,-543,#,-542,#,-541,#,-540,#,-539,#,-538,#,-537,#,-536,#,-535,#,-534,#,-533,#,-532,#,-531,#,-530,#,-529,#,-528,#,-527,#,-526,#,-525,#,-524,#,-523,#,-522,#,-521,#,-520,#,-519,#,-518,#,-517,#,-516,#,-515,#,-514,#,-513,#,-512,#,-511,#,-510,#,-509,#,-508,#,-507,#,-506,#,-505,#,-504,#,-503,#,-502,#,-501,#,-500,#,-499,#,-498,#,-497,#,-496,#,-495,#,-494,#,-493,#,-492,#,-491,#,-490,#,-489,#,-488,#,-487,#,-486,#,-485,#,-484,#,-483,#,-482,#,-481,#,-480,#,-479,#,-478,#,-477,#,-476,#,-475,#,-474,#,-473,#,-472,#,-471,#,-470,#,-469,#,-468,#,-467,#,-466,#,-465,#,-464,#,-463,#,-462,#,-461,#,-460,#,-459,#,-458,#,-457,#,-456,#,-455,#,-454,#,-453,#,-452,#,-451,#,-450,#,-449,#,-448,#,-447,#,-446,#,-445,#,-444,#,-443,#,-442,#,-441,#,-440,#,-439,#,-438,#,-437,#,-436,#,-435,#,-434,#,-433,#,-432,#,-431,#,-430,#,-429,#,-428,#,-427,#,-426,#,-425,#,-424,#,-423,#,-422,#,-421,#,-420,#,-419,#,-418,#,-417,#,-416,#,-415,#,-414,#,-413,#,-412,#,-411,#,-410,#,-409,#,-408,#,-407,#,-406,#,-405,#,-404,#,-403,#,-402,#,-401,#,-400,#,-399,#,-398,#,-397,#,-396,#,-395,#,-394,#,-393,#,-392,#,-391,#,-390,#,-389,#,-388,#,-387,#,-386,#,-385,#,-384,#,-383,#,-382,#,-381,#,-380,#,-379,#,-378,#,-377,#,-376,#,-375,#,-374,#,-373,#,-372,#,-371,#,-370,#,-369,#,-368,#,-367,#,-366,#,-365,#,-364,#,-363,#,-362,#,-361,#,-360,#,-359,#,-358,#,-357,#,-356,#,-355,#,-354,#,-353,#,-352,#,-351,#,-350,#,-349,#,-348,#,-347,#,-346,#,-345,#,-344,#,-343,#,-342,#,-341,#,-340,#,-339,#,-338,#,-337,#,-336,#,-335,#,-334,#,-333,#,-332,#,-331,#,-330,#,-329,#,-328,#,-327,#,-326,#,-325,#,-324,#,-323,#,-322,#,-321,#,-320,#,-319,#,-318,#,-317,#,-316,#,-315,#,-314,#,-313,#,-312,#,-311,#,-310,#,-309,#,-308,#,-307,#,-306,#,-305,#,-304,#,-303,#,-302,#,-301,#,-300,#,-299,#,-298,#,-297,#,-296,#,-295,#,-294,#,-293,#,-292,#,-291,#,-290,#,-289,#,-288,#,-287,#,-286,#,-285,#,-284,#,-283,#,-282,#,-281,#,-280,#,-279,#,-278,#,-277,#,-276,#,-275,#,-274,#,-273,#,-272,#,-271,#,-270,#,-269,#,-268,#,-267,#,-266,#,-265,#,-264,#,-263,#,-262,#,-261,#,-260,#,-259,#,-258,#,-257,#,-256,#,-255,#,-254,#,-253,#,-252,#,-251,#,-250,#,-249,#,-248,#,-247,#,-246,#,-245,#,-244,#,-243,#,-242,#,-241,#,-240,#,-239,#,-238,#,-237,#,-236,#,-235,#,-234,#,-233,#,-232,#,-231,#,-230,#,-229,#,-228,#,-227,#,-226,#,-225,#,-224,#,-223,#,-222,#,-221,#,-220,#,-219,#,-218,#,-217,#,-216,#,-215,#,-214,#,-213,#,-212,#,-211,#,-210,#,-209,#,-208,#,-207,#,-206,#,-205,#,-204,#,-203,#,-202,#,-201,#,-200,#,-199,#,-198,#,-197,#,-196,#,-195,#,-194,#,-193,#,-192,#,-191,#,-190,#,-189,#,-188,#,-187,#,-186,#,-185,#,-184,#,-183,#,-182,#,-181,#,-180,#,-179,#,-178,#,-177,#,-176,#,-175,#,-174,#,-173,#,-172,#,-171,#,-170,#,-169,#,-168,#,-167,#,-166,#,-165,#,-164,#,-163,#,-162,#,-161,#,-160,#,-159,#,-158,#,-157,#,-156,#,-155,#,-154,#,-153,#,-152,#,-151,#,-150,#,-149,#,-148,#,-147,#,-146,#,-145,#,-144,#,-143,#,-142,#,-141,#,-140,#,-139,#,-138,#,-137,#,-136,#,-135,#,-134,#,-133,#,-132,#,-131,#,-130,#,-129,#,-128,#,-127,#,-126,#,-125,#,-124,#,-123,#,-122,#,-121,#,-120,#,-119,#,-118,#,-117,#,-116,#,-115,#,-114,#,-113,#,-112,#,-111,#,-110,#,-109,#,-108,#,-107,#,-106,#,-105,#,-104,#,-103,#,-102,#,-101,#,-100,#,-99,#,-98,#,-97,#,-96,#,-95,#,-94,#,-93,#,-92,#,-91,#,-90,#,-89,#,-88,#,-87,#,-86,#,-85,#,-84,#,-83,#,-82,#,-81,#,-80,#,-79,#,-78,#,-77,#,-76,#,-75,#,-74,#,-73,#,-72,#,-71,#,-70,#,-69,#,-68,#,-67,#,-66,#,-65,#,-64,#,-63,#,-62,#,-61,#,-60,#,-59,#,-58,#,-57,#,-56,#,-55,#,-54,#,-53,#,-52,#,-51,#,-50,#,-49,#,-48,#,-47,#,-46,#,-45,#,-44,#,-43,#,-42,#,-41,#,-40,#,-39,#,-38,#,-37,#,-36,#,-35,#,-34,#,-33,#,-32,#,-31,#,-30,#,-29,#,-28,#,-27,#,-26,#,-25,#,-24,#,-23,#,-22,#,-21,#,-20,#,-19,#,-18,#,-17,#,-16,#,-15,#,-14,#,-13,#,-12,#,-11,#,-10,#,-9,#,-8,#,-7,#,-6,#,-5,#,-4,#,-3,#,-2,#,-1,#,0,#,1,#,2,#,3,#,4,#,5,#,6,#,7,#,8,#,9,#,10,#,11,#,12,#,13,#,14,#,15,#,16,#,17,#,18,#,19,#,20,#,21,#,22,#,23,#,24,#,25,#,26,#,27,#,28,#,29,#,30,#,31,#,32,#,33,#,34,#,35,#,36,#,37,#,38,#,39,#,40,#,41,#,42,#,43,#,44,#,45,#,46,#,47,#,48,#,49,#,50,#,51,#,52,#,53,#,54,#,55,#,56,#,57,#,58,#,59,#,60,#,61,#,62,#,63,#,64,#,65,#,66,#,67,#,68,#,69,#,70,#,71,#,72,#,73,#,74,#,75,#,76,#,77,#,78,#,79,#,80,#,81,#,82,#,83,#,84,#,85,#,86,#,87,#,88,#,89,#,90,#,91,#,92,#,93,#,94,#,95,#,96,#,97,#,98,#,99,#,100,#,101,#,102,#,103,#,104,#,105,#,106,#,107,#,108,#,109,#,110,#,111,#,112,#,113,#,114,#,115,#,116,#,117,#,118,#,119,#,120,#,121,#,122,#,123,#,124,#,125,#,126,#,127,#,128,#,129,#,130,#,131,#,132,#,133,#,134,#,135,#,136,#,137,#,138,#,139,#,140,#,141,#,142,#,143,#,144,#,145,#,146,#,147,#,148,#,149,#,150,#,151,#,152,#,153,#,154,#,155,#,156,#,157,#,158,#,159,#,160,#,161,#,162,#,163,#,164,#,165,#,166,#,167,#,168,#,169,#,170,#,171,#,172,#,173,#,174,#,175,#,176,#,177,#,178,#,179,#,180,#,181,#,182,#,183,#,184,#,185,#,186,#,187,#,188,#,189,#,190,#,191,#,192,#,193,#,194,#,195,#,196,#,197,#,198,#,199,#,200,#,201,#,202,#,203,#,204,#,205,#,206,#,207,#,208,#,209,#,210,#,211,#,212,#,213,#,214,#,215,#,216,#,217,#,218,#,219,#,220,#,221,#,222,#,223,#,224,#,225,#,226,#,227,#,228,#,229,#,230,#,231,#,232,#,233,#,234,#,235,#,236,#,237,#,238,#,239,#,240,#,241,#,242,#,243,#,244,#,245,#,246,#,247,#,248,#,249,#,250,#,251,#,252,#,253,#,254,#,255,#,256,#,257,#,258,#,259,#,260,#,261,#,262,#,263,#,264,#,265,#,266,#,267,#,268,#,269,#,270,#,271,#,272,#,273,#,274,#,275,#,276,#,277,#,278,#,279,#,280,#,281,#,282,#,283,#,284,#,285,#,286,#,287,#,288,#,289,#,290,#,291,#,292,#,293,#,294,#,295,#,296,#,297,#,298,#,299,#,300,#,301,#,302,#,303,#,304,#,305,#,306,#,307,#,308,#,309,#,310,#,311,#,312,#,313,#,314,#,315,#,316,#,317,#,318,#,319,#,320,#,321,#,322,#,323,#,324,#,325,#,326,#,327,#,328,#,329,#,330,#,331,#,332,#,333,#,334,#,335,#,336,#,337,#,338,#,339,#,340,#,341,#,342,#,343,#,344,#,345,#,346,#,347,#,348,#,349,#,350,#,351,#,352,#,353,#,354,#,355,#,356,#,357,#,358,#,359,#,360,#,361,#,362,#,363,#,364,#,365,#,366,#,367,#,368,#,369,#,370,#,371,#,372,#,373,#,374,#,375,#,376,#,377,#,378,#,379,#,380,#,381,#,382,#,383,#,384,#,385,#,386,#,387,#,388,#,389,#,390,#,391,#,392,#,393,#,394,#,395,#,396,#,397,#,398,#,399,#,400,#,401,#,402,#,403,#,404,#,405,#,406,#,407,#,408,#,409,#,410,#,411,#,412,#,413,#,414,#,415,#,416,#,417,#,418,#,419,#,420,#,421,#,422,#,423,#,424,#,425,#,426,#,427,#,428,#,429,#,430,#,431,#,432,#,433,#,434,#,435,#,436,#,437,#,438,#,439,#,440,#,441,#,442,#,443,#,444,#,445,#,446,#,447,#,448,#,449,#,450,#,451,#,452,#,453,#,454,#,455,#,456,#,457,#,458,#,459,#,460,#,461,#,462,#,463,#,464,#,465,#,466,#,467,#,468,#,469,#,470,#,471,#,472,#,473,#,474,#,475,#,476,#,477,#,478,#,479,#,480,#,481,#,482,#,483,#,484,#,485,#,486,#,487,#,488,#,489,#,490,#,491,#,492,#,493,#,494,#,495,#,496,#,497,#,498,#,499,#,500,#,501,#,502,#,503,#,504,#,505,#,506,#,507,#,508,#,509,#,510,#,511,#,512,#,513,#,514,#,515,#,516,#,517,#,518,#,519,#,520,#,521,#,522,#,523,#,524,#,525,#,526,#,527,#,528,#,529,#,530,#,531,#,532,#,533,#,534,#,535,#,536,#,537,#,538,#,539,#,540,#,541,#,542,#,543,#,544,#,545,#,546,#,547,#,548,#,549,#,550,#,551,#,552,#,553,#,554,#,555,#,556,#,557,#,558,#,559,#,560,#,561,#,562,#,563,#,564,#,565,#,566,#,567,#,568,#,569,#,570,#,571,#,572,#,573,#,574,#,575,#,576,#,577,#,578,#,579,#,580,#,581,#,582,#,583,#,584,#,585,#,586,#,587,#,588,#,589,#,590,#,591,#,592,#,593,#,594,#,595,#,596,#,597,#,598,#,599,#,600,#,601,#,602,#,603,#,604,#,605,#,606,#,607,#,608,#,609,#,610,#,611,#,612,#,613,#,614,#,615,#,616,#,617,#,618,#,619,#,620,#,621,#,622,#,623,#,624,#,625,#,626,#,627,#,628,#,629,#,630,#,631,#,632,#,633,#,634,#,635,#,636,#,637,#,638,#,639,#,640,#,641,#,642,#,643,#,644,#,645,#,646,#,647,#,648,#,649,#,650,#,651,#,652,#,653,#,654,#,655,#,656,#,657,#,658,#,659,#,660,#,661,#,662,#,663,#,664,#,665,#,666,#,667,#,668,#,669,#,670,#,671,#,672,#,673,#,674,#,675,#,676,#,677,#,678,#,679,#,680,#,681,#,682,#,683,#,684,#,685,#,686,#,687,#,688,#,689,#,690,#,691,#,692,#,693,#,694,#,695,#,696,#,697,#,698,#,699,#,700,#,701,#,702,#,703,#,704,#,705,#,706,#,707,#,708,#,709,#,710,#,711,#,712,#,713,#,714,#,715,#,716,#,717,#,718,#,719,#,720,#,721,#,722,#,723,#,724,#,725,#,726,#,727,#,728,#,729,#,730,#,731,#,732,#,733,#,734,#,735,#,736,#,737,#,738,#,739,#,740,#,741,#,742,#,743,#,744,#,745,#,746,#,747,#,748,#,749,#,750,#,751,#,752,#,753,#,754,#,755,#,756,#,757,#,758,#,759,#,760,#,761,#,762,#,763,#,764,#,765,#,766,#,767,#,768,#,769,#,770,#,771,#,772,#,773,#,774,#,775,#,776,#,777,#,778,#,779,#,780,#,781,#,782,#,783,#,784,#,785,#,786,#,787,#,788,#,789,#,790,#,791,#,792,#,793,#,794,#,795,#,796,#,797,#,798,#,799,#,800,#,801,#,802,#,803,#,804,#,805,#,806,#,807,#,808,#,809,#,810,#,811,#,812,#,813,#,814,#,815,#,816,#,817,#,818,#,819,#,820,#,821,#,822,#,823,#,824,#,825,#,826,#,827,#,828,#,829,#,830,#,831,#,832,#,833,#,834,#,835,#,836,#,837,#,838,#,839,#,840,#,841,#,842,#,843,#,844,#,845,#,846,#,847,#,848,#,849,#,850,#,851,#,852,#,853,#,854,#,855,#,856,#,857,#,858,#,859,#,860,#,861,#,862,#,863,#,864,#,865,#,866,#,867,#,868,#,869,#,870,#,871,#,872,#,873,#,874,#,875,#,876,#,877,#,878,#,879,#,880,#,881,#,882,#,883,#,884,#,885,#,886,#,887,#,888,#,889,#,890,#,891,#,892,#,893,#,894,#,895,#,896,#,897,#,898,#,899,#,900,#,901,#,902,#,903,#,904,#,905,#,906,#,907,#,908,#,909,#,910,#,911,#,912,#,913,#,914,#,915,#,916,#,917,#,918,#,919,#,920,#,921,#,922,#,923,#,924,#,925,#,926,#,927,#,928,#,929,#,930,#,931,#,932,#,933,#,934,#,935,#,936,#,937,#,938,#,939,#,940,#,941,#,942,#,943,#,944,#,945,#,946,#,947,#,948,#,949,#,950,#,951,#,952,#,953,#,954,#,955,#,956,#,957,#,958,#,959,#,960,#,961,#,962,#,963,#,964,#,965,#,966,#,967,#,968,#,969,#,970,#,971,#,972,#,973,#,974,#,975,#,976,#,977,#,978,#,979,#,980,#,981,#,982,#,983,#,984,#,985,#,986,#,987,#,988,#,989,#,990,#,991,#,992,#,993,#,994,#,995,#,996,#,997,#,998,#,999,#,1000,#,1001,#,1002,#,1003,#,1004,#,1005,#,1006,#,1007,#,1008,#,1009,#,1010,#,1011,#,1012,#,1013,#,1014,#,1015,#,1016,#,1017,#,1018,#,1019,#,1020,#,1021,#,1022,#,1023,#,1024,#,1025,#,1026,#,1027,#,1028,#,1029,#,1030,#,1031,#,1032,#,1033,#,1034,#,1035,#,1036,#,1037,#,1038,#,1039,#,1040,#,1041,#,1042,#,1043,#,1044,#,1045,#,1046,#,1047,#,1048,#,1049,#,1050,#,1051,#,1052,#,1053,#,1054,#,1055,#,1056,#,1057,#,1058,#,1059,#,1060,#,1061,#,1062,#,1063,#,1064,#,1065,#,1066,#,1067,#,1068,#,1069,#,1070,#,1071,#,1072,#,1073,#,1074,#,1075,#,1076,#,1077,#,1078,#,1079,#,1080,#,1081,#,1082,#,1083,#,1084,#,1085,#,1086,#,1087,#,1088,#,1089,#,1090,#,1091,#,1092,#,1093,#,1094,#,1095,#,1096,#,1097,#,1098,#,1099,#,1100,#,1101,#,1102,#,1103,#,1104,#,1105,#,1106,#,1107,#,1108,#,1109,#,1110,#,1111,#,1112,#,1113,#,1114,#,1115,#,1116,#,1117,#,1118,#,1119,#,1120,#,1121,#,1122,#,1123,#,1124,#,1125,#,1126,#,1127,#,1128,#,1129,#,1130,#,1131,#,1132,#,1133,#,1134,#,1135,#,1136,#,1137,#,1138,#,1139,#,1140,#,1141,#,1142,#,1143,#,1144,#,1145,#,1146,#,1147,#,1148,#,1149,#,1150,#,1151,#,1152,#,1153,#,1154,#,1155,#,1156,#,1157,#,1158,#,1159,#,1160,#,1161,#,1162,#,1163,#,1164,#,1165,#,1166,#,1167,#,1168,#,1169,#,1170,#,1171,#,1172,#,1173,#,1174,#,1175,#,1176,#,1177,#,1178,#,1179,#,1180,#,1181,#,1182,#,1183,#,1184,#,1185,#,1186,#,1187,#,1188,#,1189,#,1190,#,1191,#,1192,#,1193,#,1194,#,1195,#,1196,#,1197,#,1198,#,1199,#,1200,#,1201,#,1202,#,1203,#,1204,#,1205,#,1206,#,1207,#,1208,#,1209,#,1210,#,1211,#,1212,#,1213,#,1214,#,1215,#,1216,#,1217,#,1218,#,1219,#,1220,#,1221,#,1222,#,1223,#,1224,#,1225,#,1226,#,1227,#,1228,#,1229,#,1230,#,1231,#,1232,#,1233,#,1234,#,1235,#,1236,#,1237,#,1238,#,1239,#,1240,#,1241,#,1242,#,1243,#,1244,#,1245,#,1246,#,1247,#,1248,#,1249,#,1250,#,1251,#,1252,#,1253,#,1254,#,1255,#,1256,#,1257,#,1258,#,1259,#,1260,#,1261,#,1262,#,1263,#,1264,#,1265,#,1266,#,1267,#,1268,#,1269,#,1270,#,1271,#,1272,#,1273,#,1274,#,1275,#,1276,#,1277,#,1278,#,1279,#,1280,#,1281,#,1282,#,1283,#,1284,#,1285,#,1286,#,1287,#,1288,#,1289,#,1290,#,1291,#,1292,#,1293,#,1294,#,1295,#,1296,#,1297,#,1298,#,1299,#,1300,#,1301,#,1302,#,1303,#,1304,#,1305,#,1306,#,1307,#,1308,#,1309,#,1310,#,1311,#,1312,#,1313,#,1314,#,1315,#,1316,#,1317,#,1318,#,1319,#,1320,#,1321,#,1322,#,1323,#,1324,#,1325,#,1326,#,1327,#,1328,#,1329,#,1330,#,1331,#,1332,#,1333,#,1334,#,1335,#,1336,#,1337,#,1338,#,1339,#,1340,#,1341,#,1342,#,1343,#,1344,#,1345,#,1346,#,1347,#,1348,#,1349,#,1350,#,1351,#,1352,#,1353,#,1354,#,1355,#,1356,#,1357,#,1358,#,1359,#,1360,#,1361,#,1362,#,1363,#,1364,#,1365,#,1366,#,1367,#,1368,#,1369,#,1370,#,1371,#,1372,#,1373,#,1374,#,1375,#,1376,#,1377,#,1378,#,1379,#,1380,#,1381,#,1382,#,1383,#,1384,#,1385,#,1386,#,1387,#,1388,#,1389,#,1390,#,1391,#,1392,#,1393,#,1394,#,1395,#,1396,#,1397,#,1398,#,1399,#,1400,#,1401,#,1402,#,1403,#,1404,#,1405,#,1406,#,1407,#,1408,#,1409,#,1410,#,1411,#,1412,#,1413,#,1414,#,1415,#,1416,#,1417,#,1418,#,1419,#,1420,#,1421,#,1422,#,1423,#,1424,#,1425,#,1426,#,1427,#,1428,#,1429,#,1430,#,1431,#,1432,#,1433,#,1434,#,1435,#,1436,#,1437,#,1438,#,1439,#,1440,#,1441,#,1442,#,1443,#,1444,#,1445,#,1446,#,1447,#,1448,#,1449,#,1450,#,1451,#,1452,#,1453,#,1454,#,1455,#,1456,#,1457,#,1458,#,1459,#,1460,#,1461,#,1462,#,1463,#,1464,#,1465,#,1466,#,1467,#,1468,#,1469,#,1470,#,1471,#,1472,#,1473,#,1474,#,1475,#,1476,#,1477,#,1478,#,1479,#,1480,#,1481,#,1482,#,1483,#,1484,#,1485,#,1486,#,1487,#,1488,#,1489,#,1490,#,1491,#,1492,#,1493,#,1494,#,1495,#,1496,#,1497,#,1498,#,1499,#,1500,#,1501,#,1502,#,1503,#,1504,#,1505,#,1506,#,1507,#,1508,#,1509,#,1510,#,1511,#,1512,#,1513,#,1514,#,1515,#,1516,#,1517,#,1518,#,1519,#,1520,#,1521,#,1522,#,1523,#,1524,#,1525,#,1526,#,1527,#,1528,#,1529,#,1530,#,1531,#,1532,#,1533,#,1534,#,1535,#,1536,#,1537,#,1538,#,1539,#,1540,#,1541,#,1542,#,1543,#,1544,#,1545,#,1546,#,1547,#,1548,#,1549,#,1550,#,1551,#,1552,#,1553,#,1554,#,1555,#,1556,#,1557,#,1558,#,1559,#,1560,#,1561,#,1562,#,1563,#,1564,#,1565,#,1566,#,1567,#,1568,#,1569,#,1570,#,1571,#,1572,#,1573,#,1574,#,1575,#,1576,#,1577,#,1578,#,1579,#,1580,#,1581,#,1582,#,1583,#,1584,#,1585,#,1586,#,1587,#,1588,#,1589,#,1590,#,1591,#,1592,#,1593,#,1594,#,1595,#,1596,#,1597,#,1598,#,1599,#,1600,#,1601,#,1602,#,1603,#,1604,#,1605,#,1606,#,1607,#,1608,#,1609,#,1610,#,1611,#,1612,#,1613,#,1614,#,1615,#,1616,#,1617,#,1618,#,1619,#,1620,#,1621,#,1622,#,1623,#,1624,#,1625,#,1626,#,1627,#,1628,#,1629,#,1630,#,1631,#,1632,#,1633,#,1634,#,1635,#,1636,#,1637,#,1638,#,1639,#,1640,#,1641,#,1642,#,1643,#,1644,#,1645,#,1646,#,1647,#,1648,#,1649,#,1650,#,1651,#,1652,#,1653,#,1654,#,1655,#,1656,#,1657,#,1658,#,1659,#,1660,#,1661,#,1662,#,1663,#,1664,#,1665,#,1666,#,1667,#,1668,#,1669,#,1670,#,1671,#,1672,#,1673,#,1674,#,1675,#,1676,#,1677,#,1678,#,1679,#,1680,#,1681,#,1682,#,1683,#,1684,#,1685,#,1686,#,1687,#,1688,#,1689,#,1690,#,1691,#,1692,#,1693,#,1694,#,1695,#,1696,#,1697,#,1698,#,1699,#,1700,#,1701,#,1702,#,1703,#,1704,#,1705,#,1706,#,1707,#,1708,#,1709,#,1710,#,1711,#,1712,#,1713,#,1714,#,1715,#,1716,#,1717,#,1718,#,1719,#,1720,#,1721,#,1722,#,1723,#,1724,#,1725,#,1726,#,1727,#,1728,#,1729,#,1730,#,1731,#,1732,#,1733,#,1734,#,1735,#,1736,#,1737,#,1738,#,1739,#,1740,#,1741,#,1742,#,1743,#,1744,#,1745,#,1746,#,1747,#,1748,#,1749,#,1750,#,1751,#,1752,#,1753,#,1754,#,1755,#,1756,#,1757,#,1758,#,1759,#,1760,#,1761,#,1762,#,1763,#,1764,#,1765,#,1766,#,1767,#,1768,#,1769,#,1770,#,1771,#,1772,#,1773,#,1774,#,1775,#,1776,#,1777,#,1778,#,1779,#,1780,#,1781,#,1782,#,1783,#,1784,#,1785,#,1786,#,1787,#,1788,#,1789,#,1790,#,1791,#,1792,#,1793,#,1794,#,1795,#,1796,#,1797,#,1798,#,1799,#,1800,#,1801,#,1802,#,1803,#,1804,#,1805,#,1806,#,1807,#,1808,#,1809,#,1810,#,1811,#,1812,#,1813,#,1814,#,1815,#,1816,#,1817,#,1818,#,1819,#,1820,#,1821,#,1822,#,1823,#,1824,#,1825,#,1826,#,1827,#,1828,#,1829,#,1830,#,1831,#,1832,#,1833,#,1834,#,1835,#,1836,#,1837,#,1838,#,1839,#,1840,#,1841,#,1842,#,1843,#,1844,#,1845,#,1846,#,1847,#,1848,#,1849,#,1850,#,1851,#,1852,#,1853,#,1854,#,1855,#,1856,#,1857,#,1858,#,1859,#,1860,#,1861,#,1862,#,1863,#,1864,#,1865,#,1866,#,1867,#,1868,#,1869,#,1870,#,1871,#,1872,#,1873,#,1874,#,1875,#,1876,#,1877,#,1878,#,1879,#,1880,#,1881,#,1882,#,1883,#,1884,#,1885,#,1886,#,1887,#,1888,#,1889,#,1890,#,1891,#,1892,#,1893,#,1894,#,1895,#,1896,#,1897,#,1898,#,1899,#,1900,#,1901,#,1902,#,1903,#,1904,#,1905,#,1906,#,1907,#,1908,#,1909,#,1910,#,1911,#,1912,#,1913,#,1914,#,1915,#,1916,#,1917,#,1918,#,1919,#,1920,#,1921,#,1922,#,1923,#,1924,#,1925,#,1926,#,1927,#,1928,#,1929,#,1930,#,1931,#,1932,#,1933,#,1934,#,1935,#,1936,#,1937,#,1938,#,1939,#,1940,#,1941,#,1942,#,1943,#,1944,#,1945,#,1946,#,1947,#,1948,#,1949,#,1950,#,1951,#,1952,#,1953,#,1954,#,1955,#,1956,#,1957,#,1958,#,1959,#,1960,#,1961,#,1962,#,1963,#,1964,#,1965,#,1966,#,1967,#,1968,#,1969,#,1970,#,1971,#,1972,#,1973,#,1974,#,1975,#,1976,#,1977,#,1978,#,1979,#,1980,#,1981,#,1982,#,1983,#,1984,#,1985,#,1986,#,1987,#,1988,#,1989,#,1990,#,1991,#,1992,#,1993,#,1994,#,1995,#,1996,#,1997,#,1998,#,1999,#,2000}