[]
[[1,3]]
[[1,4]]
[[1,5]]
[[1,5]]
[[1,5]]
[[1,4],[5,6]]
[[0,4]]
[[0,4]]
[[0,4]]
[[1,4]]
[[0,5]]
[[0,0],[1,4]]
[[0,5]]
[[0,5]]
[[1,10]]
[[2,4],[5,5]]
[[1,3],[4,7]]
[[0,0],[1,1],[2,6]]
[[0,3],[4,6]]
[[2,7]]
[[0,3],[4,7]]
[[0,0],[1,6]]
[[0,7]]
[[0,0],[1,4],[5,6]]
[[0,6]]
[[1,1],[2,7]]
[[0,0],[2,6]]
[[1,5]]
[[0,3],[4,6]]
[[1,2],[3,3],[4,6]]
[[1,3],[4,6]]
[[2,2],[3,3],[4,4],[5,6]]
[[2,7]]
[[1,3],[4,6]]
[[0,5]]
[[0,0],[1,5]]
[[0,5]]
[[1,4],[5,6]]
[[0,7]]
[[0,0],[1,6]]
[[2,2],[3,4],[5,7]]
[[0,7]]
[[1,5]]
[[0,0],[2,3],[4,7]]
[[4,4],[5,7]]
[[0,0],[1,6]]
[[0,0],[1,1],[3,7]]
[[0,2],[3,3],[4,6]]
[[0,0],[2,2],[3,6]]
[[1,1],[2,7]]
[[0,1],[3,3]]
[[0,6]]
[[0,2],[3,7]]
[[0,5]]
[[2,6]]
[[0,0],[1,4],[5,5]]
[[0,3],[4,6]]
[[1,7]]
[[0,1],[2,5]]
[[0,4]]
[[1,5]]
[[2,5]]
[[1,1],[2,7]]
[[0,5]]
[[0,1],[2,6]]
[[0,3],[5,5]]
[[0,5]]
[[0,1],[2,7]]
[[0,1],[2,2],[5,6]]
[[0,6]]
[[1,7]]
[[0,0],[1,6]]
[[0,0],[1,4]]
[[1,6]]
[[0,1],[2,2],[3,3]]
[[0,1],[2,6]]
[[4,5]]
[[0,6]]
[[0,0],[1,1],[2,5]]
[[0,0],[1,1],[3,7]]
[[2,5]]
[[1,6]]
[[0,6]]
[[0,6]]
[[0,0],[1,1],[2,2],[3,7]]
[[1,6]]
[[0,0],[1,1],[2,2],[3,3],[4,6]]
[[0,0],[1,1],[2,4]]
[[1,4]]
[[0,1],[2,4]]
[[0,6]]
[[0,2],[3,3],[4,4],[5,6]]
[[1,4],[5,7]]
[[0,1],[2,2],[3,6]]
[[0,6]]
[[0,0],[2,2],[3,4],[5,6]]
[[0,7]]
[[0,2],[4,5]]
[[1,6]]
[[0,1],[2,7]]
[[0,6]]
[[0,0],[3,6]]
[[1,4],[5,6]]
[[0,2],[3,4],[5,7]]
[[0,0],[2,2],[3,7]]
[[0,7]]
[[0,2],[3,5]]
[[0,5]]
[[0,0],[1,7]]
[[0,1],[5,6]]
[[0,3],[4,7]]
[[3,4],[5,5]]
[[1,3],[4,6]]
[[2,2],[3,4],[5,7]]
[[0,0],[1,1],[3,3]]
[[0,13]]
[[2,3],[6,11]]
[[1,1],[4,12]]
[[5,13]]
[[0,5],[6,11]]
[[2,3],[5,8]]
[[0,0],[1,5],[6,12]]
[[0,8],[9,13]]
[[4,12]]
[[2,2],[3,11]]
[[0,0],[1,2],[3,5],[6,13]]
[[0,0],[1,8],[9,13]]
[[1,10]]
[[0,0],[1,1],[2,7],[8,8],[9,13]]
[[0,1],[2,12]]
[[1,7],[8,8]]
[[5,12]]
[[0,7],[8,12]]
[[0,12]]
[[1,2],[3,8]]
[[2,13]]
[[0,4],[5,12]]
[[1,3],[4,8]]
[[1,13]]
[[0,10]]
[[0,4],[5,7],[8,8]]
[[2,10]]
[[1,13]]
[[0,4],[5,13]]
[[2,6]]
[[5,9],[15,19],[20,24],[28,38],[39,49],[54,69],[70,79],[80,84],[90,112],[114,120],[126,129],[131,138],[139,142],[144,145],[151,153],[155,168],[169,170],[173,178],[182,190],[192,197],[201,212],[221,239],[259,265],[267,272],[275,280],[297,306],[307,328],[333,347],[356,358],[362,367],[368,369],[371,375],[376,383],[386,391],[394,403],[409,421],[432,443],[452,452],[458,464],[465,467],[475,480],[481,488]]
[[4,11],[17,21],[30,35],[36,37],[38,51],[56,60],[69,93],[96,101],[103,112],[113,115],[121,127],[133,133],[142,160],[163,171],[175,177],[189,202],[204,207],[208,212],[228,228],[230,251],[255,278],[284,290],[291,293],[298,307],[323,330],[340,343],[345,363],[372,373],[384,396],[407,418],[428,450],[455,459],[479,489],[499,506]]
[[5,14],[27,37],[39,45],[51,62],[70,73],[78,89],[91,93],[95,123],[124,127],[136,140],[166,174],[178,190],[191,206],[214,221],[224,228],[229,234],[237,260],[277,288],[289,295],[308,317],[318,325],[326,330],[334,348],[351,371],[384,389],[400,407],[412,427],[429,466],[472,479],[481,502]]
[[10,14],[16,17],[25,32],[42,42],[45,59],[61,62],[66,82],[95,106],[112,124],[127,138],[148,148],[152,154],[156,158],[160,164],[167,169],[170,177],[178,185],[186,194],[195,197],[200,207],[208,217],[229,235],[236,248],[250,252],[262,268],[277,287],[300,319],[332,357],[360,362],[367,372],[375,380],[385,396],[401,407],[421,433],[442,454],[457,468],[478,494]]
[[0,7],[14,21],[23,35],[39,51],[52,63],[64,69],[75,84],[86,88],[108,148],[150,152],[155,167],[182,185],[192,197],[209,216],[220,254],[255,262],[270,270],[275,287],[289,300],[301,306],[315,316],[323,329],[345,348],[354,356],[359,361],[375,379],[381,400],[406,406],[414,437],[440,448],[449,451],[457,458],[461,492],[494,495],[499,502]]
[[2,7],[15,22],[25,28],[30,37],[41,49],[51,61],[64,64],[72,81],[83,90],[94,100],[106,133],[137,161],[166,200],[203,208],[210,224],[227,237],[239,243],[245,251],[253,268],[269,269],[270,274],[287,289],[296,300],[303,311],[312,317],[328,336],[345,348],[357,361],[364,368],[370,373],[382,391],[394,401],[406,410],[419,440],[442,446],[448,461],[470,485],[496,500]]
[[1,7],[8,8],[21,54],[58,67],[68,76],[84,98],[114,115],[119,126],[133,146],[148,162],[165,165],[173,174],[176,176],[190,191],[193,215],[219,219],[226,231],[239,242],[243,243],[244,264],[266,270],[271,290],[295,308],[316,320],[322,322],[325,333],[342,353],[357,359],[366,392],[396,402],[409,409],[411,424],[442,442],[445,456],[467,476],[481,484],[490,506]]
[[0,11],[13,14],[23,30],[34,34],[38,43],[46,58],[59,60],[62,67],[88,93],[97,118],[119,137],[143,143],[151,151],[163,173],[175,182],[201,226],[235,243],[247,258],[269,293],[294,301],[303,320],[327,328],[332,352],[359,368],[373,381],[382,385],[390,394],[399,408],[410,413],[417,438],[441,448],[452,457],[463,468],[470,475],[484,492],[494,500]]
[[3,7],[14,26],[29,32],[34,43],[45,49],[52,62],[63,81],[85,94],[96,115],[122,133],[140,141],[143,144],[148,148],[149,159],[168,174],[175,178],[181,185],[186,190],[217,217],[220,238],[239,246],[250,257],[258,265],[267,267],[268,279],[282,299],[310,320],[327,330],[333,336],[339,354],[355,370],[372,390],[399,401],[410,435],[436,440],[441,446],[447,453],[455,455],[466,490],[495,504]]
[[16,16],[19,24],[27,46],[48,51],[63,68],[69,74],[77,81],[90,93],[101,107],[109,114],[120,127],[128,128],[135,149],[165,171],[179,194],[202,214],[223,237],[239,248],[253,254],[256,256],[259,270],[276,282],[287,320],[324,332],[333,334],[337,344],[347,351],[356,357],[365,366],[385,390],[392,406],[409,413],[425,427],[432,436],[437,447],[450,451],[455,474],[478,486],[489,492]]
[[0,30],[47,65],[69,72],[79,81],[83,222],[223,234],[238,281],[287,296],[301,318],[321,386],[410,439],[442,478],[479,489],[492,509]]
[[2,49],[57,85],[93,109],[111,136],[145,198],[200,346],[353,381],[387,398],[400,497]]
[[0,0],[2,6],[8,36],[39,39],[44,121],[131,176],[182,234],[237,307],[310,316],[318,385],[395,395],[401,430],[433,457],[459,485],[493,493],[495,514]]
[[3,39],[53,62],[63,66],[73,80],[82,120],[121,124],[133,140],[144,206],[209,234],[235,367],[370,373],[381,386],[410,429],[432,468],[472,473],[478,504]]
[[4,4],[9,68],[72,101],[105,107],[112,160],[176,212],[216,227],[231,246],[248,272],[286,319],[320,385],[399,491],[492,503]]
[[1,40],[41,59],[79,110],[125,294],[298,299],[303,305],[307,350],[353,383],[389,408],[412,497],[498,506]]
[[6,27],[33,104],[107,111],[115,148],[156,164],[166,305],[309,337],[339,403],[406,427],[429,442],[475,486],[488,518]]
[[3,25],[35,121],[123,146],[147,153],[155,156],[170,188],[191,257],[258,331],[334,369],[375,380],[384,425],[429,448],[456,473],[492,513]]
[[6,88],[94,121],[123,130],[132,172],[173,209],[211,257],[259,259],[260,276],[286,305],[308,357],[360,373],[384,402],[411,511]]
[[7,34],[35,52],[58,118],[121,141],[144,146],[147,213],[217,243],[247,247],[253,298],[301,312],[320,323],[327,354],[356,359],[364,394],[395,402],[416,428],[429,442],[447,510]]
[[10,2990]]
[[0,103]]