621
1996
1884
1476
2399
2425
1570
3765
2307
1651
709
952
3536
301
277
1074
451
2055
3412
2082
313
2718
2527
1695
2964
256
977
190
3045
2541
3490
1816
916
1056
2717
2453
3818
2772
3403
1501
1946
2518
3541
3809
2284
3191
3
1947
3429
634
297
2121
417
2168
2182
3554
2663
293
504
487
1125
1572
1550
3009
1632
362
469
3055
1001
1684
3583
3665
3675
1633
2517
1845
2191
2199
2899
3127
2666
623
3037
1179
2796
1273
1696
3593
3425
334
1798
778
2448
563
766
963
815
3845
2884
3837
984
716
2246
1683
3816
1882
2807
1060
223
2273
429
620
1751
1734
1392
1518
258
92
455
3259
112
1356
823
3228
1018
341
12
168
3130
3690
799
1483
164
1147
3146
2413
331
7
3570
1678
991
1052
1755
1228
556
2783
614
2821
3468
808
3672
2135
1421
2941
1783
2525
3947
3821
320
222
3339
2233
2848
897
1584
3472
1512
354
3717
192
981
3992
3893
390
850
1862
1662
1957
2450
2555
3250
2302
798
1025
3262
1490
2917
2954
3671
3883
1212
3703
3591
1297
1565
2533
1141
1527
2431
459
3218
3618
1256
1311
3766
3063
3498
2185
3812
282
2916
779
983
3282
2361
3590
1916
1337
1889
1846
101
3336
3220
1313
2131
1294
472
2405
1398
137
3015
130
1411
183
2160
1182
2708
3085
3396
2597
3166
324
529
1544
399
649
2269
2803
3763
1364
3869
1216
2047
3815
2912
1675
2751
1058
974
2149
2908
235
2874
690
1092
3296
2589
918
732
2278
321
1308
268
730
501
2553
1484
2673
2237
1026
1388
1151
3857
1830
2590
2178
1077
2575
3960
2953
3417
2407
2986
3105
44
2612
2967
3854
372
3987
1580
3308
2430
1133
1082
1903
2811
1865
3217
1080
3880
3185
3470
1480
2375
188
298
704
846
3497
252
3129
754
3635
2264
3198
3509
263
2042
3613
3884
3909
770
3200
1659
1348
873
1357
2465
1227
3243
3881
2119
2499
2334
3040
1456
253
2572
566
241
1712
904
3225
3385
863
3747
79
2528
2681
3091
819
2539
3229
3192
2733
1786
3246
2969
1894
3998
564
3796
47
311
3311
3950
2452
2069
2749
193
204
2310
2464
89
2654
2976
870
1090
1292
908
217
3494
1723
3679
591
852
491
3676
3810
2322
3287
1982
1520
910
62
2565
2137
567
73
407
1534
1234
1008
2404
3847
380
2676
2170
1581
767
3283
386
2868
2577
3574
3660
3744
3779
91
801
3349
2958
2384
516
1081
3668
3929
2645
3974
3119
395
3915
3588
3831
3180
2974
1478
1826
1642
3264
2714
2087
3353
3782
357
3949
3897
1855
2786
2201
711
3769
2115
1305
186
3953
3079
2710
116
891
1540
1617
1351
470
1519
1252
3367
2483
3224
1327
2200
2359
3800
3774
1270
2595
3513
1406
695
1532
3841
1118
2391
670
3664
2587
1985
431
3525
3833
3193
2671
1692
2155
1174
3210
2025
83
2773
3348
2276
703
212
757
2363
2809
2755
1408
1875
943
3862
2426
492
3759
3430
3263
139
1119
3016
3994
3814
2995
1711
2871
965
474
1836
3163
2454
409
148
596
3357
3804
2491
1900
3300
747
603
1184
3051
3111
871
1404
839
3694
1777
3482
2789
3462
1198
3573
2543
3977
2061
3478
1807
1034
2622
63
762
3099
2614
602
1732
214
1624
1926
1023
805
2030
1931
1531
1511
2314
239
884
612
3436
3317
935
1240
2648
3780
543
427
2840
302
2304
3382
1854
219
3623
2815
3786
2477
2132
3270
2721
244
3894
2021
848
3952
725
284
2849
3905
2092
2147
2831
3923
1653
986
3824
1098
2259
1164
2436
2027
836
679
2992
3534
3644
3302
657
3853
2659
3452
1992
1998
2559
996
1970
3295
3762
2094
2249
273
2046
3454
1961
1249
2933
2318
628
2588
3335
2089
592
3792
3100
440
587
2720
1820
3458
9
2439
2896
2775
1602
2591
2601
2383
507
2743
2921
53
2699
599
1843
1614
1050
3891
519
1062
1096
387
2596
2029
3822
1825
988
646
3376
327
3309
1104
3596
442
3381
415
1439
106
536
3714
2225
398
3405
3912
2326
2222
2812
2213
2949
1605
2975
1202
1941
951
3017
749
712
1953
2441
2664
549
3373
3969
2948
3702
1910
2963
3075
2150
1829
3551
909
1502
2014
393
3025
51
135
1209
1443
2163
3641
1222
2285
505
2461
1302
1432
3971
166
790
2609
3697
1656
999
3931
2462
786
2048
811
1377
1462
2784
1643
2387
1902
230
2820
3044
1526
3910
2141
1883
3288
577
2761
1173
1335
733
1936
515
285
550
3400
1886
1370
1450
2745
1260
1592
1331
663
1168
1048
1516
2096
3535
1072
3038
3499
2879
2394
866
2418
2823
2287
1691
864
769
2531
1978
3375
3856
2475
477
243
1988
173
1363
1094
3827
1917
714
2973
2267
3933
162
2554
3502
3145
169
6
789
3828
3321
3123
1069
262
250
448
3407
3253
3189
2325
3743
2680
1627
2558
2057
2834
1864
3153
2607
3156
1852
2174
2443
3007
1576
2725
1312
3350
2512
2385
127
2328
208
1029
3705
153
2380
636
1129
456
573
3290
1336
1991
922
1304
1013
652
3413
2611
3187
1022
392
394
1748
1210
2050
3254
1246
2835
1796
669
2217
2734
1043
1218
2366
2888
2660
1347
820
3237
2862
3636
1922
286
1726
583
1955
3226
231
3394
521
422
2988
2808
3422
2102
3002
3459
2726
1466
1059
4
650
510
2704
3713
2349
1197
1163
2158
2998
3190
1582
854
1149
3832
3104
2845
2401
691
2569
546
1860
1541
378
1857
3704
785
3842
3165
19
2459
1513
30
87
2223
2207
3600
3098
481
803
37
936
2942
1586
1964
948
2476
1158
141
195
938
3940
25
1416
917
761
2293
3322
2066
294
318
489
3134
291
2669
3505
28
39
3096
367
3855
859
3093
1473
1423
3196
2088
2797
1578
1921
2501
3756
78
1418
2817
1004
985
814
151
2875
1007
2605
319
1610
1010
2540
3795
2167
3291
1919
3662
3729
3409
1877
1445
107
1267
1042
2216
1379
3360
3539
2271
3341
1365
1797
2677
2297
2904
3819
1322
3932
3978
500
629
758
3863
1979
2932
2765
2256
3885
3829
1861
2513
437
3043
1628
3741
764
3921
911
2205
2744
2602
2327
3048
3219
3404
1671
2283
1044
3655
1702
129
1401
2872
2215
2143
2085
1494
1371
1790
3486
1612
1934
1997
93
3014
1591
3614
2930
3031
1842
2711
3428
1874
2846
3746
2637
1451
2072
701
1441
279
1472
1084
197
3084
824
325
2114
2345
430
1700
2369
1800
3698
3785
1032
1623
236
3071
1399
3916
522
560
2370
3972
2229
2209
1419
2830
466
3195
1959
1361
2959
3491
3132
1554
76
1552
1342
2586
2197
3374
874
3850
1373
443
608
1435
3390
35
737
2378
881
1613
38
2687
2398
1321
56
2495
1415
2890
1205
3767
2794
1833
143
1603
1943
2757
3656
3868
2108
3954
3072
3186
1538
1344
3492
1898
3975
3532
1914
251
2770
1112
2674
1539
136
853
1116
3150
2842
1309
3136
687
3184
1715
568
2802
1191
414
674
1729
445
1704
605
3167
3876
3034
2656
314
3424
1530
3033
2473
616
3948
1850
3749
1475
2320
3223
639
102
3358
594
2902
2996
2934
2593
1031
1768
3080
2719
2270
3039
2120
3370
1644
3888
2306
2101
3066
1873
1815
342
2008
3555
2892
1474
3170
3567
2965
2411
3718
2093
33
3154
3332
1782
2895
1387
2358
3147
234
2023
1939
531
439
2079
681
2503
1794
537
1838
1277
1788
2106
2600
2009
71
3307
1097
2940
2183
1622
1688
1425
3255
1863
2978
333
2722
800
1744
590
2198
2672
1841
1912
300
1951
513
449
366
962
2432
2279
3858
3825
228
3760
514
3057
532
1918
2146
3578
2435
2753
1760
2010
2090
133
1481
3942
329
1553
2713
1509
2169
2486
2961
1588
154
3277
553
3914
776
781
673
3709
1559
2184
3177
903
1400
86
2068
3737
644
2633
994
1239
20
3964
2693
3726
2625
1248
1374
2731
3963
3183
1021
751
495
142
2829
932
1685
3559
165
3501
3835
3687
3020
3538
3643
2576
363
525
1930
3758
3597
2180
346
317
1728
1583
3637
610
746
3106
3204
3463
1057
3049
3621
2972
364
3861
2510
2985
1289
3504
2909
1303
3456
1261
1974
3115
2983
1215
2738
3512
3936
741
1976
3338
1329
3882
1051
2769
413
3292
2374
1317
1832
1230
1131
3387
1055
2638
613
2962
3546
3738
3441
3631
2552
3090
171
109
152
2125
3716
849
3983
3434
1316
3046
3087
1626
2408
990
3236
1562
888
381
1676
896
3074
970
2955
479
2469
105
2836
2218
3175
3917
1989
1596
2771
3580
3985
1479
3305
3899
3625
1638
299
2748
2247
2235
1805
2353
618
726
1233
95
783
326
601
155
1803
1999
1049
3606
1640
3419
1136
1927
1247
1280
1
2423
2827
2856
630
1282
925
3840
2946
3447
2034
3742
2844
1137
480
2511
1087
2226
2507
2762
3354
412
1420
2692
3340
3032
1440
3902
1454
3101
3563
1467
534
3839
3359
2324
1776
2675
1507
3577
3148
2979
3026
3328
541
3678
118
3533
3168
2945
3449
2291
280
1431
812
3677
809
3958
1831
1952
2242
1773
2691
3790
1987
2679
3027
433
907
1448
2081
2367
1430
2360
2818
882
3199
1535
3520
545
478
3344
3647
3732
315
1637
2897
1068
1950
2931
2288
581
3371
1258
2381
502
1447
3304
3239
1631
1238
371
3848
1307
2563
689
3900
411
3757
2750
15
1698
797
3530
2926
942
1053
120
401
3751
3113
1433
403
2017
3826
1012
3843
1383
3053
3274
3461
3247
3895
55
2606
3230
2703
3995
544
2947
1867
3634
955
1075
1470
578
2063
3720
619
1489
261
2545
490
2887
2689
976
3141
124
1334
1038
1904
1891
424
1455
3712
2824
2171
3569
1014
722
1396
2774
2317
3516
2991
1721
97
3951
2162
3585
719
441
1822
1743
1015
2252
3334
2044
3670
1885
2074
2530
2032
1742
2627
2388
2855
2551
3010
2906
3990
3771
3943
3518
3013
2331
826
493
3041
2248
3527
671
3069
3982
1609
1288
2727
3351
1088
3140
1705
713
2792
1300
2636
2098
1159
2428
2502
822
3860
2480
1505
425
178
721
2424
1630
3967
667
1524
1407
2566
831
3001
2005
1948
2583
3560
2980
944
111
1710
825
3683
1558
1405
1354
404
3859
1972
2644
2012
1175
1054
3531
3289
648
3320
589
3060
1208
2319
3493
535
270
1899
715
2003
2148
104
1105
580
638
2286
2470
2051
3324
1290
488
3082
2151
1654
2631
3639
3629
2573
1139
554
3892
3877
2924
856
396
3437
2993
2159
2649
1881
3345
498
1995
205
123
1778
2350
1965
933
2156
2210
2022
232
807
2313
1066
157
2173
3125
3120
2760
1500
724
1664
2234
3999
2800
1784
457
1866
1079
1928
1895
2260
2700
385
511
3212
1709
1195
1636
8
2665
3257
675
3306
3241
3021
3453
3337
3594
1579
388
110
2355
3256
920
906
2190
1293
533
2880
3347
3056
606
3023
1901
3510
794
1386
3938
2739
1771
1073
2220
221
1615
2451
2266
3739
1299
3898
3575
2521
2036
1661
901
971
2918
2903
1492
2301
1266
1716
3755
1323
926
2109
584
397
132
3448
2670
1515
743
3907
1795
642
3781
3727
1070
1495
2853
2344
3928
198
3913
1269
3058
1682
1597
218
170
509
2752
46
1352
1232
1549
3754
3674
1923
571
3333
2706
1113
2756
177
508
2647
946
968
1172
3628
2847
966
858
1980
3179
2568
210
149
1291
3397
2445
2548
406
176
3526
3202
3427
339
1339
3064
2799
1100
2316
1937
99
3318
3561
1251
2268
340
2299
3248
2332
3801
316
506
2791
1220
3973
3669
958
2161
1120
147
266
2024
31
3325
3728
750
1781
3112
1193
3489
1499
1078
3000
3368
740
2839
893
565
3689
88
964
1880
2730
685
2816
3667
2403
1095
821
72
600
3423
13
1667
1853
1382
661
2240
1089
3908
3139
468
1958
633
575
632
1920
2420
3197
65
1142
1848
58
1156
3126
1011
1567
1487
3663
706
1722
2695
2007
660
3627
375
1737
890
3817
692
3379
3612
2505
365
2164
2001
2779
2340
1740
40
756
1085
2615
2504
450
3685
3966
347
215
953
2776
3389
2193
376
640
1847
3484
1548
3215
3874
2343
81
3878
3420
3944
3997
1593
1625
2571
3823
2203
1341
3298
278
1523
3691
1993
3924
3393
3211
436
66
625
3805
359
2547
686
1429
2780
3699
919
475
125
1199
588
2056
2062
2410
2078
2832
3164
742
1933
3768
2877
460
1731
597
2594
1824
3029
2437
3784
579
1620
2781
2142
64
1140
1915
3773
2987
2128
1438
3544
1708
3508
3062
2045
1255
604
2311
2864
3356
2984
3086
1514
2396
1774
2628
3783
2867
2785
2603
810
3708
1813
961
1192
248
360
1154
3446
872
3207
1966
229
2724
3986
1190
3094
2196
187
180
3142
2741
1381
14
2376
2546
609
2038
1533
1295
3896
3260
795
2117
2604
2110
484
1600
937
1355
1677
3160
3465
310
1589
1264
463
1463
1041
1196
3788
3775
1424
2118
1426
2362
1604
3266
159
1652
1471
3114
626
1442
3879
1314
3529
2643
2747
524
2230
3724
3652
3611
1599
3961
1148
2920
2239
2305
1741
3415
1276
1766
2509
2206
2915
2303
2646
3550
2272
3019
1897
3466
792
3107
3979
2357
1819
497
3018
3135
3523
179
1183
2702
1458
777
3395
2805
1645
1166
3834
494
3088
3935
3849
3658
3598
2187
3232
745
1326
2412
818
653
3846
843
2346
3108
3097
1121
1789
2231
3401
2667
3599
1268
2415
2497
705
718
18
2735
3346
982
1814
2723
2300
1693
3571
2624
3003
1619
3981
3443
2323
835
1231
3521
2280
3906
305
1375
3830
914
1359
3875
503
3568
2905
1969
1271
1660
49
32
3477
2347
2043
1907
1346
3838
3706
2194
773
2790
1395
486
582
1503
1027
458
2315
2406
3711
760
1724
3372
1878
1670
2532
967
1132
1738
2936
26
1152
2040
2112
2241
1872
2053
664
2650
2338
10
1940
2015
68
3294
2341
885
1372
2813
1244
3378
2019
3584
3310
1879
1663
720
2097
2616
1436
555
3517
828
1071
1497
548
3487
196
2935
3457
3605
2033
21
1517
1143
2095
1908
1569
207
876
2466
1757
1590
45
41
702
2166
1639
2482
3507
1235
1009
1229
557
1764
3968
3601
3006
2990
934
3592
3582
1869
267
694
2950
2732
1758
755
586
2858
1017
3383
344
1718
3576
2944
3911
1403
1669
2086
1217
3238
3269
370
3608
3364
2804
895
3402
1756
1954
3653
3589
804
2258
3030
3265
3004
2893
1155
145
1003
1892
1849
2389
2364
2778
898
739
1422
1281
2537
3117
2438
3748
1036
3008
1465
1103
924
1427
2070
1189
3866
1986
3343
3011
3488
2434
220
1962
1828
902
1542
1983
3076
2709
729
829
2523
1366
361
11
886
2152
2028
3719
1360
2500
3279
2444
3918
1330
735
2859
993
1759
2073
1150
3996
85
1380
2550
3092
3761
259
2157
382
1725
2433
3558
373
941
2997
1207
1938
1566
2397
869
3432
211
2570
3118
1506
1775
793
1376
2474
2898
3261
883
3451
1482
323
1973
1762
806
1706
1641
734
1791
369
1665
1358
2004
2020
1525
2214
2608
2337
1686
338
3326
3984
2777
182
912
1284
1851
1389
2400
520
1076
696
2298
1650
2083
1187
3235
3431
240
947
3392
2989
2104
1949
954
265
2018
2736
167
2481
748
2688
1913
2176
3285
238
1298
2828
832
2535
131
1508
2335
185
928
122
3624
2684
698
627
2914
697
2585
1391
1536
3070
1571
174
1245
595
1909
834
2968
242
2352
2937
551
1033
1703
3871
1188
1556
1393
989
2564
647
3654
2140
2582
345
156
3572
2814
1655
860
410
787
3214
3548
2365
1701
3414
309
710
3398
249
3474
3925
3750
444
1005
2561
2787
3276
1225
3500
2446
272
1977
3537
2244
3035
3475
2136
3483
1528
2662
3438
1243
2429
1253
2826
972
383
3872
1522
2123
3820
1521
296
1413
1753
3970
1086
900
2683
134
654
1446
1343
2228
1634
271
2642
3380
283
3408
428
1134
1968
1876
2144
1608
3137
1594
3416
1213
2058
1837
126
2059
1350
1994
1844
3661
3545
1315
3686
2245
2251
2145
2766
2857
1787
337
768
1750
2292
915
2308
1106
2336
1345
3315
1648
913
1278
3391
662
1310
1587
1037
3061
875
175
1434
1635
2479
631
2925
1893
1485
2878
978
335
927
2810
3188
119
2122
1153
574
2490
2960
1332
1024
2764
1417
845
1975
3989
1668
3552
3362
2130
2759
2529
1178
57
421
2458
995
1697
2599
2542
3331
2863
2632
96
201
1727
979
1689
1720
2329
2377
1545
23
3616
2290
1110
931
1905
827
322
717
774
3178
3562
3102
3553
3496
2372
1658
1543
1911
2923
2312
3622
34
930
3314
3173
2395
840
3158
2613
861
3808
161
1672
3620
3280
1384
3366
2467
1585
2686
2116
343
3682
295
975
2309
559
622
1453
1144
3927
3787
1810
3617
1839
3922
2221
461
3028
2639
2598
1409
880
59
1067
3813
98
1171
419
728
1201
2139
473
1203
2943
3399
2356
1028
1827
2339
2610
3811
3701
2522
2186
3688
2189
348
3889
940
2076
2127
2204
2417
2698
1858
3603
3460
2861
1736
2478
1157
3065
1835
2929
172
802
3073
1752
374
467
84
3272
2080
3778
841
3410
1146
3965
3245
2105
1162
2250
2255
2822
74
1325
1546
2754
2134
1733
3564
830
1871
2851
1887
1265
3495
1713
2560
2712
2806
128
27
1444
3715
150
3251
2740
2620
3604
665
2006
3722
224
682
562
447
1714
2506
1735
2195
100
833
3710
379
384
1510
3216
3988
561
1167
3169
496
862
216
191
3355
2514
3659
3240
668
1761
2243
2697
3666
2224
1000
2295
3806
146
2111
1221
3707
1219
892
3222
400
1287
1990
2626
3865
1109
3144
50
3301
1117
3481
3128
796
1128
752
3181
1870
2107
2427
36
1279
3450
1214
1799
3444
2165
3440
194
528
1944
206
3208
3955
879
3122
2100
3852
1924
1932
3258
780
539
1102
542
2562
1573
2456
3485
405
2977
2520
2952
3626
3022
3471
1577
3327
2651
3867
3281
3579
257
189
1963
3693
1160
3864
3543
2885
67
617
738
3157
3514
1896
1823
312
624
3799
3556
1362
782
3227
2472
3116
3903
2393
3730
585
3221
2354
651
1971
2882
1674
1555
75
1390
432
353
1402
2519
82
3206
3696
3772
3657
2468
3293
1204
3645
3630
408
1272
683
684
997
3213
1180
3941
2841
3595
1834
3473
2277
2957
2348
308
3176
3365
423
2894
2487
1821
3873
2126
973
2011
1890
1793
2016
2488
1611
94
2133
1942
462
2447
899
3939
454
2289
113
987
60
3519
838
2678
485
1099
3632
2939
1868
2982
2129
426
1945
1211
2282
3976
264
438
3361
3234
2296
2065
1369
2379
842
306
3052
3646
199
2179
2837
3776
3764
547
1306
1687
1138
1177
292
3886
3209
3684
2901
889
2966
434
2544
43
1145
3059
2261
530
3161
1806
3323
2386
3249
3103
2694
1414
3581
512
2041
3231
3083
3956
1477
2928
274
855
2825
1925
2922
708
1006
303
569
2685
245
1719
950
2192
744
3406
3650
1236
1122
2084
3012
1186
5
2907
69
1595
2373
1274
3068
1263
2617
1030
2333
784
2900
2175
2492
1547
3522
3024
2641
1616
1250
2054
3725
3455
2471
1730
1745
2262
2619
2758
3042
1124
1340
3268
3619
700
1286
523
2801
1035
2294
2052
2113
3649
2124
3648
731
2049
2524
16
3633
867
2035
144
1333
3733
3680
753
658
2449
3384
3418
2103
788
1468
2219
2798
3506
2668
2701
2999
328
1563
3479
3638
1108
3745
1091
1464
1981
368
2538
1065
3054
2850
138
483
103
377
676
2640
269
1809
2549
2031
2392
2037
688
276
1039
1301
2843
2652
1324
2236
203
2833
3421
2574
158
3467
2421
1460
945
1020
358
77
355
1397
54
3172
656
1812
17
1123
2951
1564
3542
1285
678
3363
3640
202
1040
3919
2690
2657
254
3152
2002
2013
2463
2579
1802
420
3540
3736
90
2910
3851
2865
389
2202
3794
3469
3244
2382
3131
70
2782
1488
1746
655
1114
576
2763
1561
1045
452
2515
1960
3439
418
2257
200
939
2876
1601
3803
3174
356
3110
2994
538
816
1679
1367
2869
1241
2919
2351
352
3723
3143
2768
877
2618
2516
1275
707
2580
2696
3297
1840
3388
3330
336
1551
3005
3807
108
3278
1194
3426
959
1747
1504
929
3740
1767
2534
2881
2075
1328
465
1449
3273
3602
247
1002
2634
2000
246
1394
332
1935
3411
1699
3138
677
957
3182
3151
851
2581
1749
527
1493
391
3770
837
1801
2592
3734
2508
3557
1170
765
3275
3610
1283
3081
2440
3934
213
3681
281
3352
949
1780
1657
1242
435
22
1984
3700
3937
3930
2460
3442
1765
607
1906
699
1598
2746
2526
3836
1378
3945
3284
1320
2819
1093
255
1428
1262
3036
3233
666
2860
3547
2870
2852
1115
2716
3731
1754
2911
905
878
3171
24
1496
476
1135
2238
3050
2390
3377
3844
2623
3299
2788
923
1498
2067
3342
813
2414
2253
453
1681
3791
1606
1169
1817
2493
775
1618
402
693
3386
771
1461
1318
3205
3789
2172
290
3476
1206
2728
847
772
2913
29
2026
3904
304
471
2227
526
517
3047
3312
2181
2039
992
1629
42
1856
1046
1127
2889
2557
3267
3077
3798
2211
2795
1181
960
3316
289
1226
3480
2099
1529
1101
3991
2498
1200
3124
3752
844
2970
2232
759
3607
2866
887
552
1111
1349
2254
2653
3735
2584
1224
2981
956
3673
260
1646
3303
2682
3445
1574
2705
1257
1338
2938
2330
3920
121
1083
1888
791
2729
1296
637
3271
2489
2077
3203
1763
3464
1770
1690
2321
3993
3149
1929
2767
857
3095
3651
645
1452
1063
1165
1717
3962
2707
1956
1176
3980
2188
643
2342
2064
2496
3067
115
351
3695
998
2275
3870
181
2208
1804
3946
1779
1161
641
1818
3109
1491
3926
2409
52
680
2265
1047
518
1353
723
80
2419
3515
226
2793
2177
2742
1649
2274
2071
1772
3959
1560
1666
894
275
3329
2927
1557
1437
1237
233
2556
3793
817
1016
2416
3890
1126
3121
2281
61
237
1064
865
3549
3753
330
2630
2494
1792
1130
3566
2485
2263
1486
1019
1811
3133
611
1568
3433
3435
1319
1259
3511
3313
3162
558
3155
615
2368
1769
1185
2154
2891
3089
980
1739
2661
48
2737
1410
416
1707
307
464
288
2567
3565
3242
969
2715
921
1647
1967
1575
1469
225
350
1607
3319
163
3642
3252
2060
3887
1107
727
1061
1223
3286
3201
1859
2621
117
2536
349
2635
3159
2
2484
1457
2422
2578
2838
3957
3078
1808
2153
2091
659
3802
3587
3524
572
3369
1621
1673
2402
482
736
763
2873
2658
1694
227
593
2457
3609
2883
160
2629
672
2371
540
209
3692
3503
2455
1537
1785
3797
1412
598
3528
2854
3721
2212
3777
2138
140
1385
2886
868
499
287
1368
2655
1254
3615
446
114
1680
2956
2442
570
3194
1459
2971
3901
635
184
3586