0
0
9
1
4
10
40
15
25
531
2147483647
646487
687
16879
14
7561
131
27661
102660
65
361
6363
10711
821
5206
8245
5167
46954
225
16
576
917
578
7503
56
650
724
1267
86387
758
982
547
794
9175
513
171
11028
7405
95
9768
14772
251
90
511432
1504
86195
1830
969
22325
6456
810
671
9137
5491
52611
9096
11
636
10156
8183
6422
530555
6619
484
3683
84601
3417
13976
6536
75364
61508
58986532
831312745
790767047
1956229411
29128185
62039790
7755571
69348965
18063095
10456968
477881082
462680994
847050248
60351770
14706208
448981725
35562588
1915692719
711364843
1913240480
954143485
49682825
112485727
422105041
1128837646
141331622
1685251126
2204