[]
["a"]
[]
["a b"]
["b b"]
["cat sand dog","cats and dog"]
[]
["aaa aaaa","aaaa aaa"]
["a a a a a a a","a a a a a aa","a a a a aa a","a a a aa a a","a a a aa aa","a a a aaaa","a a aa a a a","a a aa a aa","a a aa aa a","a a aaaa a","a aa a a a a","a aa a a aa","a aa a aa a","a aa aa a a","a aa aa aa","a aa aaaa","a aaaa a a","a aaaa aa","aa a a a a a","aa a a a aa","aa a a aa a","aa a aa a a","aa a aa aa","aa a aaaa","aa aa a a a","aa aa a aa","aa aa aa a","aa aaaa a","aaaa a a a","aaaa a aa","aaaa aa a"]
["a a a a a a a a","a a a a a a aa","a a a a a aa a","a a a a aa a a","a a a a aa aa","a a a a aaaa","a a a aa a a a","a a a aa a aa","a a a aa aa a","a a a aaaa a","a a aa a a a a","a a aa a a aa","a a aa a aa a","a a aa aa a a","a a aa aa aa","a a aa aaaa","a a aaaa a a","a a aaaa aa","a aa a a a a a","a aa a a a aa","a aa a a aa a","a aa a aa a a","a aa a aa aa","a aa a aaaa","a aa aa a a a","a aa aa a aa","a aa aa aa a","a aa aaaa a","a aaaa a a a","a aaaa a aa","a aaaa aa a","aa a a a a a a","aa a a a a aa","aa a a a aa a","aa a a aa a a","aa a a aa aa","aa a a aaaa","aa a aa a a a","aa a aa a aa","aa a aa aa a","aa a aaaa a","aa aa a a a a","aa aa a a aa","aa aa a aa a","aa aa aa a a","aa aa aa aa","aa aa aaaa","aa aaaa a a","aa aaaa aa","aaaa a a a a","aaaa a a aa","aaaa a aa a","aaaa aa a a","aaaa aa aa","aaaa aaaa"]
["aa aa aa aa","aa aa aaaa","aa aaa aaa","aa aaaa aa","aaa aa aaa","aaa aaa aa","aaaa aa aa","aaaa aaaa"]
["apple"]
[]
["apple pie"]
["app le pie","apple pie"]
["a bcde fg","abcde fg"]
[]
["aggegbnngohbgga lojckbdfj akgnn jadhganf dkefeddjdnab mflabckflflja fdlmmbhij o jiaaifedaihn oinedhhnolc jdam"]
[]
["dgjgi acbiib fjjiiiibhhhihbffjfb iefbhaj hefecijgf hcfejh cfbaf"]
["memddjdcnhk memddjdcnhk hcibkmeeialfj aken"]
[]
[]
["f a jbeokiakf m l a c b i nj d nj d m m f h a","f a jbeokiakf m l a c b i njdnjdmmfha","f a jbeokiakf m l a c bi nj d nj d m m f h a","f a jbeokiakf m l a c bi njdnjdmmfha","f a jbeokiakf mlacbi nj d nj d m m f h a","f a jbeokiakf mlacbi njdnjdmmfha","fa jbeokiakf m l a c b i nj d nj d m m f h a","fa jbeokiakf m l a c b i njdnjdmmfha","fa jbeokiakf m l a c bi nj d nj d m m f h a","fa jbeokiakf m l a c bi njdnjdmmfha","fa jbeokiakf mlacbi nj d nj d m m f h a","fa jbeokiakf mlacbi njdnjdmmfha"]