[]
[1]
[2,1]
[1,2]
[1,3,2]
[1,3,2]
[1,2,3]
[3,2,1]
[2,3,1]
[3,2,1,4]
[2,4,1,3]
[1,2,3,4]
[2,4,1,3]
[2,3,1,4]
[4,1,3,2]
[2,1,4,3]
[1,4,2,3]
[4,2,1,3]
[2,1,4,3]
[3,1,2,4]
[1,3,2,4]
[4,3,2,1]
[3,4,1,2]
[5,2,4,1,3]
[3,2,5,1,4]
[1,4,2,3,5]
[1,3,4,5,2]
[3,1,4,5,2]
[3,1,2,5,4]
[4,3,1,2,5]
[3,2,5,1,4]
[4,5,2,3,1]
[5,2,4,1,3]
[5,2,1,4,3]
[5,1,2,3,4]
[4,1,3,2,5]
[4,5,1,3,2]
[4,1,5,2,3]
[1,4,5,2,3]
[3,5,4,2,1]
[5,2,4,1,3]
[1,3,2,5,4]
[1,5,4,2,3]
[3,2,4,5,1]
[4,3,2,1,5]
[1,4,2,5,3]
[4,5,2,3,1]
[1,5,2,3,4]
[5,4,2,1,3]
[3,5,4,2,1]
[4,2,1,3,5]
[1,5,2,3,4]
[5,4,1,3,2]
[2,4,3,1,5]
[4,2,1,5,3]
[3,4,5,2,1]
[4,2,5,3,1]
[5,1,3,4,2]
[2,5,3,4,1]
[3,2,4,5,1]
[1,3,4,5,2]
[3,4,5,2,1]
[3,5,4,2,1]
[3,1,2,5,4]
[4,5,3,1,2]
[-34,-100,37,-100,-48,-71,-54,-22,8,48]
[-4,-51,-81,-31,33,12,-53,-64,18,78,4,47,-93,76,8,-35,-67,-38,-51,73,-33,3,-54,86,-66,-38,-37,-36,81,-31,-72,-42,80,-85,47,98,43,-31,-40,44,70,-92,-96,-93,-1,-26,-98,-19,-88,-64,24,-18,-91,67,10,12,34,92,48,72,72,-27,98,39,-55,-90,-17,3,-77,-30,72,-24,26,-44,-59,-81,-70,56,90,-84,-67,-65,-49,-88,-34,-53,17,37,3,-4,-11,-31,-51,-60,67,27,53,60,11,74]