[]
[1]
[2,1]
[2,1]
[1,3,2]
[1,2,3]
[2,1,3]
[2,1,3]
[1,3,2]
[3,2,1,4]
[2,4,3,1]
[1,3,2,4]
[4,2,1,3]
[2,1,4,3]
[4,2,3,1]
[1,4,2,3]
[4,1,3,2]
[1,2,4,3]
[1,4,3,2]
[1,4,2,3]
[2,3,4,1]
[2,1,3,4]
[2,1,4,3]
[5,2,4,1,3]
[3,2,5,4,1]
[1,4,3,2,5]
[1,4,3,5,2]
[1,3,4,5,2]
[3,1,5,4,2]
[4,3,5,2,1]
[3,5,1,2,4]
[4,2,5,1,3]
[5,1,4,2,3]
[2,1,5,4,3]
[1,5,2,4,3]
[1,4,2,3,5]
[1,5,4,3,2]
[4,5,2,3,1]
[1,5,3,2,4]
[3,2,4,1,5]
[5,1,3,4,2]
[1,4,5,2,3]
[5,4,2,1,3]
[2,4,3,1,5]
[3,1,2,4,5]
[2,4,5,1,3]
[5,4,3,1,2]
[5,1,4,3,2]
[2,1,4,5,3]
[4,5,3,1,2]
[3,1,2,4,5]
[5,2,3,4,1]
[4,1,2,3,5]
[4,1,3,5,2]
[1,2,5,3,4]
[4,2,1,5,3]
[2,1,3,5,4]
[3,4,1,2,5]
[3,5,1,4,2]
[5,4,2,1,3]
[4,5,2,3,1]
[5,1,2,4,3]
[2,4,1,5,3]
[5,4,2,1,3]
[2,1,3,5,4]
[-100,-34,-100,-71,8,-22,-54,48,-48,37]
[-81,33,-31,-51,-4,-53,12,78,4,47,-93,8,-67,-38,-35,-33,73,-54,-66,86,-38,3,-36,81,-72,-42,-31,-85,80,-37,43,98,-40,-31,-92,70,-93,-1,-98,-26,-96,44,-88,-19,47,24,-18,67,-91,10,92,34,72,98,39,-27,72,48,-17,-90,-55,12,-64,-51,-77,-30,72,-24,26,-59,56,-84,-67,-65,90,-70,-88,-53,-34,37,17,-49,-81,-44,3,-4,-11,-51,-31,67,27,-60,60,74,11,53,3,76,18,-64]