[]
[1]
[1,2]
[1,2]
[2,3,1]
[3,1,2]
[3,1,2]
[3,1,2]
[2,3,1]
[4,1,2,3]
[1,4,2,3]
[4,2,1,3]
[3,1,2,4]
[3,2,4,1]
[1,4,3,2]
[3,2,4,1]
[2,1,4,3]
[3,4,2,1]
[2,3,4,1]
[3,2,1,4]
[1,4,3,2]
[4,3,1,2]
[3,4,1,2]
[3,1,4,2,5]
[1,5,2,3,4]
[5,2,4,1,3]
[2,5,3,1,4]
[2,5,4,3,1]
[2,1,3,4,5]
[1,3,4,2,5]
[4,2,3,1,5]
[3,5,4,2,1]
[3,2,5,4,1]
[3,4,5,1,2]
[3,2,5,1,4]
[5,3,4,1,2]
[2,3,4,5,1]
[1,4,3,2,5]
[4,1,2,5,3]
[5,3,1,4,2]
[2,5,4,3,1]
[3,1,2,5,4]
[3,1,2,4,5]
[5,3,4,2,1]
[5,4,2,3,1]
[3,1,5,4,2]
[2,4,5,1,3]
[2,1,5,3,4]
[3,5,4,1,2]
[2,3,5,4,1]
[5,4,2,1,3]
[1,4,3,2,5]
[5,3,1,4,2]
[2,5,3,4,1]
[4,3,5,2,1]
[3,5,4,1,2]
[4,5,2,3,1]
[5,2,1,4,3]
[2,4,5,3,1]
[3,1,2,4,5]
[1,3,2,5,4]
[3,4,2,5,1]
[3,5,1,4,2]
[3,1,2,4,5]
[4,5,3,1,2]
[37,-34,-100,-48,-100,48,-54,-71,-22,8]
[-64,12,-4,-51,-31,-81,33,-53,18,76,-93,47,4,78,3,3,-51,-35,8,-38,-67,-64,47,-37,3,73,-33,-38,86,-54,-66,80,-31,81,-36,-42,-72,-85,-19,44,-31,98,43,-40,-96,70,-92,-26,-1,-93,-98,-88,12,10,-91,-18,24,67,-55,48,34,92,72,72,-27,39,98,-90,-17,-44,26,-24,72,-30,-77,-81,-59,-49,-70,90,56,-65,-67,-84,17,-34,-88,-53,37,53,-60,-31,-11,-4,-51,27,67,11,60,74]