[]
[[1]]
[]
[[1]]
[[1,1]]
[[1]]
[[2]]
[[1,2]]
[]
[[2,3]]
[[2]]
[[2,2]]
[]
[[2,5]]
[[3,5]]
[]
[[3,7]]
[[7]]
[[4,7],[3,8]]
[[5],[1,2,2]]
[[3,5],[1,1,3,3],[1,1,1,5]]
[[2,6],[1,7],[1,2,5],[1,1,6]]
[[1]]
[[4],[1,3]]
[[2,4],[2,2,2],[1,2,3],[1,1,4],[1,1,2,2]]
[[3],[1,2],[1,1,1]]
[]
[[2,4,4],[2,3,5],[1,4,5],[1,2,3,4],[1,1,4,4],[1,1,3,5]]
[[5,5],[1,4,5],[1,1,4,4],[1,1,3,5]]
[[3,4],[2,2,3]]
[[2,3]]
[[5]]
[[4],[1,3]]
[[4],[2,2]]
[]
[[5,5],[2,4,4],[1,4,5],[1,2,2,5],[1,1,4,4],[1,1,2,2,4]]
[[2],[1,1]]
[[4,4],[1,1,1,5]]
[[3,5],[2,3,3]]
[[5]]
[[4,5],[3,3,3],[2,3,4]]
[[1,2],[1,1,1]]
[]
[[3,3],[1,5]]
[]
[[4]]
[[4,4],[2,2,4],[1,2,5]]
[[1,1]]
[[1,2,4]]
[[2,3],[1,4],[1,2,2]]
[[1,3],[1,1,2]]
[[4],[2,2]]
[]
[[1,2],[1,1,1]]
[[3,3],[2,4],[1,5],[1,2,3]]
[[1]]
[[5],[2,3],[1,2,2]]
[[3],[1,2]]
[[1]]
[[4,4],[2,2,4]]
[[2,2,4],[1,3,4],[1,2,2,3]]
[[4]]
[[2]]
[[4,4],[3,5],[2,3,3],[2,2,4]]
[]
[[1]]
[[4],[2,2],[1,3]]
[]
[[4],[2,2],[1,3],[1,1,2]]
[[3,4],[2,5],[2,2,3]]
[[1,3]]
[[4],[2,2],[1,3]]
[]
[]
[[1,2,3,4]]
[[1]]
[[2],[1,1]]
[[3,4],[2,5],[2,2,3],[1,2,4]]
[]
[[1,2,5]]
[[3,5],[2,3,3],[1,2,5],[1,1,3,3]]
[[1,1,1]]
[[2]]
[[2,4,4],[2,3,5]]
[[3,3,4],[1,1,4,4]]
[[5],[2,3]]
[[4,5],[2,3,4],[2,2,5],[2,2,2,3],[1,3,5],[1,2,2,4],[1,2,2,2,2]]
[[4,5],[2,3,4]]
[[1,2,5]]
[[1,3,4],[1,1,3,3]]
[[4,4]]
[[4,5],[2,3,4],[2,2,5]]
[[5,5],[3,3,4],[2,3,5],[2,2,3,3],[1,4,5],[1,2,3,4],[1,2,2,5],[1,1,3,5],[1,1,2,3,3],[1,1,2,2,4]]
[[5],[2,3],[1,2,2],[1,1,3],[1,1,1,2]]
[[4],[2,2]]
[[1,5],[1,1,4]]
[[3,4]]
[[2]]
[[3,3]]
[[5,5],[3,3,4],[1,4,5],[1,3,3,3]]
[[2,3,3],[2,2,4],[1,3,4],[1,2,2,3],[1,1,3,3],[1,1,2,4],[1,1,2,2,2]]
[[2,5]]
[[2,2,5],[1,1,2,5],[1,1,1,1,5]]
[]
[]
[[1]]
[[3,5],[2,3,3]]
[[3,4],[1,1,1,4],[1,1,1,1,3]]
[[3,5],[1,1,1,5]]
[[4],[2,2]]
[[1]]
[[3,3,4],[2,3,5],[2,2,3,3],[1,4,5],[1,2,3,4],[1,2,2,5]]
[]
[[5,5],[3,3,4]]
[[4],[2,2],[1,3],[1,1,2]]
[[5],[2,3],[1,4],[1,1,3]]
[[4,5],[2,3,4],[1,4,4],[1,3,5],[1,2,3,3]]
[[4],[2,2],[1,3]]
[[5],[1,4],[1,2,2]]
[[5,5],[2,3,5]]
[]
[[5],[1,4],[1,2,2]]
[[27],[13,14],[11,16],[10,17],[9,18],[9,9,9],[8,9,10],[8,8,11],[7,20],[7,9,11],[7,8,12],[6,21],[6,10,11],[6,9,12],[6,8,13],[6,7,14],[6,6,7,8]]
[[28],[14,14],[12,16],[11,17],[9,19],[7,21],[7,9,12],[6,22],[6,11,11],[6,9,13],[6,6,16],[6,6,7,9],[5,23],[5,11,12],[5,9,14],[5,7,16],[5,6,17],[5,6,6,11],[5,5,9,9],[5,5,7,11],[5,5,6,12],[5,5,6,6,6],[5,5,5,13],[5,5,5,6,7]]
[[25],[12,13],[11,14],[10,15],[9,16],[8,17],[7,18],[7,8,10],[7,7,11],[6,19],[6,9,10],[6,8,11],[6,7,12],[6,6,13],[6,6,6,7],[5,20],[5,9,11],[5,8,12],[5,7,13],[5,6,14],[5,6,7,7],[5,6,6,8],[5,5,15],[5,5,7,8],[5,5,6,9]]
[[29],[14,15],[12,17],[11,18],[10,19],[9,20],[9,10,10],[8,21],[8,10,11],[8,9,12],[8,8,13],[7,22],[7,11,11],[7,10,12],[7,9,13],[7,8,14],[7,7,15],[6,23],[6,11,12],[6,10,13],[6,9,14],[6,8,15],[6,7,8,8],[6,7,7,9],[6,6,17],[6,6,8,9],[6,6,7,10],[6,6,6,11],[5,12,12],[5,11,13],[5,10,14],[5,9,15],[5,7,17],[5,7,8,9],[5,7,7,10],[5,6,18],[5,6,8,10],[5,6,7,11],[5,6,6,12],[5,5,19],[5,5,9,10],[5,5,8,11],[5,5,7,12],[5,5,6,13],[5,5,6,6,7],[5,5,5,14],[5,5,5,7,7],[5,5,5,6,8]]
[[27],[11,16],[10,17],[9,18],[8,19],[8,9,10],[8,8,11],[7,20],[7,9,11],[7,8,12],[6,21],[6,10,11],[6,9,12],[6,8,13],[6,6,7,8],[5,22],[5,11,11],[5,10,12],[5,9,13],[5,6,16],[5,6,8,8],[5,6,7,9],[5,6,6,10],[5,5,17],[5,5,8,9],[5,5,7,10],[5,5,6,11],[5,5,5,12],[5,5,5,6,6]]
[[22],[11,11],[8,14],[7,15],[7,7,8],[6,16],[6,7,9],[6,6,10],[5,17],[5,8,9],[5,7,10],[5,6,11],[5,5,6,6]]
[[26],[12,14],[11,15],[9,17],[8,18],[8,9,9],[8,8,10],[7,19],[7,9,10],[7,8,11],[7,7,12],[6,20],[6,10,10],[6,9,11],[6,8,12],[6,6,14],[6,6,7,7],[6,6,6,8],[5,21],[5,10,11],[5,9,12],[5,7,14],[5,6,15],[5,6,7,8],[5,6,6,9]]
[[22],[11,11],[10,12],[9,13],[8,14],[7,15],[7,7,8],[6,16],[6,7,9],[6,6,10],[5,17],[5,8,9],[5,7,10],[5,6,11]]
[[25],[12,13],[11,14],[10,15],[8,17],[6,19],[6,9,10],[6,8,11],[5,20],[5,10,10],[5,9,11],[5,8,12],[5,6,14]]
[[29],[14,15],[13,16],[12,17],[10,19],[9,20],[8,21],[8,9,12],[7,22],[7,10,12],[7,9,13],[7,8,14],[6,23],[6,10,13],[6,9,14],[6,8,15],[6,7,16],[6,6,17],[6,6,8,9],[6,6,7,10],[5,10,14],[5,9,15],[5,8,16],[5,7,17],[5,7,8,9],[5,6,18],[5,6,9,9],[5,6,8,10],[5,6,6,12]]
[[23],[11,12],[10,13],[9,14],[8,15],[7,16],[7,8,8],[7,7,9],[6,17],[6,8,9],[6,7,10],[5,18],[5,8,10],[5,7,11],[5,6,12],[5,5,13],[5,5,6,7],[5,5,5,8]]
[[20],[10,10],[9,11],[8,12],[7,13],[6,14],[6,7,7],[5,15],[5,7,8],[5,6,9],[5,5,10]]
[[22],[10,12],[9,13],[8,14],[7,15],[7,7,8],[6,16],[6,8,8],[6,7,9],[6,6,10],[5,17],[5,8,9],[5,7,10],[5,6,11],[5,5,12],[5,5,6,6]]
[[29],[14,15],[13,16],[11,18],[10,19],[9,20],[9,9,11],[8,21],[8,10,11],[8,9,12],[8,8,13],[5,24],[5,12,12],[5,11,13],[5,10,14],[5,9,15],[5,8,16],[5,5,19],[5,5,9,10],[5,5,8,11],[5,5,5,14]]
[[14,15],[13,16],[12,17],[11,18],[10,19],[9,10,10],[9,9,11],[8,10,11],[8,9,12],[8,8,13],[7,22],[7,10,12],[7,9,13],[7,8,14],[7,7,15],[6,23],[6,11,12],[6,10,13],[6,9,14],[6,8,15],[6,7,16],[6,7,8,8],[6,7,7,9],[6,6,17],[6,6,8,9],[6,6,7,10],[6,6,6,11],[5,24],[5,12,12],[5,11,13],[5,10,14],[5,9,15],[5,8,16],[5,7,17],[5,7,8,9],[5,7,7,10],[5,6,18],[5,6,9,9],[5,6,8,10],[5,6,7,11],[5,6,6,12],[5,5,19],[5,5,9,10],[5,5,8,11],[5,5,7,12],[5,5,6,13],[5,5,6,6,7]]
[[11,11],[10,12],[7,15],[7,7,8],[5,17],[5,8,9],[5,7,10],[5,5,12],[5,5,5,7]]
[[21],[10,11],[9,12],[8,13],[7,14],[7,7,7],[6,7,8],[6,6,9],[5,8,8],[5,7,9],[5,6,10],[5,5,11]]
[[22],[7,15],[7,7,8],[5,17],[5,8,9],[5,7,10],[5,5,5,7]]
[[13,14],[12,15],[11,16],[10,17],[8,19],[8,8,11],[7,20],[7,10,10],[7,8,12],[7,7,13],[6,21],[6,10,11],[6,8,13],[6,7,14],[6,7,7,7],[6,6,15],[6,6,7,8],[5,22],[5,11,11],[5,10,12],[5,8,14],[5,7,15],[5,7,7,8],[5,6,16],[5,6,8,8],[5,6,6,10],[5,5,17],[5,5,7,10],[5,5,6,11],[5,5,5,12],[5,5,5,6,6],[5,5,5,5,7]]
[[24],[9,15],[8,16],[7,17],[7,8,9],[6,18],[6,9,9],[5,19],[5,7,12],[5,6,13]]
[[20],[10,10],[9,11],[8,12],[7,13],[6,14],[6,7,7],[6,6,8]]
[[25],[11,14],[9,16],[8,17],[8,8,9],[7,18],[7,9,9],[7,8,10],[7,7,11],[5,20],[5,10,10],[5,9,11],[5,8,12]]
[[25],[12,13],[10,15],[9,16],[8,8,9],[7,18],[7,9,9],[7,8,10],[6,19],[6,9,10],[6,8,11],[6,7,12],[6,6,13],[5,20],[5,9,11],[5,8,12],[5,7,13],[5,6,6,8],[5,5,15],[5,5,7,8],[5,5,6,9]]
[[11,12],[10,13],[9,14],[8,15],[7,16],[6,17],[6,8,9],[6,7,10]]
[[22],[11,11],[10,12],[9,13],[8,14],[6,16],[6,8,8],[5,17],[5,8,9],[5,6,11]]
[[28],[13,15],[12,16],[10,18],[9,19],[8,20],[8,10,10],[8,8,12],[7,21],[7,9,12],[7,8,13],[6,22],[6,10,12],[6,9,13],[6,7,15],[6,7,7,8],[6,6,16],[6,6,8,8],[6,6,7,9],[6,6,6,10],[5,23],[5,10,13],[5,8,15],[5,7,16],[5,7,8,8],[5,7,7,9],[5,6,17],[5,6,8,9],[5,6,7,10]]
[[25],[11,14],[9,16],[8,17],[8,8,9],[7,18],[7,9,9],[7,8,10],[7,7,11],[6,9,10],[6,8,11],[5,20],[5,10,10],[5,9,11],[5,7,13],[5,6,14],[5,6,7,7]]
[[27],[12,15],[10,17],[9,18],[9,9,9],[7,20],[6,21],[6,9,12],[6,6,15],[6,6,6,9],[5,22],[5,10,12],[5,9,13],[5,7,15],[5,6,16],[5,6,7,9],[5,6,6,10],[5,5,17],[5,5,7,10],[5,5,5,12],[5,5,5,6,6]]
[[12,17],[10,19],[9,20],[9,10,10],[8,21],[8,9,12],[7,22],[7,10,12],[7,9,13],[7,8,14],[6,23],[6,10,13],[6,9,14],[6,6,17],[6,6,8,9],[6,6,7,10],[5,24],[5,12,12],[5,10,14],[5,7,17],[5,7,8,9],[5,6,18],[5,6,9,9],[5,6,8,10],[5,6,6,12],[5,6,6,6,6],[5,5,19],[5,5,9,10],[5,5,7,12],[5,5,6,13],[5,5,6,6,7]]
[[11,13],[10,14],[7,17],[7,7,10],[6,18],[6,7,11],[5,19],[5,7,12],[5,6,13]]
[[29],[13,16],[12,17],[11,18],[10,19],[9,20],[9,10,10],[9,9,11],[8,21],[8,10,11],[8,9,12],[6,23],[6,11,12],[6,10,13],[6,8,15],[6,6,17],[6,6,8,9],[5,24],[5,11,13],[5,9,15],[5,8,16],[5,6,18],[5,6,9,9],[5,6,8,10],[5,6,6,12]]
[[27],[12,15],[11,16],[10,17],[9,18],[8,19],[8,9,10],[7,10,10],[7,9,11],[7,8,12],[5,22],[5,11,11],[5,10,12],[5,8,14],[5,7,15],[5,7,7,8]]
[[12,16],[11,17],[10,18],[9,9,10],[8,20],[8,9,11],[8,8,12],[7,21],[7,10,11],[7,9,12],[6,11,11],[6,10,12],[6,7,15],[6,6,16],[6,6,8,8],[6,6,7,9],[5,23],[5,11,12],[5,8,15],[5,7,16],[5,7,8,8],[5,6,17],[5,6,8,9],[5,6,7,10],[5,6,6,11]]
[[10,11],[9,12],[8,13],[7,14],[6,15],[6,7,8],[5,16],[5,7,9],[5,6,10],[5,5,11]]
[[21],[10,11],[9,12],[8,13],[7,14],[6,15],[6,7,8],[6,6,9],[5,16],[5,8,8],[5,7,9],[5,6,10]]
[[25],[12,13],[10,15],[9,16],[8,17],[7,18],[7,9,9],[7,8,10],[6,19],[6,9,10],[6,8,11],[6,7,12],[6,6,13]]
[[26],[13,13],[12,14],[11,15],[9,17],[8,18],[8,9,9],[7,19],[7,9,10],[7,8,11],[7,7,12],[6,10,10],[6,9,11],[6,8,12],[6,7,13],[6,6,14],[6,6,7,7]]
[[28],[14,14],[13,15],[11,17],[7,21],[7,10,11],[6,22],[6,11,11],[6,10,12],[6,7,15],[5,23],[5,11,12],[5,10,13],[5,6,17],[5,6,7,10],[5,5,7,11],[5,5,6,12],[5,5,5,13],[5,5,5,6,7]]
[[29],[14,15],[12,17],[11,18],[10,19],[8,21],[8,10,11],[7,22],[7,11,11],[7,10,12],[7,8,14],[6,11,12],[6,8,15],[6,7,16],[5,12,12],[5,10,14],[5,8,16],[5,7,17],[5,6,18],[5,6,8,10],[5,6,7,11]]
[[9,11],[8,12],[7,13],[6,14],[6,6,8],[5,15],[5,7,8],[5,6,9],[5,5,10]]
[[28],[13,15],[11,17],[10,18],[9,19],[9,9,10],[8,20],[8,9,11],[8,8,12],[7,21],[7,10,11],[7,9,12],[7,8,13],[7,7,14],[6,22],[6,11,11],[6,10,12],[6,9,13],[6,8,14],[6,7,15],[6,7,7,8],[6,6,8,8],[6,6,7,9],[5,23],[5,11,12],[5,10,13],[5,9,14],[5,8,15],[5,7,8,8],[5,7,7,9],[5,6,17],[5,6,8,9],[5,6,7,10],[5,6,6,11]]
[[24],[12,12],[11,13],[10,14],[9,15],[7,17],[7,8,9],[7,7,10],[6,8,10],[6,7,11],[6,6,12],[5,19],[5,9,10],[5,8,11],[5,7,12],[5,6,13],[5,6,6,7],[5,5,14],[5,5,7,7],[5,5,6,8],[5,5,5,9]]
[[28],[12,16],[11,17],[10,18],[8,20],[8,10,10],[8,9,11],[8,8,12],[7,21],[7,10,11],[7,9,12],[6,11,11],[6,10,12],[6,7,15],[6,7,7,8],[6,6,16],[6,6,8,8],[6,6,7,9],[6,6,6,10],[5,23],[5,11,12],[5,8,15],[5,7,16],[5,7,8,8],[5,7,7,9],[5,6,17],[5,6,8,9],[5,6,7,10],[5,6,6,11]]
[[27],[12,15],[11,16],[10,17],[8,19],[8,9,10],[7,20],[7,10,10],[7,9,11],[7,8,12],[7,7,13],[6,21],[6,10,11],[6,9,12],[6,8,13],[6,7,7,7],[5,22],[5,11,11],[5,10,12],[5,9,13],[5,7,15],[5,7,7,8],[5,6,16],[5,6,7,9],[5,5,17],[5,5,8,9],[5,5,7,10],[5,5,6,11],[5,5,5,12],[5,5,5,5,7]]
[[9,13],[8,14],[7,15],[7,7,8],[6,16],[6,8,8],[6,7,9],[5,17],[5,8,9],[5,6,11]]
[[27],[12,15],[11,16],[9,18],[8,19],[8,8,11],[7,20],[7,9,11],[7,8,12],[6,21],[6,9,12],[6,7,14],[6,6,15],[6,6,7,8],[6,6,6,9],[5,22],[5,8,14],[5,7,15],[5,7,7,8],[5,6,16],[5,6,8,8],[5,6,7,9],[5,5,17],[5,5,8,9],[5,5,6,11]]
[[22],[11,11],[9,13],[8,14],[7,15],[7,7,8],[6,16],[6,7,9],[6,6,10],[5,17],[5,8,9],[5,7,10],[5,6,11],[5,5,6,6]]
[[23],[11,12],[10,13],[7,8,8],[7,7,9],[6,17],[6,8,9],[6,7,10],[5,18],[5,9,9],[5,8,10],[5,7,11],[5,6,12],[5,5,13],[5,5,6,7]]
[[23],[11,12],[10,13],[9,14],[8,15],[7,16],[7,8,8],[7,7,9],[6,17],[6,8,9],[6,7,10],[6,6,11],[5,18],[5,9,9],[5,8,10],[5,7,11],[5,6,12],[5,6,6,6],[5,5,13],[5,5,6,7],[5,5,5,8]]
[[25],[12,13],[11,14],[10,15],[9,16],[8,17],[8,8,9],[7,18],[7,8,10],[7,7,11],[5,20],[5,9,11],[5,8,12],[5,7,13]]