0
0
1
1
1
1
2
2
2
1
1
0
0
0
0
1
1
3
3
3
2
0
0
0
1
1
0
1
1
1
1
1
1
2
2
2
2
2
2
2
1
2
2
2
2
2
1
1
0
1
1
1
1
1
1
1
1
1
0
1
1
1
1
1
1
1
1
1
0
1
1
1
1
1
1
1
1
1
0
1
1
1
1
1
1
1
1
1
0
1
1
1
1
1
1
1
1
1
0
1
1
1
1
1
1
1
1
1
0
1
1
1
1
1
1
1
1
2
0
1
1
1
2
0
0
1
0
0
1
1
2
1
0
1
3
0
1
0
2
2
1
0
0
1
2
0
0
0
1
1
1
1
1
1
0
1
2
1
1
1
1
0
0
2
1
2
5
1
3
0
1
2
1
2
0
0
3
1
2
3
1
4
2
0
0
0
1
1
3
1
2
2
2
1
2
2
1
1
0
1
2
2
1
2
1
0
1
2
3
1
2
3
1
0
3
1
0
0
589824
6912
3981312
622080
0
12288
0
165888
0
6144
81920
442368
18432
622080
131072
36864
9216
36864
5898240
0
40960
0
13824
1769472
1440
62208
1990656
0
1728
46080
0
0
46080
0
46080
0
1