0
1
-1
-1
1
0
1
2
3
2147483647
-2147483648
1073741823
-1073741824
715827882
715827882
0
0
0
0
0
0
0
0
12
0
0
-1
0
0
0
0
-42
0
0
-2
6
-1
0
0
-1
-3
0
0
-1
-10
0
1
1
-14
-8
0
0
0
0
-4
0
0
20
-1
0
1
0
-1
0
0
-30
0
-1
0
0
0
-1
0
-1
0
63
-1
0
0
0
3
0
0
1
-1
0
0
0
0
0
0
0
1
7
-7
0
7
0
0
0
0
0
0
0
-1
0
1
0
1
0
-1
0
0
0
0
0
4
0
-1
-23
0
0
1
0
0
-8
0
0
-2
-7
0
0
2
1
0
-1
1
0
0
3
0
0
0
0
-2
2
5
0
0
11
0
0
1
-2
-1
5
-1
-5
0
0
0
1
-2
1
0
0
0
-1
-1
-1
0
0
0
1
0
0
0
0
1
0
0
-7
0
0
-1
0
-1
1
0
9
1
0
3
0
0
0
2
26
1
1
0
0
-1
0
-7
0
0
0
9
0
-1
0
1
1
0
0
5
0
-1
0
0
0
0
-4
0
-2
-1
4
0
1
0
0
1
-22
1
3
0
0
0
0
0
0
-1
0
0
1
0
-1
-1
0
0
0
1
3
1
-7
1
-1
2
1
-1
-4
1
-1
0
0
0
-1
0
0
0
-1
0
1
1
4
112
2
0
15
1
1
1
-4
-5
17
0
-6
0
0
-2
-1
0
4
3
0
0
12
0
0
5
1
1
1
0
0
0
-83
1
1
1
0
0
0
-1
124
0
0
0
0
-3
2
0
3
-1
0
-1
0
-2
1
7
0
2
10
0
0
0
0
1
1
1
3
0
3
1
0
68
0
0
0
0
0
0
0
-1
-4
-1
14
-1
0
1
2
0
-5
0
-1
-3
1
-1
0
-2
4
0
1
-1
3
0
-2
1
0
0
3
2
-2
0
0
1
0
-1
-1
0
1
0
-1
2
0
-1
0
0
-2
1
-2
0
15
7
0
1
0
1
0
-66
1
-13
1
0
-38
0
-1
5
1
0
-3
-1
0
0
12
-4
-1
0
0
0
-11
1
1
7
0
-1
-1
0
0
2
1
0
-4
-4
-1
0
0
0
-1
0
1
12
0
0
0
44
1
1
2
0
0
-3
0
1
4
-1
0
-19
1
1
1
-1
-4
3
0
2
-1
-1
-1
5
1
0
0
-3
0
0
0
-9
0
-2
2
-2
-2
-2
-2
-1
18
-1
1
-1
1
-1
1
-1
-1
-1
1
1
-1
-1
-1
1
1
1
-1
1
-1
-1
1
-1
1
1
-11
-1
1
1
1
1
1
-1
1
-1
-1
1
-10
-1
-1
1
1
1
0
-9
-9
-8
-6
6
-5
-5
-5
-4
49
4
4
4
4
4
-3
3
-3
3
-3
3
-3
-3
2
2
-2
-2
-2
-2
2
23
2
1
1
1
1
1
1
-17
-1
-1
1
1
1
-1
1
1
-1
1
1
1
1
-1
1
1
-133
-1
-1
1
1
-1
-1
1
-12
1
1
-1
1
-1
11
-1
1
1
1
-1
1
-1
-1
1
-8
-6
-6
-6
61
4
-4
-4
4
-3
-3
-3
-3
-3
-3
-3
-34
-3
-3
-3
-2
-2
-2
-2
-2
2
-2
-2
-2
-2
-2
2
0
1
0
0
0
0
0
0
0
0
0
0
0
0
0
-18
0
0
0
0
0
0
0
0
0
0
0
5
0
0
0
0
0
0
0
0
0
0
0
0
0
0
0
0
-1
0
-2
0
-2
0
0
0
0
0
0
-2
0
-2
0
-1
0
0
0
0
0
0
0
0
0
0
0
0
0
0
-6
0
9
0
0
1
-2
0
0
0
-1
0
0
0
0
0
0
0
0
0
0
0
0
0
0
-5
0
0
0
1
0
0
0
0
0
0
0
0
0
0
0
0
0
-1
0
0
0
0
0
0
0
0
0
0
3
0
0
-1
0
0
0
0
0
73
0
-1
0
-2
3
1
0
-5
0
1
0
0
0
0
0
0
0
0
0
0
0
0
0
0
0
0
0
0
0
-1
0
0
0
0
-1
0
0
0
0
0
0
0
0
-3
-1
0
0
0
0
-4
0
0
-1
0
0
1
-3
0
1
0
0
0
-1
0
0
0
0
0
0
0
0
0
0
0
2
8
0
0
0
310
0
1
0
0
0
0
0
0
0
-2
2
0
0
0
0
0
0
0
0
0
0
0
0
0
0
0
-1
1
0
0
0
1
-11
0
2
0
0
0
0
0
0
0
0
0
1
0
0
1
-3
-3
0
6
0
0
0
0
0
0
0
0
0
0
0
0
0
0
0
-1
0
0
0
0
0
0
0
0
32
0
0
0
0
0
-2
1
2
1
0
3
2
0
1
-1
2
4
0
0
0
4
0
0
0
-3
3
0
0
0
0
0
0
0
0
0
0
0
0
0