[]
[]
[[1]]
[]
[]
[]
[]
[[1,2]]
[]
[]
[]
[[-2,-3]]
[]
[]
[]
[[1,-2]]
[[0,1],[0,1]]
[]
[[1,2,3,4,5]]
[]
[[1,2,3,4,5]]
[]
[]
[[1,-2,3]]
[]
[]
[[1,-2,1,-1]]
[]
[]
[[1,-3,-2]]
[[5,4,11,7]]
[[5,4,11,2]]
[[5,8,13]]
[[5,8,4,1]]
[]
[]
[]
[]
[]
[]
[]
[[5,4,11,2],[5,8,4,5]]
[[1,0,1,0],[1,0,2,-1],[1,1,0,0],[1,1,-1,1]]
[[-2,6,0]]
[]
[[8,-6,5]]
[]
[]
[]
[]
[]
[[-1,9,3,-2]]
[]
[]
[]
[]
[]
[[7,2,-7]]
[]
[[5,4]]
[[5,-6,-2]]
[]
[[3,-4]]
[[5,-2,-1,4]]
[[7,0,-1,1,-7]]
[]
[[7,2,4,-5]]
[]
[]
[[-3,-9,-5,7,2]]
[[-3,0,0,7]]
[]
[[9,2,-4,-2]]
[[2,-1,-5,0,-1,-5]]
[[-8,6]]
[[9,-3,2,2,-6]]
[]
[]
[]
[[-4,-5,5,-2]]
[[1,-6,-5]]
[]
[]
[]
[]
[[-8,3,-7,-6,-9]]
[]
[[-6,-3,-6,-6]]
[]
[[7,9,-4]]
[]
[]
[[-4,-6,-8]]
[]
[]
[[-7,1,-8,-6,-5]]
[]
[[1,5,7,7]]
[]
[]
[[-4,-3,-8,-5]]
[[-4,-9,-2]]
[]
[[-240,-476,-960,763,439,-895,996,76,99,-606,529]]
[[-519,-283,103,691,-159,-17,685,-653,555,-624,-483,177]]
[]
[]
[[-622,90,832,130,-428,-406,558,235,-483,-293,83]]
[[22,-345,957,-704,92,-253,-205,201,-29,649]]
[]
[[-260,-903,-858,-35,817,222,307,-301,-947,-76,445,579,814,-47]]
[[19,785,-893,392,-267,299,-557,169,202,968,956,-648,-650,-312]]
[[0,1,-1,-1,1,1,0,1,0,-1,-1],[0,1,-1,-1,1,1,0,-1,-1,-1,1,1,1,-1,0],[0,1,-1,-1,1,1,0,-1,-1,-1,1,1],[0,1,-1,-1,1,1,0,-1,-1,0,0,-1,1,1,0,0,0],[0,1,-1,-1,1,1,0,-1,-1,0,0,1,-1,0,0,1],[0,1,-1,-1,1,1,0,-1,-1,0,0,1,0],[0,1,-1,-1,1,1,0,-1,-1,0,0,1,-1,1,1,-1,0],[0,1,-1,-1,1,1,0,-1,-1,0,0,1,-1,1,0],[0,1,-1,-1,1,1,0,-1,0,-1,1,-1,0,1,0],[0,1,-1,-1,1,1,-1,-1,-1,0,1,1,0,1,-1,-1,1],[0,1,-1,-1,1,1,-1,-1,-1,0,1,1,0,1,-1,-1,0,1],[0,1,-1,-1,1,1,-1,-1,-1,0,1,1,0,0,1,0,-1],[0,1,-1,-1,1,1,-1,-1,-1,0,-1,-1,1,1,1,1],[0,1,-1,-1,1,1,-1,-1,1,1,0,-1,1,-1],[0,1,-1,-1,1,1,-1,-1,1,1,0,0,0,0,-1,0],[0,1,-1,-1,1,1,-1,-1,1,1,0,0,0,0,0,0,-1,0],[0,1,-1,-1,1,1,-1,-1,1,1,0,0,0,0,-1,1,-1,1,-1,0],[0,1,-1,-1,1,1,-1,-1,1,1,0,0,0,0,-1,1,-1,1,-1,-1,0,1],[0,1,-1,-1,1,1,-1,-1,1,1,0,0,0,0,-1,-1,0,1,0],[0,1,-1,-1,1,1,-1,-1,1,1,0,0,0,0,-1,-1,0,1,0],[0,1,-1,-1,1,1,-1,-1,1,1,1,1,0,-1,-1,0,-1],[0,1,-1,-1,1,1,-1,-1,1,1,1,-1,1,0,-1,0,1,-1,-1,1,-1,0],[0,1,-1,-1,1,1,-1,-1,1,1,1,-1,1,0,-1,0,1,-1,1,0,-1,-1],[0,1,-1,-1,1,1,-1,-1,1,1,1,-1,1,0,-1,-1,0],[0,1,-1,-1,1,1,-1,-1,1,1,1,-1,-1,1,-1],[0,1,-1,-1,1,1,-1,-1,1,1,1,-1,-1,1,-1],[0,1,-1,-1,1,1,-1,-1,1,1,1,-1,-1,-1,1,0,0],[0,1,-1,-1,1,1,-1,-1,1,0,0,-1,1,-1,0,-1,1,1],[0,1,-1,-1,1,1,-1,-1,1,0,0,-1,1,-1,0,-1,1,1],[0,1,-1,-1,1,1,-1,-1,1,0,0,1,0,1,0,-1,0,0,-1],[0,1,-1,-1,1,1,-1,-1,1,0,0,1,0,1,0,-1,-1],[0,1,-1,-1,1,1,-1,-1,1,0,0,1,-1,0,1,-1,0],[0,1,-1,-1,1,1,-1,-1,1,0,0,1,-1,0,-1,1],[0,1,-1,-1,1,1,-1,-1,1,0,0,1,-1,-1,0,0,1],[0,1,-1,-1,1,1,-1,-1,1,0,0,1,-1,-1,1,1,-1,0,0],[0,1,-1,-1,1,1,-1,-1,1,0,-1,0,-1,0,-1,0,-1,0,1,1,1,1],[0,1,-1,-1,1,1,-1,-1,1,0,-1,0,-1,0,-1,0,1,1,1],[0,1,-1,-1,1,1,-1,-1,1,0,-1,0,0,0,0,1],[0,1,-1,-1,1,1,-1,-1,1,0,-1,0,0,0,0,0,1,0],[0,1,-1,-1,1,1,-1,-1,1,0,-1,1,0,0,-1,1,1,-1,1,-1],[0,1,-1,-1,1,1,-1,-1,1,0,-1,1,0,0,-1,1,-1,0,1],[0,1,-1,-1,1,1,-1,-1,1,0,-1,1,-1,1,0],[0,1,-1,-1,1,1,-1,-1,1,0,1,1,-1,-1,-1,1],[0,1,-1,-1,1,1,-1,-1,1,0,1,-1,0,0,1,-1,0],[0,1,-1,-1,1,1,-1,-1,1,0,1,-1,-1,0,1],[0,1,-1,-1,1,1,-1,-1,1,0,1,-1,-1,1],[0,1,-1,-1,1,1,-1,-1,1,-1,-1,1,1],[0,1,-1,-1,1,1,-1,-1,1,-1,-1,1,0,1,-1,1,0],[0,1,-1,-1,1,1,-1,-1,1,-1,-1,1,0,1,-1,1,0],[0,1,-1,-1,1,1,-1,-1,1,-1,-1,1,0,0,1,0],[0,1,-1,-1,1,1,-1,-1,1,-1,-1,1,0,0,1,0],[0,1,-1,-1,1,1,-1,-1,1,-1,0,0,1,1,-1],[0,1,-1,-1,1,1,-1,-1,1,-1,0,0,1],[0,1,-1,-1,1,1,-1,-1,1,-1,0,1,1,-1,0],[0,1,-1,-1,1,1,-1,-1,1,-1,1,1,0,0,0,0,-1,1,-1,0],[0,1,-1,-1,1,1,-1,-1,1,-1,1,1,0,0,0,0,-1,0],[0,1,-1,-1,1,1,-1,-1,1,-1,1,1,0,0,0,0,-1,-1,1],[0,1,-1,-1,1,1,-1,-1,1,-1,1,1,0,0,0,-1,1,-1,1,0,0,-1],[0,1,-1,-1,1,1,-1,-1,1,-1,1,1,0,0,0,-1,1,-1,1,0,0,0,-1],[0,1,-1,-1,1,1,-1,-1,1,-1,1,1,0,0,-1,0,0],[0,1,-1,-1,1,1,-1,-1,1,-1,1,1,0,0,-1,0,0],[0,1,-1,-1,1,1,-1,-1,1,-1,1,1,0,0,0,-1,0,1,0,0,0,-1],[0,1,-1,-1,1,1,-1,-1,1,-1,1,1,0,0,0,-1,-1,1],[0,1,-1,-1,1,1,-1,-1,1,-1,1,1,1,1,-1,-1,-1,0],[0,1,-1,-1,1,1,-1,-1,1,-1,1,0,0,1,0,0,0,-1],[0,1,-1,-1,1,0,1,-1,-1,1,-1,-1,1,1],[0,1,-1,-1,1,0,-1,-1,-1,1,0,0,0,1,1],[0,1,-1,-1,1,0,-1,-1,-1,1,0,0,0,1,1,0],[0,1,-1,-1,1,0,-1,-1,-1,1,1,0,0,1],[0,1,-1,-1,-1,0,-1,1,1,0,1,0,0,0],[0,1,-1,-1,-1,0,-1,1,1,0,1,0,0,1,-1],[0,1,-1,-1,-1,0,-1,1,1,1,0,-1,0,-1,1,1],[0,1,-1,-1,-1,0,-1,1,1,1,0,-1,0,1],[0,1,-1,-1,-1,-1,0,0,1,1,1],[0,1,-1,-1,-1,0,1,0,1,0,0],[0,1,-1,-1,-1,0,1,0,1,0,0],[0,1,-1,-1,-1,0,-1,1,1,1],[0,1,-1,-1,-1,1,1,0],[0,1,-1,-1,-1,1,1,0],[0,1,0,0,0,0,0,-1],[0,1,0,0,0,0,0,-1],[0,1,0,0,0,0,0,-1],[0,1,0,0,0,-1,-1,0,1],[0,1,0,0,-1,1,-1,0],[0,1,0,0,-1,1,0,-1],[0,1,0,0,0,0,-1,1,-1],[0,1,0,0,0,0,1,1,1,-1,0,-1,-1,0,-1,0,0],[0,1,0,0,0,0,1,1,1,-1,0,-1,-1,0,-1],[0,1,0,0,0,0,1,-1,0,1,-1,0,-1,0],[0,1,0,0,0,0,1,-1,0,1,-1,1,-1,-1],[0,1,0,0,0,-1,-1,1,-1,1,1,-1],[0,1,0,0,0,-1,-1,1,-1,1,1,-1],[0,1,0,0,0,-1,-1,1,1,0,1,-1,-1],[0,1,0,0,0,-1,-1,1,1,0,0,-1,1,-1],[0,1,0,0,0,-1,-1,1,1,0,0,-1,0,0],[0,1,0,0,0,-1,-1,1,1,0,-1],[0,1,0,0,0,-1,-1,1,1,0,1,0,-1,-1],[0,1,0,0,0,-1,-1,1,1,0,-1,0,0,0,1,-1],[0,1,0,0,0,-1,-1,1,1,0,-1,0,0,0,1,-1],[0,1,0,0,0,-1,-1,1,1,0,-1,0,0,0,-1,1,0],[0,1,0,0,0,-1,-1,1,1,-1,1,-1,0,1,-1,0,1,0,-1],[0,1,0,0,0,-1,-1,1,1,-1,1,-1,-1,1,0],[0,1,0,0,0,-1,-1,1,1,-1,1,-1,-1,1,-1,1,0,0,0],[0,1,0,0,0,1,1,1,-1,-1,0,-1,-1],[0,1,0,0,0,0,1,1,-1,-1,0,1,-1,-1],[0,-1,0,-1,0,-1,0,0,1,0,1,1],[0,-1,0,-1,0,-1,0,0,1,0,1,1,0,0],[0,-1,0,-1,0,1,-1,0,1,-1,-1,0,1,0,0,1,1],[0,-1,0,-1,0,1,-1,0,1,-1,-1,0,1,1,-1,1,1,0,0,0],[0,-1,0,-1,0,1,-1,0,1,-1,-1,0,1,1,-1,1,1,0,0],[0,-1,0,-1,0,1,-1,0,1,-1,-1,0,1,1,-1,1,1,-1,1],[0,-1,0,-1,0,1,-1,0,1,-1,-1,0,1,1,-1,1,1,0],[0,-1,0,-1,0,1,-1,1,0,-1,1,-1,1,1],[0,-1,0,-1,0,1,-1,1,0,-1,1,0,-1,1,1],[0,-1,0,-1,0,1,-1,1,1,-1,0,1,-1,1],[0,-1,0,-1,0,1,-1,1,1,1,1,-1,-1,0,0],[0,-1,0,-1,0,1,-1,1,1,1,1,-1,-1,-1,1],[0,-1,0,-1,0,1,0,0,0,-1,1,1],[0,-1,0,-1,0,1,0,0,-1,0,-1,1,1,1],[0,-1,0,-1,0,1,0,0,-1,0,-1,1,1,1,0,0],[0,-1,0,-1,0,-1,1,0,0,-1,1,-1,1,1,0,1],[0,-1,0,-1,0,-1,1,0,0,-1,1,1,-1,0,1,1],[0,-1,0,-1,0,-1,1,-1,1,1,0,1,0,-1,0,-1,1,-1,0,-1,0,1,0,0,1,1],[0,-1,0,-1,0,-1,1,-1,1,1,0,1,0,-1,1,-1,1,1,-1],[0,-1,0,-1,0,-1,1,-1,1,1,0,1,1,-1,1,-1,0],[0,-1,0,-1,0,-1,1,-1,1,1,0,1,1,-1,1,0,-1],[0,-1,0,-1,0,-1,1,-1,1,1,0,1,1,-1,0,0,1,-1],[0,-1,0,-1,0,-1,1,-1,1,1,0,1,1,-1,0,0],[0,-1,0,-1,0,-1,1,-1,1,1,0,1,0,-1,1,1,0,0,-1],[0,-1,0,-1,0,-1,1,-1,1,1,0,1,0,-1,-1,1,0,1,1,0,0,-1],[0,-1,0,-1,0,-1,1,-1,1,1,0,1,0,1,1,0,-1,-1,0],[0,-1,0,-1,0,-1,1,-1,1,1,0,1,0,1,1,0,-1,-1,0],[0,-1,0,-1,0,-1,1,-1,1,1,0,1,0,1,0,0,0,-1,0],[0,-1,0,-1,0,-1,1,-1,1,1,0,1,0,1,0,0,0,-1],[0,-1,0,-1,0,-1,1,-1,1,1,0,1,0,1,0,-1],[0,-1,0,-1,0,-1,1,-1,1,1,1,0,0],[0,-1,0,-1,0,-1,1,-1,1,1,1,1,-1],[0,-1,0,-1,0,-1,1,-1,1,-1,0,-1,0,1,1,1,1],[0,-1,0,-1,0,-1,1,0,0,-1,0,1,0,1,1],[0,-1,0,-1,0,-1,1,0,0,-1,1,0,1,0,0,1],[0,-1,0,-1,0,-1,1,0,0,-1,1,0,1,0,1],[0,-1,0,-1,0,-1,1,0,0,1,1,0,0,0,1,-1,0],[0,-1,0,-1,0,-1,1,0,0,1,1,0,0,0,1,0,-1,0],[0,-1,0,-1,0,-1,1,0,0,1,1,0],[0,-1,0,-1,0,-1,1,0,0,1,0,1,0,0],[0,-1,0,-1,0,-1,1,0,0,-1,-1,1,0,1,0,1,0,0,1],[0,-1,0,-1,0,-1,1,0,0,-1,-1,1,1,0,1,1,0],[0,-1,0,-1,0,-1,1,0,0,-1,-1,1,1,0,1,1,0],[0,-1,0,-1,0,0,1,1,0,1,0,1,-1,-1,0],[0,-1,0,-1,0,0,1,1,0,1,0,1,-1,-1],[0,-1,0,-1,0,0,1,1,0,1,-1],[0,-1,0,-1,0,0,1,1,0,1,0,-1],[0,-1,0,-1,0,0,1,1,0,1,-1,-1,0,1],[0,-1,0,-1,0,0,1,1,0,-1,-1,0,1,1,0,-1,1],[0,-1,0,-1,0,0,1,1,0,0,0,-1,0,0,1],[0,-1,0,-1,0,0,1,1,0,0,1,-1,1,0,-1],[0,-1,0,-1,0,0,1,1,0,0,1,-1,1,-1],[0,-1,0,-1,0,0,1,1,0,0,-1,0,0,1,0,0],[0,-1,0,-1,0,0,1,1,0,0,0,0,0,1,-1],[0,-1,0,-1,0,0,1,1,0,0,0,0,0,-1,1],[0,-1,0,-1,0,0,1,1,1,-1,1,-1,1,0,-1,0],[0,-1,0,-1,0,0,1,1,1,-1,1,-1,1,1,0,-1,-1],[0,-1,0,-1,0,0,1,1,1,-1,1,-1,1,1,0,-1,0,-1],[0,-1,0,-1,0,0,1,1,1,-1,1,-1,-1,1,0,0],[0,-1,0,-1,0,0,1,1,1,-1,1,-1,-1,1,0,1,-1,0],[0,-1,0,-1,0,0,1,1,1,-1,0,-1,1,0],[0,-1,0,-1,0,0,1,1,0,1,-1,0,-1,1,1,-1],[0,-1,0,-1,0,0,1,1,0,1,-1,0,0],[0,-1,0,-1,0,0,1,1,0,1,-1],[0,-1,0,-1,0,0,1,1,0,0,1,-1,0,1,-1],[0,-1,0,-1,0,0,1,1,0,0,1,-1,0,1,0,-1],[0,-1,0,-1,0,0,1,1,0,0,1,-1,0,1,0,-1,0],[0,-1,0,-1,0,0,1,1,0,0,1,1,-1,0,-1,0],[0,-1,0,-1,0,0,1,1,0,0,1,1,-1,-1,-1,0,0,1,0],[0,-1,0,-1,0,0,1,1,0,0,0,0],[0,-1,0,-1,0,0,1,1,0,-1,-1,-1,1,1,1],[0,-1,0,-1,0,0,1,1,0,-1,1,0,1,-1],[0,-1,0,-1,0,0,1,1,0,-1,1,0,0],[0,-1,0,-1,0,0,1,1,0,1,0,0,1,-1,-1],[0,-1,0,-1,0,0,1,1,0,1,0,0,-1],[0,-1,0,-1,0,0,1,1,0,1,-1,0],[0,-1,0,1,0,0,1,1,0,-1,-1],[0,-1,0,1,0,0,1,-1],[0,-1,0,1,0,0,0,0,1,0,-1,0,-1,1],[0,-1,0,1,0,0,0,0,1,0,-1],[0,-1,0,1,0,0,0,0,1,0,-1,1,-1],[0,-1,0,1,0,-1,-1,1,1,0,0],[0,-1,0,1,0,-1,-1,1,0,1,0],[0,-1,0,1,0,0,-1,1],[0,-1,0,1,0,0,1,0,-1,0],[0,-1,0,1,0,1,0,0,1,0,0,-1,0,1,-1,-1],[0,-1,0,1,0,1,0,1,-1,0,0,0,-1,1,1,-1,0,-1],[0,-1,0,1,0,1,0,1,-1,0,0,0,-1],[0,-1,0,1,0,1,0,1,-1,0,0,0,-1,1,-1],[0,-1,0,1,0,1,0,1,-1,0,1,-1,-1,0,0],[0,-1,0,1,0,1,0,1,-1,0,1,0,-1,-1],[0,-1,0,1,0,1,0,1,-1,0,-1,0,-1,0,1,0],[0,-1,0,1,0,1,0,1,-1,0,-1,0,-1,0,1,0,-1,1],[0,-1,0,1,0,1,0,1,-1,0,-1,0,-1,1,0,0,-1,0,0,1],[0,-1,0,1,0,1,0,-1,1,-1],[0,-1,0,1,0,1,0,-1,0],[0,-1,0,1,1,0,-1,0],[0,-1,0,1,1,0,-1,1,-1,-1,-1,1,1,-1,1,0],[0,-1,0,1,1,0,-1,1,-1,-1,1,0],[0,-1,0,1,1,0,-1,0,1,-1,-1,1],[0,-1,0,1,1,0,-1,1,1,0,-1,-1,0,1,-1],[0,-1,0,1,1,0,-1,-1,-1,0,0,0,1,1,1,0,1,-1,-1],[0,-1,0,1,1,0,-1,-1,-1,0,0,0,1,1,-1,0,0,1,0],[0,-1,0,1,1,0,-1,-1,-1,0,0,0,1,1,-1,1,1,-1,1,-1,-1,1],[0,-1,0,1,1,0,-1,-1,-1,0,0,0,1,0,1,0],[0,-1,0,1,1,0,-1,-1,-1,1,1,-1,0,1,0],[0,-1,0,1,1,0,-1,-1,0,0,0,0,0,0,0,1,-1,0,1,0],[0,-1,0,1,1,0,-1,-1,0,0,0,0,0,0,0,1,0,0],[0,-1,0,1,1,0,-1,-1,0,0,0,0,0,0,0,1,-1,1,0],[0,-1,0,1,1,0,-1,-1,0,0,0,0,0,1,0,1,-1,0],[0,-1,0,1,1,0,-1,-1,0,0,0,0,0,1,0,1,-1,-1,1,1,-1,0],[0,-1,0,1,1,0,-1,-1,0,0,0,0,-1,0,0,1,1],[0,-1,0,1,1,0,-1,-1,0,0,0,0,-1,0,0,1,1],[0,-1,0,1,1,0,-1,-1,0,0,1,0,0,1,-1,0,0,0],[0,-1,0,1,1,0,-1,-1,0,0,1,0,1,-1,0,0],[0,-1,0,1,1,0,-1,-1,0,0,1,1,-1,0],[0,-1,0,1,1,0,-1,-1,0,0,1,1,-1,-1,1],[0,-1,0,1,1,0,-1,-1,1,1,0,-1,1,0,-1,0],[0,-1,0,1,1,0,-1,-1,1,1,0,-1,1,0,-1,0],[0,-1,0,1,1,0,-1,-1,1,0,0],[0,-1,0,1,1,0,-1,-1,-1,1,-1,1,1,0],[0,-1,0,1,1,0,-1,-1,-1,1,-1,1,1,0,-1,1,0],[0,-1,0,1,1,0,-1,-1,-1,1,-1,1,1,0,0],[0,-1,0,1,1,0,-1,-1,-1,-1,1,1,0,1],[0,-1,0,1,1,0,0,-1,1,-1,-1,1],[0,-1,0,1,1,0,0,-1,1,-1,0],[0,-1,0,1,1,0,0,-1,1,1,-1,-1,-1,1],[0,-1,0,1,1,0,0,-1,0,1,-1,-1,1,0],[0,-1,0,1,1,0,0,-1,0,0,0],[0,-1,0,1,1,0,0,-1,0,0,1,-1,0],[0,-1,0,1,1,0,0,-1,0,1,1,-1,-1],[0,-1,0,1,0,0,0,1,1,-1,0,0,-1,0,1,0,-1],[0,-1,0,1,0,0,0,1,1,-1,1,-1,0,0,-1],[0,-1,0,1,0,0,0,1,1,-1,1,-1,0,-1,0,-1,0,1],[0,-1,0,1,0,0,0,1,1,-1,1,-1,0,-1,0,0],[0,-1,0,1,0,0,0,0,0,0,0,-1,1],[0,-1,0,1,0,0,-1,1,1,0,1,-1,-1],[0,-1,0,1,0,0,-1,1,0,0,-1,0,1,0,0],[0,-1,0,1,0,0,-1,1,0,0,-1,0,0,0,1],[0,-1,0,1,0,0,-1,1,0,-1,0,-1,0,-1,1,1,0,0,1],[0,-1,0,1,0,0,-1,1,0,-1,0,-1,0,-1,1,1,0,0,1],[0,-1,0,1,0,0,-1,1,0,-1,0,-1,1,1,-1,-1,1,0,1],[0,-1,0,1,0,0,-1,1,0,-1,0,-1,1,1,1,-1],[0,-1,0,1,0,0,-1,1,0,-1,0,1,0,-1,-1,1,1,1,-1,1,0,0,-1],[0,-1,0,1,0,0,-1,1,0,-1,0,1,0,-1,-1,1,1,1,-1,-1,1,0],[0,-1,0,1,0,0,-1,1,0,-1,0,1,0,-1,-1,0,1,-1,1,-1,1,-1,1,1],[0,-1,0,1,0,0,-1,1,0,-1,0,1,0,-1,-1,0,1,-1,1,1,0,-1,1],[0,-1,0,1,0,0,-1,1,0,-1,0,1,0,-1,-1,0,1,-1,1,1,0],[0,-1,0,1,0,0,-1,1,0,-1,0,1,0,-1,-1,0,1,-1,1,1,1,-1],[0,-1,0,1,0,0,-1,1,0,-1,0,1,0,-1,1],[0,-1,0,1,0,0,-1,1,0,-1,0,1,0,0,1,-1],[0,-1,0,1,0,0,-1,1,0,-1,0,1,0,0,-1,1],[0,-1,0,1,0,0,-1,1,0,-1,0,1,0],[0,-1,0,1,0,0,-1,1,-1,1],[0,-1,0,1,0,0,-1,1,-1,1],[0,-1,0,1,0,0,-1,1,-1,1,1,-1,0],[0,-1,0,1,0,0,1,-1,-1,1,0,0],[0,-1,0,1,0,0,1,-1,-1,1,0],[0,-1,0,1,0,0,1,1,0,-1,0,1,-1,-1,1,-1,-1,1],[0,-1,0,1,0,0,1,1,0,-1,0,-1,-1,0,1,0,0,0],[0,-1,0,1,0,0,1,1,0,-1,0,0,-1,1,-1,0],[0,-1,0,1,0,0,1,1,0,-1,0,-1,1,-1],[0,-1,0,1,0,0,1,1,0,-1,-1,0,-1,0,1],[0,-1,0,1,0,0,1,1,0,-1,-1,0,-1,0,1],[0,-1,0,1,0,0,1,1,0,-1,-1,0,-1,0,1],[0,-1,0,1,0,0,1,1,0,-1,-1,0,-1,-1,1,1,0,0],[0,-1,0,1,0,0,1,1,0,-1,-1,0,-1,-1,1,1,1,0,0,-1],[0,-1,0,1,0,0,1,1,0,-1,-1,0,-1,-1,1,1,0,0],[0,-1,0,1,0,0,1,1,0,-1,-1,0,-1,-1,1,1,0,0],[0,-1,0,1,0,0,1,1,0,-1,-1,0,-1,0,-1,1,1],[0,-1,0,1,0,0,1,1,0,-1,-1,0,-1,0,1],[0,-1,0,1,0,0,-1,-1,1,-1,1,1,0,1,-1],[0,-1,0,1,0,0,-1,-1,1,-1,1,1,0,0,0],[0,-1,0,1,0,0,-1,-1,1,-1,0,1,-1,0,1,1],[0,-1,0,1,-1,0,0,0,1,-1,1],[0,-1,0,1,-1,0,-1,1,1,0,1,-1],[0,-1,0,1,-1,0,-1,1,1,-1,1,-1,1,0],[0,-1,0,1,-1,0,-1,0,-1,1,1,1],[0,-1,0,1,-1,0,-1,0,-1,1,1,0,-1,1,1],[0,-1,0,1,-1,0,-1,0,0,1,1,1,-1,0],[0,-1,0,1,-1,0,-1,0,0,1,1,1,-1,1,-1],[0,-1,0,1,0,0,-1,1],[0,-1,0,1,0,0,-1,-1,0,1,-1,0,1,1],[0,-1,0,1,0,0,-1,0,0,1,1,-1],[0,-1,0,1,0,0,0,0,0,0,0,0]]
[[1,1,1,1,1,1,1,1,1,1,1,1,1,1,1,1,1,1,1,1,1,1,1,1,1,1,1,1,1,1,1,1,1,1,1,1,1,1,1,1,1,1,1,1,1,1,1,1,1,1,1,1,1,1,1,1,1,1,1,1,1,1,1,1,1,1,1,1,1,1,1,1,1,1,1,1,1,1,1,1,1,1,1,1,1,1,1,1,1,1,1,1,1,1,1,1,1,1,1,1,1,1,1,1,1,1,1,1,1,1,1,1,1,1,1,1,1,1,1,1,1,1,1,1,1,1,1,1,1,1,1,1,1,1,1,1,1,1,1,1,1,1,1,1,1,1,1,1,1,1,1,1,1,1,1,1,1,1,1,1,1,1,1,1,1,1,1,1,1,1,1,1,1,1,1,1,1,1,1,1,1,1,1,1,1,1,1,1,1,1,1,1,1,1,1,1,1,1,1,1,1,1,1,1,1,1,1,1,1,1,1,1,1,1,1,1,1,1,1,1,1,1,1,1,1,1,1,1,1,1,1,1,1,1,1,1,1,1,1,1,1,1,1,1,1,1,1,1,1,1,1,1,1,1,1,1,1,1,1,1,1,1,1,1,1,1,1,1,1,1,1,1,1,1,1,1,1,1,1,1,1,1,1,1,1,1,1,1,1,1,1,1,1,1,1,1,1,1,1,1,1,1,1,1,1,1,1,1,1,1,1,1,1,1,1,1,1,1,1,1,1,1,1,1,1,1,1,1,1,1,1,1,1,1,1,1,1,1,1,1,1,1,1,1,1,1,1,1,1,1,1,1,1,1,1,1,1,1,1,1,1,1,1,1,1,1,1,1,1,1,1,1,1,1,1,1,1,1,1,1,1,1,1,1,1,1,1,1,1,1,1,1,1,1,1,1,1,1,1,1,1,1,1,1,1,1,1,1,1,1,1,1,1,1,1,1,1,1,1,1,1,1,1,1,1,1,1,1,1,1,1,1,1,1,1,1,1,1,1,1,1,1,1,1,1,1,1,1,1,1,1,1,1,1,1,1,1,1,1,1,1,1,1,1,1,1,1,1,1,1,1,1,1,1,1,1,1,1,1,1,1,1,1,1,1,1,1,1,1,1,1,1,1,1,1,1,1,1,1,1,1,1,1,1,1,1,1,1,1,1,1,1,1,1,1,1,1,1,1,1,1,1,1,1,1,1,1,1,1,1,1,1,1,1,1,1,1,1,1,1,1,1,1,1,1,1,1,1,1,1,1,1,1,1,1,1,1,1,1,1,1,1,1,1,1,1,1,1,1,1,1,1,1,1,1,1,1,1,1,1,1,1,1,1,1,1,1,1,1,1,1,1,1,1,1,1,1,1,1,1,1,1,1,1,1,1,1,1,1,1,1,1,1,1,1,1,1,1,1,1,1,1,1,1,1,1,1,1,1,1,1,1,1,1,1,1,1,1,1,1,1,1,1,1,1,1,1,1,1,1,1,1,1,1,1,1,1,1,1,1,1,1,1,1,1,1,1,1,1,1,1,1,1,1,1,1,1,1,1,1,1,1,1,1,1,1,1,1,1,1,1,1,1,1,1,1,1,1,1,1,1,1,1,1,1,1,1,1,1,1,1,1,1,1,1,1,1,1,1,1,1,1,1,1,1,1,1,1,1,1,1,1,1,1,1,1,1,1,1,1,1,1,1,1,1,1,1,1,1,1,1,1,1,1,1,1,1,1,1,1,1,1,1,1,1,1,1,1,1,1,1,1,1,1,1,1,1,1,1,1,1,1,1,1,1,1,1,1,1,1,1,1,1,1,1,1,1,1,1,1,1,1,1,1,1,1,1,1,1,1,1,1,1,1,1,1,1,1,1,1,1,1,1,1,1,1,1,1,1,1,1,1,1,1,1,1,1,1,1,1,1,1,1,1,1,1,1,1,1,1,1,1,1,1,1,1,1,1,1,1,1,1,1,1,1,1,1,1,1,1,1,1,1,1,1,1,1,1,1,1,1,1,1,1,1,1,1,1,1,1,1,1,1,1,1,1,1,1,1,1,1,1,1,1,1,1,1,1,1,1,1,1,1,1,1,1,1,1,1,1,1,1,1,1,1,1,1,1,1,1,1,1,1,1,1,1,1,1,1,1,1,1,1,1,1,1,1,1,1,1,1,1,1,1,1,1,1,1,1,1,1,1,1,1,1,1,1,1,1,1,1,1,1,1,1,1,1,1,1,1,1,1,1,1,1,1,1,1,1,1,1,1,1,1,1,1,1,1,1,1]]