0
1
321
-321
1
-1
1
-1
9
-9
109
-109
21
-21
201
-201
2918
-2918
86723
-76723
77042
12592
40824
92746
-89
52895
-53932
-19357
-67909
45216
99267
32737
-19599
82931
-26214
-33924
68466
-18575
-9056
14372
83313
-6077
-19286
-29308
22907
-33716
-49743
-72898
5638
35563
87005
-75922
-64648
-60224
8482
-11584
-81498
-61583
82701
-3333
80967
-42254
57597
44159
-11517
24802
98834
50545
73342
32649
41351
82401
-1141
59787
50248
39462
-29893
86198
-37493
-44099
41784
77256
-68636
-9473
-79194
-56246
3597
-9491
-9993
95507
-37552
90358
22158
-23948
-39419
-23915
-51202
-36194
-69696
-28902
27415
1161
39267
54871
-55151
-3865
65458
54522
2394
-72511
5087
47379
37331
-72644
59856
61381
-80276
6949
73886
-88429
54751
-27014
187
33188
-64478
79241
32859
67955
4627
-9168
61989
9786
-31777
-28685
96006
49864
-94
-37062
-53976
38718
-7564
63338
70865
-24976
2627
23273
84891
81768
-19139
36406
32921
23187
72082
-81445
36743
74048
-83318
87004
94032
7122
68271
26261
-71623
-84015
-33746
-37711
52976
47732
-41862
91642
79074
26295
5578
-18566
-81465
-77106
-25904
19172
-27759
92751
65422
41545
-21105
83091
-8465
65845
1831
-56384
-61526
-29285
84461
-998
-31672
-96903
47703
-19838
6096
-51367
-54033
94666
-86088
70852
-18648
73951
745
-38428
20452
-91397
-70044
45729
3406
36344
30413
-2762
73784
62307
38893
-45262
75668
31188
-27723
-79303
-47749
49834
-16096
-36531
-64692
6044
-75949
-10285
3019
15869
46375
30998
84618
-525
-71318
9925
81352
52213
-4912
-63858
-81453
-1429
-42003
22409
-22321
-6644
-13762
-6003
-1905
-65817
26189
40259
35095
21243
-37202
9349
-24662
-9142
-4742
-64121
-2821
78171
83006
78969
-11526
-24248
-15326
-55148
13945
-30099
-86745
-74274
47434
92445
56519
1089
-34223
-4667
-78509
36737
42885
37731
-70568
-23985
99984
49923
-3728
-351
31626
-7584
68883
51947
99975
36797
53514
9343
63244
-93245
59787
-43588
85478
-66246
-57443
-79092
-70183
81676
71318
62808
-4401
-6963
-12864
1931
-71225
-35183
-35158
-1519
-96546
-40557
42973
48421
-6217
67396
93355
89542
-54172
-95405
21656
57318
33832
39156
-96526
-15979
48154
43524
-75087
4195
42876
89543
27059
64612
-95435
-53521
-16665
-35235
93431
-3385
-70242
89491
-4277
525
60166
-7635
-26827
-79798
-96108
55822
-20999
35096
-25654
-16796
90898
-40876
13759
80438
-19389
-27906
-50669
23113
-36291
-50107
-87056
-31494
-20744
74245
-92898
-15128
30699
55639
26996
-85648
72026
40294
-77929
-25444
-7933
-77344
-8157
8308
16944
-8257
88947
8703
83732
87268
45505
-70487
42656
51217
15604
-6453
77564
-22009
56085
-12093
43773
-27868
48088
-6663
-44119
72283
-7399
33607
-94967
51505
91209
5758
63381
5427
-4071
48482
-91967
31586
31756
-9259
82849
75589
-59079
72308
-24734
8997
5521
85707
47874
69682
-37965
-22712
98888
-99513
76787
6411
9512
21749
11911
2809
-58583
-7695
75366
-38757
-33478
-51569
21087
15649
-42842
65873
-38
83539
83029
11765
49959
-70329
-87551
4217
-3077
-17882
-29002
-59855
-57995
-1779
-84139
-3474
-4321
-75213
-73291
62992
66468
-51528
-11235
-38661
988
-30427
-5463
893
-84511
-52118
-82498
8241
-45861
93661
1266
-72048
-2051
42478
-43527
-8913
76328
-313
58356
73328
-14408
-18979
-38656
58867
-40509
-18943
-24465
-1939
2091
1092
-72633
-57586
-77089
-11743
-98903
-99037
-51231
-40041
49699
-78777
-667
-31964
-8446
65874
-5712
42537
21968
94186
-90564
-55118
-16263
-1825
78614
62744
72562
23974
83348
-75533
502
-50974
6337
-38183
58521
-9559
54552
-54925
-25374
68934
-51201
-27764
-28206
-93769
-35222
-979
-26082
-19114
-18182
-89954
-11481
31261
-68643
-91845
-63734
92478
22202
-6407
60982
67414
43405
-7998
76614
-89564
-93234
51601
-73505
6912
83321
-31638
-73919
-77362
3425
6109
16535
56343
21181
34889
288
72692
-98345
-2449
-47799
-1056
-68804
68186
-80577
-78677
-93344
-75956
-94535
74281
-90014
44146
53259
10077
81766
-30907
89143
-75949
17838
-11604
11409
88139
55312
-55356
2857
96297
79333
34787
-63535
-26901
19847
9903
-47919
-77861
15577
3996
-88757
66091
76945
99388
-67348
-12308
-33472
36459
21574
82933
49902
54874
-78776
-7615
11222
35692
91907
-49411
39494
62037
562
-996
-36782
27314
-93981
-87689
13054
-30925
-64211
80547
-91594
-90874
33296
-67626
-94557
-2561
1045
-71263
41589
19762
-39558
-93737
-54388
49795
-4601
35756
-86117
-5273
-71298
-23819
-80843
-58237
-88121
-62709
-3443
-95806
4395
46325
-54939
-18997
-46197
79287
29
93432
92118
88687
6414
-99427
-72877
-45079
44708
-103
-61252
-37402
-632
-42503
29887
-98787
-84532
26486
-25833
-76963
-57451
-46616
-44098
-42909
-53394
-67524
-21028
-81462
-80269
40701
-91841
-39954
4708
-94757
-75977
-9533
-53583
43768
-42307
-27003
-6924
-61962
-20486
21671
8924
21793
36143
91521
31561
-615
-73371
-5524
16392
80523
-2531
-79653
8515
31014
15684
49548
-4923
53128
-51724
-74069
57299
30468
-12074
-14512
99979
2778
18923
-65045
78793
-79802
64007
47721
94164
-20534
5195
79708
-61886
-80545
85875
2758
-30826
-31978
81549
64308
9335
-59093
68032
18492
-3136
-40809
58882
-98509
35155
29892
-20207
42971
31588
24154
-1508
-63371
48034
-14009
-50014
26448
-8588
-33598
-17597
-5186
-57247
-93408
85825
78101
50963
45704
-7179
-86676
62274
82193
-38539
-7052
-6513
83565
-3472
-70226
-43455
-88887
41737
86328
-50444
68344
-56579
33541
51168
62756
-40639
-39489
45
84625
32421
14276
8556
-10529
65515
3427
44341
88835
63008
25037
-53483
5854
47592
70998
87023
26861
7646
1782
-48564
-9469
-58782
60862
-5221
9317
-86456
56736
42951
89948
36668
3592
-31833
-34236
74864
75696
-96854
57242
20982
63143
82184
-14772
-37628
-55566
37471
-10867
1824
3293
57096
-70694
-3172
-75024
-22941
-95308
81105
-40309
62725
-89806
30952
-20766
85359
-71208
83528
44113
42645
-932
-61
-85478
23314
-76419
56689
422
-86161
59491
30172
15181
-25064
-3606
-76143
70921
-77888
20691
-64188
63563
3219
18273
-4779
-9937
-48657
-56348
-53069
-10614
73271
-2833
-75301
25298
-88754
844
-66223
-66797
17358
59064
-58752
-93473
-67264
1602
52075
-30171
-59708
-22747
-8496
-19032
-82827
70918
2921
-34944
52411
-16189
92834
23055
-90109
-86784
-60245
145
172
-50524
9419
-183
-37852
5243
-59008
-92831
11127
-38054
44936
79322
-2648
-44205
-9335
-12041
-17856
24644
-57483
-15337
-22505
-6687
84875
-9483
83005
-40687
-54723
29071
-2588
-72202
-23088
-26341
-6217
-77254
-80832
45624
-80182
-35673
86588
-2684
3778
-39258
97544
77099
-12796
3177
40996
-90082
-13479
88617
6628
-47282
51218
38683
72119
-49014
8803
7775
42154
1942
5588
2035
-5017
5484
-5922
52422
9227
-34938