[-1,-1]
[0,0]
[-1,-1]
[-1,-1]
[0,1]
[0,0]
[1,1]
[-1,-1]
[0,0]
[1,1]
[2,2]
[0,0]
[1,2]
[0,1]
[2,2]
[0,2]
[3,4]
[2,5]
[4,6]
[0,2]
[3,4]
[2,2]
[3,3]
[-1,-1]
[-1,-1]
[2,2]
[0,1]
[7,7]
[10,13]
[10,12]
[14,15]
[10,11]
[-1,-1]
[9,10]
[7,8]
[16,17]
[8,9]
[0,3]
[16,16]
[14,15]
[5,6]
[4,6]
[1,3]
[15,18]
[19,22]
[5,6]
[11,14]
[-1,-1]
[15,20]
[-1,-1]
[22,22]
[-1,-1]
[12,12]
[9,9]
[16,16]
[0,1]
[6,7]
[14,14]
[-1,-1]
[16,16]
[0,1]
[5,6]
[14,15]
[0,0]
[11,12]
[0,4]
[16,19]
[3,6]
[15,15]
[8,11]
[20,20]
[14,15]
[0,5]
[7,9]
[17,18]
[14,17]
[14,16]
[11,14]
[0,999]
[2497,2513]
[15085,20103]