"/"
"/"
"/"
"/"
"/"
"/"
"/..."
"/..."
"/abc/..."
"/..hidden"
"/..hidden"
"/.hidden"
"/.hidden"
"/.....hidden"
"/.....hidden"
"/home"
"/.aa/....hidden"
"/..aa/...hidden"
"/home/foo"
"/c"
"/"
"/home/foo"
"/home/foo"
"/home/foo/.bashrc"
"/home/foo/bar"
"/home/foo/.ssh/authorized_keys"
"/home/foo/.ssh2/authorized_keys"
"/home/foo/bar"
"/home/bar"
"/home/bar"
"/is/here"
"/e/f/g"
"/JY"
"/jaxJp"
"/z"
"/Z/F/JdR/dRjwa/IE"
"/BSeB/Sd/glYX/gr"
"/"
"/TJbrd/owxdG"
"/f/R/FM"
"/Ei/pf/KZqb/vY"
"/PIp/UoeWf/aS"
"/q/TZbls/MjyUh"
"/uxKf/m/onMiz/FBBu"
"/"
"/Zfq/pSEY/cSJ/CI/vJ/j"
"/qvzVS/oBx/lyLw"
"/bGWC/lAqL/QkbTK/nP"
"/ZWuLz/R"
"/o/TBKI/Bggy/rVD"
"/"
"/"
"/b/DfZ"
"/"
"/Mk/XY/MxGvG"
"/qy/jThxR"
"/VZZe"
"/"
"/zqfHS"
"/T/E/BrEr/qU/TYek/TaWy"
"/"
"/yq/YzUX/COlc"
"/lGyI"
"/E"
"/"
"/dGd/xyJO/iULS/gjA"
"/avzSI/rXZ/ReriF/I"
"/Ie/fQ"
"/"
"/cHj/T"
"/K/BruP/RMplU"
"/ubYgf/tFM"
"/N/cKX/bdrC/ozFyd/NyuwO"
"/F/Krh"
"/"
"/AagbK/iavh/M/rmKaS/tXD/lND"
"/"
"/oCTY/XJwyB/zA/qgfp/RQFl/kY/Pa/nth"
"/LQNoS/RXzrg"
"/zkFn/xFOf"
"/ID/Zu/e/LKny"
"/wt/sr/F/m/bi"
"/ZCP"
"/b/dJTgm/ovLE/VqMN/JVZuS/AOqsS/bRFnN"
"/"
"/"
"/CuD/T/vTHVC/uh"
"/"
"/oMu/yB/GW/uPLq/gYJ"
"/GOWXH/u/znrx"
"/SUGfM/cdc/FNWLJ"
"/"
"/F/rVH/jmkyl/wpxS/sRC/cL/NR/tO"
"/mYedp"
"/xu/lgEah/SZpzH"
"/JD/nA/tXa/nPwm"
"/Fg/CP/oI/jF"
"/pv/EYiW"
"/xmtgE/imKv/P/uDhoh/w/vWFR/kdJOi/tKI/k/NJ/zoUnW"
"/VUH/aiAdq/bJEU/xP/NdGqR/A/IeikD"
"/df/qTV/uD/WxQye"
"/NWtm/KBp/TQdj/a/v/rsJ/lsw/Gh/gNBxM"
"/W/lslX/JYX/UBd/nT/Gk/HY/nF/C/xXd"
"/jCS/DsL/caBBE/WK/XiRY/IpwfB/FLZFi/HVAf"
"/"
"/MgS/EPUE/y/tRN/FB/iWvbj/GaE/tRXc/C"
"/jbgU/Qu/CmY/x/np/uFpB/d/sD/gTD/n/eg"
"/lepU/K/rqLo/Yt/A/qL/g/RAuC"
"/PkK/Gma/k/M/tg/lFaie/ud/fOB/RXTM/FQZWk"
"/q/if/RRfQ/Dk/Wk/YX/N/UEkZ/S"
"/hA/xnf/mPUEZ/vcO/ykCX/TcQb/x/GsPM"
"/EQnvK/LQnJc/rI/Ckzz/lmO"
"/U/sNSd/H/zIH/HV/KyVOs"
"/ZUFaY/wMzVK"
"/Jv/Rh/BY/vCtA/FRsQ/j/JMRx/l/dfUn"
"/Ei/XoAy"
"/zu/q/e"
"/AOC/IGnSm/e/bRZRS/J/qjMEY/HMA/Z/Y/MIY"
"/Rtc/q/FT/GG/db"
"/v/JOvfK/Ak/t/rO"
"/"
"/LzFS/v/i/RzGud/etmg/x"
"/iegyU/nKF/Oyb/ZZ/TiLPk/M/NR/eHbD/fDfiy"
"/DMg/yy/RcHo"
"/pnH/gAQ/vDMJQ/X/d/fhch/VKoGG"
"/pgy/Br/QyRL/Aey/K/gQUF/m/HVuA/VuYan/otSdc"
"/"
"/esN/xrve/eJFAQ/Bu/Jqp/s/hRr/jskm/bfp/Lhwm/s/hN"
"/g/URW"
"/zy/k"
"/dBTh/Mvjpb/PP/i/nZxxG"
"/mT"
"/gU/MOis/CO/Xbv/tl/xVYgo/ii"
"/SsY/qI/kxBG/jnMYP/XW/egF"
"/zk/ppTqc/LtMxk/DStr/YML/fujl/FQ"
"/kBIh"
"/SzW/jO/uQytF/GO/rylaF"
"/ZDm/KGKHa/MHb/TAh/nwJWv"
"/KkvT/LVuSy/nLr/LCPuE/sjZqJ"
"/oDPc/PnF/esaB/vPH/xFNu/cBh/qZ/XlmOR/SkC/qKbXI/P/dcFKB/n"
"/b/hyOJu/oNSt/IRDK"
"/C/LEINn/amWR/PjXVh"
"/MHRY/DVnV/D/cj/QAr"
"/J/bumPe"
"/gH/sFS/vSsqU/Lq/UpM/l/ENg/kw/fZBkA"
"/wFmgf/e/SF/g/MJY"
"/je/asj/B"
"/x/Y/ujp/kBE/Ax/vVQ/mJX/kn/DOJSv/hc/s/ULQ/T/jOGtY/I"
"/Kkz/f/yyhUI"
"/jQ/qf/LKX/K/wGXkh/wl"
"/lGwT/O/AEc/NhDwO/ceL/gge/nPFDz"
"/HrRfw/YwpaM/yHqLG/bIJnF/YWJ/RzxEb/ZVIeu/JZEKR"
"/uqNL/I/EO/Cv/Hz/xahmI/HwZmE/Y/R/cFwy/xgjD/RDFkV/SLi"
"/f/ONmG/eMlWg/M/UpEl/FQOg/bA/GaD/a/MnR/fyC"
"/EbMEn/XNys/XVcea/frbnA/p/iXB/ix"
"/ErQ/vFd/u/EcHrx/x/XFSI/wosiN/PK/SgH/k"
"/Kc/YlRoi/S/HPEU/Pn/AGbB/QHoxb/pn"
"/yKG/clPT/NWS/QBX/t/jD"
"/ZAgwK/qPjR/N/Dej/WIAVW/bFv/sv/Ku/zeslq/VB/tNpoD/Th/otpUJ/b"
"/mO/CFpx/WxvJ/zoSSH/G/fue/earUG/a"
"/fr/AS/cCaFz/ibpt/ige/xmWf/eIOco/g/o"
"/d/Dt/wq/m/VtNVY/Bf/qnx/RfEru"
"/Qc/YsUJ/Idam/EWmzt/tWj/uWvf/xt/vATL/bXAH"
"/Hk/tpd/TD/JCUr/FokjP/af/Y/ax/qUg/VEhR/ne/J/cCebm/tmfUq/nr"
"/ondUJ/GEa/svJgt/qpAv/s/Y/j/pyU/zocP/NQ/fO/TEudk/HI"
"/acr/myKn"
"/xlOl/R/suc/QKtx"
"/kBK/Ko/kmDI/cOGd/am"
"/nIe/D/eEVJv/uQ/LAXWo/z/hXMQ/u/jyA/gSpW/bHr"
"/cD/DZ/WSx/jWjYG/O"
"/En/laLU/k/tJsZ/zFfLy/ZIXG/FibCb/kWD"
"/qtLEp/j/brhwo/i/CB/ui/tMUd/NUw"
"/ECHPh/XI/FO/D/NoWsH/GfGM/VcTUv/fDlg/bPhE/DjxZ"
"/yX/jmLc/Sw/e/MS/MJU/E/Wl/M/adgJ"
"/AUL/P/eB/NojC/hhZ/wO/ZMv/S/DylzB/thaH"
"/OEgPw/Cpl/bFB/IiAhE/GA/fI/Qp/w/V/B"
"/yvc/BMaS/nz"
"/rd/IhrmM/xiA/LYODC/aRnm/GZR"
"/KkWr/mbQtZ/KlYB/reX/Xmy/dbN/DJBH/OSxMm/nUt/Ed/S/JlXK/uLwma/Ih"
"/Z"
"/zayJp/x/XrEUI/TXx/tM/ojNLx/MQjlo/RcEYj/DmlfU/QfBw"
"/FZ/ZQw/Ee/yAfy/zppA/OYajA/ZpX"
"/Ckg/A/fylW/uvUTr/eDhUr/BmB/hfb"
"/DQS/Uj/zaL/m/VDD/WHImP"
"/qSNIo/BtIY/DrG/MTWto/dz/KBIma/y/wgatd/fhrm/ePfTD/Hef/mhZ/JR/vnZ/cRCQu"
"/OEFWh/UrvU/gtMu/fI/fLJ/sahi/SZv/m"
"/SFh/NrU/rD/uOm/SXpB"
"/Yih/LmJ/H/DPTYR/OhGK/r/WqRD"
"/MeqQB/gur/zSxM/wccrc/UOP/lTVUL/TOIg/yDF"
"/VPLW/xIV/Rp"
"/OV"
"/oxs/SFXj/c/vOLTA/Byw/dlPsh/XUn/LVT/TXFp/FoFSr/DXa"
"/Ijn/Mge/MIbM/CQSm/xPYD/gvF/VBt/eDU/knyl/r/aMyVk"
"/wje/TCPRP/vS/nN/iG/j/N/B"
"/u/Nsct/o/SZsw/g/JOnK"
"/y/WHtPT/PPhV/w/FkiQ/To/uN/LVLQ/TOrvK/bzeZ"
"/oYOA/efhOZ/aJ/NF/t/H/dpD/OXTW/DcZIa"
"/b/tiBkG/PuPp/I/pHG/sfU/W/qk"
"/YE/i/SuQf/kE/UAgl/kuom/kM/aeyCv/A/pNoY/jXBV/oCQPP/Jt/Vebqd/ySe"
"/w/Vgl/EVD/Bj/mzu/b/qx"
"/I/q/Bh/c/MHE"
"/W/dfeT/Y/bdEVF/YiS/NL/bdzaK/SUpXs"
"/lU/HkOPFethUYRJYwGjzHMe/hGXBMGFqtOjs/rmSJGOpIwm/CLuUcSXPiwjsK/uAmXcWR/tTrlKBgzBlNEwF/OOpDjmMoTvaedK/YYjtE/cH/KOmxKcGmWg/qGCOBeWiABLFqcIOmz/maSVbpF/CWFbBs/vvUmYui/KCVaRfmLpZOzberV/VHOA/jphGcKrSF/kJkDRYKtpUosUWVbD/gclGacfgDoPGdiXxPWyc/MZIcVQZzab/DIGNdzzS/qBPDkxjWjEQlv/Njfre/hxoM/mKKOwBVEWZwjagOuWi/QuopYsUtqgnqAiXwE/ANrXgVcSNejG/FIfSyTz/UZlMfMXBUmuCDhiVQf/kqdiy/aRxweiOpLcczy/RPed/e/zbO/M/qfBhtXbBFuRBPQrYpTx/tZhVBcmIMlnygAKHKdcT/rQllOCPKsfmXOdMT/xqXODEft/fDWbSnpMzPd/HIQJuNdVfdlpqBKA/OhBzBcujoxcpY/WKPXCkCl/FEncfxOdTdcBPMUAS/OYcSyadfthTntUAsjUm/iTURgskcGXkmDKWLcis/KvNnwUvQcCBJ/tX/DfxuGi"
"/ZUEKUr/mQgCnRJfQNIZg/KBBImXbXDEclofboL/tUwMwZzcvkFfizDilg/gM/cBmkdtUVdAQ/gCgcGeobJBMCDGIXw/sMXnmxXrzBpkmssuPKT/yRNwSo/JEUmkcvANwvsrw/klHbRNEJLWvSaz/zgZHxxnK/Ha/RUJfZEo/w/D/HYsTPrFyLEFX/VCeexmaHTqdbY/Gkr/VICeU/trbQemaHKwYpQ/JTbuiwNrWCyEERc/aWoePM/GNmRJROCxIhHkl/wWiRZiqA/QMjifqukwQ/UIKpIhcRmPlM/cdNIgbBP/CkGu/lqjZJHdyfbpVdQsygw/JhugsGGBRd/EJwkObqLYxQ/LSWEObQHwFWztAB/CuyLucgUfNkE/vdu/fwdgPpD"
"/DLCkPZxIAWDX/iIQIncFWSaMLG/RVOlTgYl/NnTHKiAVWVCPCARqna/lxbPdAlgTC/eXBfVOBuPbBRb/gE/FkR/CAiQtMuRub/xOcs/RtEkqhqCLZAkCzdX/SNMEIs/cyneqrDxUosUhcGAB/bPHrLgioq/HhFgLUjEFrg/nKlbXBRicXjxNBLD/LIUAUsBU/kTqEWZYpIdRRxDV/pLjoiqd/Cc/tOLsCMtVJcDDKcuPM/fywuWZOHnln/UjepoOdc/ExXI/SYsxkdfeRHPuRZhsRrQc/uyGh/EjJsGlCLKMpnzS/SYoyFtsznGK/NPn/kHeVSrDVVfhv/CSXZeqLgJOLbyZZNiJGa/L/AOldPsSFIZqKKixZQ/evwGyGJhoKvvyot/pWtiAkFrvnLTbZZT/EkKrRJyXmNoUWCDr/qHgRjqETRtMfrX/WZxvvGRWclANrbuLuu/MCRZBSWX/IYshVeeYGeHEPAsDYDp/HFaPOmbhjNq/OXRFgVU/uxMsClzPA/cPlqKKvZNAQKzwFL/uvKKsZoHjZArQQ/DJruUeMYHMlhKPkFMy/NqdCweXujNHGJTL/tjhFFsOMeXWlNeDJjf/EqjhEiYgVbHo/nMzJgmVGcMlZgTQhwC/MXtPzGrZEB/mtoy"
"/kFVKkqZsYXdS/XDRoRPjM/rfSQmpldqIRKUbu/YFVyJudayVFd/uETRGF/edmDnUgucEl/meMZpIoWlXIDT/MGdZkWmxLpxpdLLqq/lNFbGpKyHTI/zO/tPdr/TPwdIO/PLHjfpa/wdgmZzsPQUSEiiLC/sMPiJHgp/BXdoiarLIrQHCRIWLP/DbkgFBIxTMi/puV/STZppujUkYcp/McXepqZtpWRZEld/avgHlsAhUaiahf/ReSzflLX/xsaB/lFbQoNKghJM/iPKOCoyQEIxld/oYOBqJsrDPVqNYX/roeVMBSESqiNyNKi/gW/KTCOPy/bQ/lkNDSDFsBJp/iryXPfkgDrcIj/haReIup/DEYSoVAWT/BeRzEqHTucJTy/fVWyhOcTDZJAmkJT/azga/USEMpMaNmIUOnfR/pOwgxQnZGNPal/eVNXINOSYXRcSXi/StkifnEqC/Foe/oqGv/q/GPrGTjZVRKFxfMtdLz/B/QT/yLZcJszs/MB/li/AGb/FZ/FIt/sBhwjM/boGxpjfhiuzFDCEXz/WLDNTb/ClkTpHyQVdZuzpfNDoQ/kN/jzWmimZKVLi/jKjGCQwrcdCgaMk/wI/iSPCZiEYob/fodPBxHtT/bq"
"/uZlCneFUBXwqmtUJma/WNegDP/LSlBByb/N/zufefzw/mQgef/SiYrJDPFeiUU/LUKIHajqedUXJKMIL/LJnMQqtlxOHifpBxn/vAMiyzCCVkmlfCF/oOoHcviioJUKTeLHVLN/ZPZvxqcf/tbgBKMEiFitsElIvw/YXOlz/NNQNeCOK/CCbYodzlsFLP/lIIZOwZYBPsT/GhvWDsGtwwZKLiDyIZc/ewZTtELlrPR/B/PThteiNJdxzUTX/dLsuKJOXOg/EGWRJbTOU/xaEYTvljkcgvvwiuMpO/dXEFcRoTXTtKqGLRkj/lqDiawgtTfvY/YwR/dBQFw/CbSS/NCAMuNlSQfKGhunrb/aqhArYlVOGiiceDpRnt/Hs/gyTgiuFrykQRjFJMG/zvQcp/bS/eQw/IceYZ/MLuNXOYhXhBPoHCQ/onea/vLzCckOQyfcZvJBVsk/FKDJJECwrrpxVB/oYLSuPTPeXSgVjUVhRe/RY/cGLjidAmBhLjWqmg/LZlsPnf/rIRbBLKKcfvwTwRLs/vmfa/nfZzIGDviayro/qZu/TGKweblYJRQyfehtvQFj/uvZ"
"/cyhOiEsOT/eQNFWhGWfycioJb/vzscnKljyOloMYEc/MZAzYn/NH/gTclhIyxv/wGMZmUMOgwIg/B/kkDMYroSpfUgNIFtGUG/noQaAuR/VhkJWHmfcvnbGntLdRm/OhhhjFIzPUZgdiD/WVNaFYpbfiguk/GCfZKoVAMwyD/aGFjTSfRmtQCKUoFk/HsIuoqQXrzSGoTRmvcA/qxGmZaGPcHfJCt/Vp/yiJZzsIQ/Z/kWcKYLmfoXop/LQgpvBHF/iibVOkQziVGYRIGNxC/aZAvWkDPFDxNVcclnr/BvxFKe/tHSMfIKQbNQFeTu/JlAEZORoLZfqtcTAf/myPjHQFcnErpzADxOKr/LCDxzGAkAIcqMqqfRNem/zcuPjNdC/Fee/wDiZQdHenydFG/eluds/FZBqDnDyjUVrGqCsR/rHnCsBZ/MfZWzH/JXc/DTHopUXQH/InLWoM/koegDxl/wBPfhWRdAEbN/uhYSHSYaRtUgtDuNqm/APfGsbCYrUBSv/NhSKgKtjxadBBHIEXlZD/OHePqfqzCndJazAdvfXd/cJKxttd/ESZB/HZxvAr"
"/BRXvYnNWVWZlNgWkBPj/qTBNaY/hXwnd/ifSezVjiZwysfd/OjibMMcWhrZi/QmMbppNHgHUOtKcFoQ/L/sBIP/dcYXbHmnmHtm/mdiWlPtGaMJR/AHrjHKLlSaEj/hzA/BvAxrV/YYg/uKO/SRwqZnFeWzk/HHQXINWTZfSMNjP/ROQRCswLcWZBlmib/PQkwWtVtEzBJAMt/lkGU/cvSCeZoGJTOWKHEp/FiuUiD/LKZYGRMIWKJz/MGanflzTIObMcYW/foVUAQoKn/QtHzIALfZTnrFexbdN/rAqbMT/EvoXWaxt/NzIBQf/vKpzDLscwb/eaJaFJOkvhSU/DKP/iTaZxkkKhbezkHVpLtR/VrKFEIGwczB/mUZOAodCb/JeFFworqTPM/lIc/vldNjYF/sRleisiHoV/hFvIuUpgolGDkb/IBacUlnaEizF/CnkzsWwOelXjxMM/DureAleALWXA/oMbuYpZYHVidf/WHZUbEwZRjrZS/YZzNnK"
"/Ey/tGTOpEYLanDPMbi/GSQ/lecgkBRZAVAxZ/Zd/mk/ATwoPIhGxCJ/aXQnUdOa/ghFWgHbsbtwC/dqnUEkXWT/Szhywanfeq/wkuyecUs/kcQBpYsmVK/LJlKKjVoMSd/agJXrBN/Dg/XOkpesihfmM/mwAQwacSdqPhZt/MQXrcLcaqFX/RydpRMPOVQcbCkREn/VHXkg/JqGXusfFTTrYzhrPdSSF/mtFa/bpDtnlOa/cIXfRgPdpVinySWVwZL/IixIezvPlipikiEGFhBV/yNdUYAPdkmXjeygkmrJ/Xx/CouwagZdaOBRa/ks/uUdMVLMECAmfyZpEMfb/uaLqqFutkvTrhmSiNql/LNNgsXCVp/EcQd/IdMOhJOtHXkqAi/GoTWQSOzwIzfeYv/bVFpaNE/bSnAMjnpMtj/twdbrXhwmRpKVrFluUA/U/oZxnyCK/gadpSFEKEwlxexkCrNN/DfOnawleHNLkvDFaRsM/aj/UPCOEDUHCTM/guDKoQLUxK/W/WzzymEguXHWA/GktkmPrBltEjhDtbCrGH/MCDIBEsyoOEe/b/PrtMJuYAQ/qjxcVyDgudaET/nFvXtHDrUDohAYwkeAZ/DZLneYpMfaigp/TjLysoIqQuvyGyzXYi/GnNTTias/eKvBRtp/aeqpSIyC/qSgNfCEy"
"/rrjiDpZDUSatkWHZP/CaSdKokqZPgOolMweXHU/NbCsaQptPnGdTb/AyO/MPG/c/EMaMhhjDsLEJCj/bPqVGHGCCBtVZkiS/Eryiybpdy/zigq/knZFZkqXwZxLDANbn/mrWXOBwZ/PcBfvcBcmFHsYJRU/TAPZXoyr/jYXbnlxyiaXhSNKtXbkv/BwIbTInBGYXcCqKzXRRj/k/aZgMSGMYUCjhjBoa/aCmXDzY/PWsHfqURZROnrbyH/pbJPqkQjIJhVWuVB/pJOFh/EPFEXXMOmVadRRep/LOtnpSSKSjQkA/Juy/orygfbvRsvWzaZfyGau/fQHSEYwQBZ/hVAoDDVXvAPrD/GOBuSOQNGo/VnQvSjBXf/bmTv/ZjKC/masbSeQQudvtw/kOdkPGCZXaDqFmomfqo/hgoaSjTLZKXpF/SoTeluoRzSRlXXmR"
"/HpJyRiJUsCoODkntHS/WsTMBrnKKhnRPfX/nLbVQXVdOpH/Mqpts/PVcsSvMldQNPSPburEJ/WvAGQmXHzrMBPqxzi/HNT/fenizNPlgmCrxdxom/gqzqG/kCDxDZJZPJCys/bbw/TNycEEpqXqlBjVeBC/dZhFnvWitJmSSJTdp/dnMbPUClGiIZsx/ub/fQaBORgtLrMrhLYwU/AHnaBQVQwLyZxO/QDlrOJfCCR/GzvIdPyBJ/kwa/hBagBGMuQfRu/mNDRHPACgezgK/j/VmpT/ZjEwmeBzUV/cTyTOuKjHnflwjp/QlOvt/nwFDqLUmUFLdHAzlGQ/GtfsfYmhWdV/KbFxNdKI/svdBCB/OTW/YHyRwrEDkeC/YPqulwqIaBxOceCW/yBacqoAVdJDqlZHHE/E/fXHdIq/lnVAovSEumgMpx/fy/r/UNlYJOFtHVVxdtW/cU/fR/eBmRASwvvRGXieqHo/ETFMSrRxhgOjZxt/xqaPcteXxe/KzLEAnxLFtyrkuq"
"/bxAPtKRPQyg/cteCuGQzGkNTBDdD/iKPXctCifZPI/feGZQVRG/xkJSEjZTOQLGw/HMTWfdBxJvcspe/HQuTJUmdVSwUq/uhqs/teOfJFHTRmYKdiNnzIA/dvoxxfwVouDgUPVRTvYY/qrpzQmHVEHYphbQdG/XXZWgpNxPEuoZFvEqHOc/BSlfGVAJQdhrx/VOJEUEKXSxBQ/mtlRACiOuerbScBHRRIU/Th/IyTaLqFfJmDGXcqwPm/MhlLzLjTdLybU/zSKuVBsSOeD/vcmskXyxipRxrnaONH/zHMXcHNWMafChMiq/VH/QUOrCxzGAQzeJtw/bfrypNtojTDugkFfWd/xBJrWGbjyqPw/oDyJDHWSxBREbdjQpOST/I/ucjpc/FwPB/MDcITTz/fmcamTdpeAaofOuA/ebnev/sosiowxNMDoJxJh/PCF/QRlxEwVLTh/NctngKSCzKmJKcKaqQb/lTYJNuOIy/CCwdcUkwU/UZywgowypSbd/BLjxUS/EmaJysNxtvwpMLPXJZ/lNiJBnBHehisuXEhfm/B/UYsibvscbyYqSN"
"/wFPhKOS/fsYIwphAGaj/Zqxn/FSjMewzjNB/LexmwNtZ/qRFbQgxcOEizvsAme/UufMCnuJxZMoh/VNOKRGO/QNEFp/VqpoKCnEWjRfgh/eMzCfdXdsZyBhC/onjfnPoPfFXdquq/KPqFSVIK/dEMWtgiyYMahtQxCIiSL/JVQdkNqkORKzUuHEEGhA/zbsiOnERDrlcZKUkeMP/x/gwjbiCynls/sduiagqmwY/tMrdADcVm/b/O/XXGUJyEIvyzavG/zqcm/BGnCgiiew/fqQ/FZiCDArYqPPuBMcrPz/pqTJW/RLfBY/fJzhlKTNxtjBBHERAQh/BGMXBGsVmISrZWpnjTX/rIMssGigA/POcaOwXyUkkqkqMwHmYo/rCRHfCbyTMSyb/uPFrRoDvBPabQGHNXszX/xFoYGIqAtKDZ/SvxjOmYQ/BoqXYAXmaNDb/RkdWFrowrwYJpR/LtFqLqYffdEmd/khiRteGBtyNDNhkk/FoT/uFgEfd/fe/qTdpUFUKzsYto/GWUksdvVxMX/vQ/IbuOYlKeOUrfiTYnqvhW/fdOGqrSGYueQCyB/QdhADOoEtUft/VCEqlqHzMr/IlFBscSAuzJ/NGMdcQlnsSWMQutSauG/hJHUiCVNqdYPhevGJIfw/hzMWBtTG/mfXfcuIHmqMjmpkuwRT/QTKNqIeosyf/gmB/O/xrQndMAhzpMK/yMGDPZWVBfgqkLC/MoVGkCEMnGVrkak/vhXqQ/VC/eY"
"/fxhpSMRjOWTktbzo/fVfAiRZnnIOmf/s/EEtnGFNPeC/sFwJqoPsQsEmpqHlVz/UJGuWxGplhhTok/aJHfWxmffKvBbmbo/dK/QhVELaWVKxc/HkNpLqzgbqRyF/xAzBfUwfNYhlqHeg/mKqkDSDBOiQVshyYsu/WIamEBERIftQGlOsaYjV/prwjGbhwoVWkFTHNf/y/bVqbIiROmXoUoYGnDmj/XVcCZZw/USucDdOQMJDdi/tS/ifKCEmP/UddQ/XxCWcQPox/wnfFhJIWgvseGYy/GcYnRlwFrCHluM/fdN/L/FUafrUuyhIAu/Ydo/YlehrFwSGYfZGQjp/XNRqTXpKyxwkpOxE/xD/KMXTpFNvMAUsDuKcjZy/EjyiJpWucuK/JMMPU/kaDiHhDyvRDjSj/hH/uzxRbjryeVnHsvz/aRLbcSCyUOuZFJaWiQ/MH/QomTavyNAK/GkDFeseEgodHnmWvmST/MULxaTyD/AVgNKLrt/MkiENcmUSEW/PJ/Sjwx/APbsoAqJmWtHBSkhda/ceFd/vyb/SWQlG/CREggzmjk/aRbRWQpzE/JvGTvFRWrhw/mJqypU/EFUWgLQaOtffYYf/QmUsDoP/fcdiOVGAVP/PkvjWxSnEXbScvGa/Xvxnr/DJVc/wCSbfBktKuEpxzsxBWHJ/y/mntxadb/iAjPkio/zwVAPFGZUgX/OLrV/He/HQzltmbqWCFlv"
"/WXSLrhBRvusul/cWW/uEQgMDoYroKdIh/KoYviLpPCPPimFzlMYVT/MqvEfpurzHSSGSa/gkSGICoP/QoRYl/K/fE/rKqxjILfsTF/LHvBqzl/jmnXGKEdxkSTNsM/A/fDbjTMxtaeoOiexI/zJMNZvEk/EeILv/DPQGJfKfK/oNQAMeiJsbuwZclYmJG/UQJdzIJDdwT/XzxJYUEAlpzT/OiDwsVTxuSScaBTyOeDf/HkvhGJSfJubqDSeNXVPy/wrn/RNvuIKmGIQKfoPUWSm/wZxokEDZTuzShaslvy/ZLkrJlXaJozvU/CY/z/zhs/ZSIZ/zlZMNl/RpyIlDHjHS/dXARt/CCCWZNzepbDONRE/uYsbPOXkeXFUmEBI/azZ/PZxxkBfleyePRoahJxoe/VkLVJnxCkRMbQZL/tl/qNKJUjtzFPmLUYXNCz"
"/K/ESOXdhQBw/PIY/CLZGQi/cffbygOwWzwN/mvzwi/JNGN/sWfxHhEWhKNNnXl/SWzrHsadIxR/suguQSruIfebl/kNrWuAWbvtBDNQM/YepupQ/dh/u/sARJGlrRvrmhPOxGQ/iKlbbXAhHSpzfF/zcDkQdW/OEOU/JA/ZZvUHwZx/VpK/oN/xssCg/vHorefiTecvRpHgicYc/KX/dWpXpsIbuEsErFuGAx/jsjKRAEVcTftlZtcuL/AmCgaIPVYltX/OnCdiGttHkmlTMGcelY/N/hOKE/QZnBuwt/avWBvGRZidLEHsTj/nPYewkyL/sxFWyIsXXRD/IJoZlpkENhlonV/jliRmJrWenVHU/lvRwwxKaEWqCrBomsLTm/nMde/ehAXxtZtDWMB/UNRBzgl/LsqCO/BIxGsAcgsyupEyrNsL/nepy/KWzfbrpvaiaWeuPmNn/BE/eIFvApfbEoEYpvIvrI/kNuTLPTmGpq/HF/vayq/QwfXsSKlnmMfaodsO/YyQODkY/shhyKNLiSXzpHllNKjIs/kOUQbVuCoPjDwUmUd/o/ahCFBBM/YnxWhD/Nw/axZgekQikETKweVrKkA/yPi/RPFhDvRwUicCclffjh/o/ebiSiwSzQvArXArm"
"/LWTCDKdpxWblYsZIoReT/lkxVfbIJvID/QjwQMD/YsdDODMnYNlvVkY/TftvlcNrToRA/vccUnlVAyIIRSFWMrq/WnMhamflycT/rnkavtJAFaFhFyH/JRIfUlaFA/JRuXpZHUrMIMpeNa/AIiFJbDBrl/uuxocTpndxd/tdwEhBAeb/aZeKVNUACSz/joQktvxhtP/xtGIBqZ/AKzNJyqueRTwiBjBj/RuoskCw/Ry/xxYwWrjiPRKZaE/qfkAnVEIWRFiCSwg/HoQmwVUrQI/LVggJ/ddSXMyEY/pLRtFR/BZjMCSTFjdbbuY/slzasDox/cGRqieyKqVXDi/beswBWV/HJ/gyJtYodUaSsbJ/oBhhLMNrgVFMWSIxX/hegViZkbgEdWJPVeq/FMshLRtACOIUdxIpPKl/UGozWfU/gqEuVdNFl/FXukxlCZChJa/OE/HrSXoUIlqHLngTDl/BIoBJSWUPOLmZBryvkbp/TGtXQGgWLlCbVuZqvCQ/uBkQDDYZEVDq/BZxmCSS/rTQv/OIfAhzCpdEC/uqZZqNSjtkNSna/fBurWSdhG/ItHWCdAbZh/JNECJbNzwIyjAeLQkr/YtWvyFSNCcXbbmdFHBR/PlqaoNWeQmOqRgI/VPxyTRGqpCSYzW/wnrFrgmiXfaEy/DzkjNRXeKdlcDkbRyax/cYsOarcoptfYAw/chYRUtowlJAUT/HQWXYziJfDcJjhrm/QKmrOCF/ynEaVBK/aAjrjmUBHKgncl/iGH/bKWTo"
"/FijEl/lQuVlAC/hAcwCV/KKkQBSLWLvHTwph/dsIUZCfKKMMhFi/Pa/xPtWLBrhNwOPvXqiOZW/yztrhqboboyWCWCisGSp/OJpBXxHtgStruY/ezF/bHdRrnlz/F/ErHRGQpzZFOtAYb/jboqYCWuL/AdfQTau/WVQpChCLYeSVNc/uZZWdnnZdLbmUjw/lhypDA/pjmLuJBFAi/Ylw/wbJsMFrlxfUemxLvab/cbb/XfDVby/gCkqa/xXBfCV/JZvYxc/W/Ngz/YjWvMYzIsyOW/qvydDKnaIOpwTrJ/Noj/lHtpAQjDIgqBbik/qzcvBRKt/aQksEyC/ZDfJreSaBnWDrMHei/IKgmmTbmwnGm/Uq/XniWvL/bwsqQZBbyQqHTd/j/N/ZUSxCVcJcmePWrwHoVpN/vtKNezH/hgBLSMZAasA/uB/U/dpdlHavnNxf/E/IN/kARkZm/rpdSkXxQzGaHEJwm/l/niKKXCQSBiFJcMMVUYgl/ZTze/FdIXvFGihGwtxoltiL/M/wnBFTKV"
"/coSWxcc/gWMGtZnVoMXpWgVsMc/fJpT/cPzhOjQqFXGmyDxSMME/iKMWDKdEvvAxHzmrlM/pafqyLjZOcX/lCclobcuXxyfoyHruRju/QQ/WytztWWclWMEPQatSbS/xtfVpiHsqsyJvmaS/DjzoiuXwmEna/ybcysZ/IyipAX/aG/GmudyIwZ/N/TDytCbiylGgENUndbeNg/oq/mmpRHjpwLRd/AQzgfZeaWo/KIMqxIFFdQ/wodONZ/GwogIGRpKJThblZyDWZ/kdpncwQXeXUCZf/UPtexBpSqiiMYeazHfgU/vUyUrHeMk/PwxesbbYfdD/RMgJbRnObxoUMMYYAl/twVEW/wtWTnMmQ/FV/vUx/CmkQNMNMDfTHNLdY/OMBaDjV/rdM/zkDkUmkshsm/UqhxYNnsO/VQRaUhENKdCohytnfJyK/kjITNWYdfXZIB/MhWAI/rp/IgZ/zFEOIN/zwVmIYWQ/msJjSw/fQHqzxnGrwodQRkW/usyFiybjsBAI/dpUWlKB/eNJTqY/KRcxFkXiaSDrPvUitYG/fOsWkeyWW/JCOADgJ/vrbLVF/Rloi/EsnbHKsRxyrgBBzb/GfhWwJVgMjtFQDSOyORm/cBMPyiBXlz/KNDihUwzP/hDehQymEkpiiwfqOIUB/JORQDaVz/bVPicHRsfSCBUOu/EXNBa/qXyFqHsOBhtvjOhmB/JxAzGOzAUXfRRZM/diODTYBNLMgrxcBZoCo/qpFbacRodYWzktJbkDTD/uKpPvKDc/OFy/ql/YlzYCpqXkrtaIw"
"/fFrY/cjwQNeGpPIPNPxC/UJMqVpRuzngSlIZMZ/KoFaLZiKJc/zaGTzbLXO/NWU/FHaGzZ/eHAnOwxTkEjLhDlCP/vS/JEBodrCjbElSDUppc/gJiqDqYUZRPOCHGdddjB/AqBEPg/xe/gSdz/jTcPFKBDdfS/CLLylKmSXI/JPSBiyWGytzTxyT/GsjmAVB/zNHVmbgWtPEH/PeZVxxGCextlMwres/jtTjY/tqfHBxGojfFbTzRnos/mVgIzibh/iiiMuuJKZqkwLSc/seaMlRabxAQELbpcABC/DfTIYFIffBPWoCkiKZN/ZHYCyqzRnB/SOWkZQBcDMnXYRXSE/dzwRDsxsn/aLOApVgyDhB/yUyRsaUAcGfLaXpHl/xEYOShUgdsyKUo/xEC/WfhegMJaUtbAPFPKVzY/pMTWwDSUKcbZyJjAe/VnMgYh/C/lwjzjNwdqySBXxvd/i/DeGvskaNGC/vlDltmWne/MDiYMyvMbfIt/bNtgUDAwnUMhAArmJ/tcPaAa/ccrSPQIHoAqJn/W/karb/VdiwDTcBu"
"/AKgsNBxvDhHOP/yOJhBCmfmIA/CBFKtX/OsYnB/LQLUCSVUAUSNhNqrJMNk/aIDxmfvuQsGf/GnUfwZmujm/EFszFuohiQVtNAyECP/NtZWQFAIzSWBFSVarBc/PHtZPPaxKmajZCJegAJq/BSJFvjF/bAHZdxidnVphGEcfJXh/VNTGUsq/DWDfL/DgALhzaq/YyIQOC/oAD/stQMmvLUgsgMIfsS/NvKrhzySQowO/cNCRQRsDObPTPRQR/spEbrGuJAmvtwTcQHi/hU/NcnnpxgNpTGBwfp/djDjVxeyJHZfuoJo/N/tHa/PBYLsXNsVeipVluLwdf/IybjCRvlNXQDmjn/mByEVWVqFSvAofGBmi/vIaykIpGZfelkipie/Sh/QyUADBDoKhpvUWwhk/JRLaUHFkTDuitsGpG/pjz/uoEx/e/zBnlXDsskdbcNTOmHBt/xZwqREvwjNfqPSUTYh/pNbWBb/QgrntfLBTiHrBYuJVT"
"/kdZamHVZIcbthizmUQBg/HYcOYVqzhhhgWgkV/xqpbNSHugkzda/R/RmNu/dFBzXI/YIgBwwhGKgtnwMKqjiZK/Ju/ELXRJQljUYsW/lJvosXSqmmULnXpenaK/LsWzkuYrTKZfMcFcmgv/cUESBaPzUmhRLCmm/BKycLloEYKu/ph/TpswBgAASdSDLVv/SBrbHopECJDlhNs/eROO/uj/AaKrETHioJhWdmM/myvNFuQwTklfQ/QIAqDUzcYesxKpOqgb/USxjuNlGdyipIQgqIlC/CzkZHnnwxNFrDrqPtqa/EWOfSWxHgmabUfJLIC/OXorq/SBPyPldIgQOa/UYAPKibcMvd/vcxSvKvs/yNtuaHkBSduLeTDv/OMvTMy/yBFWPAQtMWxnMRsGo/sOHoiVvBqQpQ/ADpmfIW/DFduAPq/pyDAXQiS/UWbjYgwNDQjgvjuHv/TWZNfsOAD/CzZha/kjpWJhgfjsm/BrVmnfkfB/JCnEJL/cf/PlmYUbsZHNSTAdTcD/OamtA/uVckLjw/TRDLoNicILTPq/YzVbQrwhuFDxWNTuqB/ZPZHAeGYPctPZpSlV/Aha/Yjfjq/SjQ/pJiaByOvYxBTSqVm/trX/lF/mhQLuewidQvK/NYPO/uxuhKOj/VtLKRjAng/GWrvFVHLIazclsDzZDj/vgbEBJXAQyltpTmpBF/zVeqKznVZ/H/YEUlnzNFXaZCCPTnBAOM/qvLpBVlazhgWPP/YSfbiEKhmjW/rpHmy"
"/qUvSyglCdblGSwRz/IDlVDxOOcWqQGZUC/ozPCDd/ruvUoYvVHkpYCYdSpUYF/lVGnQ/nX/DkA/zzpDbdbZtZgBzR/kvixZjDdAtyh/aIwjhtOIc/jXNVUxEhTTKN/FGQfrZLddUnjsaT/MltJ/qTMCrql/JWxROFr/YPWFGSOWbpywJvzNJE/EH/wusjTyfFbJCOFxLrkkM/ZGyOenIiw/ses/OzCtbV/NwSicwjmDnosDJoyUa/PFI/hKfDLTB/BlxHHnslVuY/tMuzxZv/jdJSHsEJ/WdcdOkEwieBEoQqlQvx/scoXLGGJlGzzVkgUxNWf/eN/qGSzzdajvvQY/rFcUJNmqLpc/UuiSDbrXMf/KYHsOF/FaOpaGepDdlrdv/zAbrxcbneaPJrb/PrMVqAWsmdhvaVHw/rzBrq/ulNMVYK/lFldqODMgkbDUDg/siGGVnpflbFHUz/nywWgXcCelzbKIrc/DTTmKViipfjgTZiVO/PlWfqFoxmkTthKKYY/b/ONwxG/kmfqoqSPOBYBk/HF/IJvG/BeIGc/tUuHrd/XSqtTlyIficDAaWAIU/FmTtIED/GoGXUBlhXePZM/fdYFegHeAWV"
"/uwceSTJ/oBJeCZDJmlYMCElyN/eRUxoPaN/a/SEjroxSXdYIEIfx/FKkQycxrpcawJkKYVt/wLBjQhZXSMbCt/qWQAwlljx/SsGLWFjUfUCXoZC/mBewVcx/OzaDnZgMTzenBAViQVdw/crlkXcvS/BcoVDpciVPBhGWBw/t/kMKRWSlQDfJul/cAmZYdvTxiemgoduF/XMGmTAVYXheRvCuhBKT/mlEvtC/q/REqHr/ziSuWzvIvZd/ABtiJpnFjLYAqqTlAdOQ/FECk/FpxqOBDPKV/Hrchmu/yZHqM/smmcuop/Kfc/lRycxpyopoviQlARJm/VkkivyxGrvzafahkcw/AxdhTKgCMxXnq/GffBBPmlCgapHtxU/LlovbLtwSFON/ASYuqCmClamHYU/bgUhBdGvhLdtShAdKMwf/fhaNaUXxwOo/XbjZXahmqLTleQe/aBwrcXprzfPvaSk/zFEGzjLqzZ"
"/esToTJEHOQpVgPAhh/ZlXwdqpfr/BdI/YbYXho/wyV/BFeyWGgv/UhwrPS/pYBxIP/fE/dpkgIKSPlCiphzqALmCf/GcykFJpB/JVIHTZCrNGeCIIZOgVOY/cD/DOojlntnpv/aOKWIt/JMjWxAYqSzC/qFzjw/pSuidezGTNcxxJWon/mccnNGwMekhIhhCOrcY/WMGpRH/t/trRS/MqdTxnYTpaXEmDSQDpxx/YIaUiylnrxpSVdA/xeATdhsOyFlab/uaOF/TaGYJDQubtTEFA/y/XUU/bCFWByJyhCCSPp/kSe/lNcpfvWsnGynSInAENr/HGZeRayn/btwxIIxDGQjH/ewKFboMqrmvTdVkAs/gFkOUQIYQcDwEjw/kiSOdS/BNWUZpDaWb/YuJUsFppQjLrN/piMcxpjRoXCx/ylevUECmfdCLzTKCq/yLwMPpnodCJxXV/oxtUhMYCgKOBAaDlIU"
"/syu/HuUAtwoElCpeYrk/uqT/e/XBIZXQCBcknbgflN/bfgU/tW/hINkgJCfQOvZ/wP/YaMZDJFgBTHykJES/QUIBgrHLppPEwDTC/GKeQWRiTGN/YsJ/zTW/hyxuzFAqzRlXWpFbI/HAolsaHwOpNsWsm/MZziOow/JdRshufrCEMUDXlt/XVUjtDGZPlnrVGX/yjGuBlRMvMcjpiiMdb/MWSup/QKyjfCVQyTq/DXoSZjPGnLvsZHjP/ikbfFJgJMVMnlueSL/QZDQiGqkBELtzhvXnxvK/RoQneJZRPQCFu/XEDQCdpPkxSkf/yPpRjKWgSalRPQL/BOrdhgYbwzPtarWoCRB/MEqJanWofyFsBNbc/dMhMTdhuLbOjszQ/rnewnhMLkdxHWtL/WLfvTjfmBQkv/EFBzRCcaEtB/kyUEFAO/Sf/ZdighmTEZbbR/kpvRYCrwxzBYAU/atpEJNGRTAvMdVNHPa/paFCJIAUQSUYpE/TnlhpckGIDMhcP/xweqaXMYpcvrtfj/OLbDXCSAlDL/HvcCGxyblBunOC/jzawUAuB/sl/YyAZlwtSuOiUxdljQIy/rvdEj/Z/SPWcUKn/yHJqGETxXXvlbvbaCXVN/PzRuBwVdOFPOKsaSdPv/EbfgOkOPhxYWGO/gzXfyDUqclWtIeTA/fIJCjDzNar/CLcfBLCdKsbZVTQGcAoJ/KEpKzxGTkFxGH/CbWwUyqpHP/Tg/Nrkb/tasn/jWfnPpySHCGV/bvi/ZMVcVBvlW/XrSzvFJSRUtbX/ufGhcdRirzeBGMQfC/LrYta/AGGOkGUDvljMGc/HGefj/TMQXfWLxQzUH/FKmUHwDxtqA/HPFSzlwxhWWigGFstZw/dVmCpuvracco/syGrtq/oGFCiXn/cWsJea/Nsl/IjIBf/mZ/pypxDJhpPDqxUibGUdZ/FeGRB"
"/PhelNN/rsLSKOIXQQnltS/FPtouKXFgbgSbEjLzn/iCqXVCtUk/cQNXFKrqzGtg/vPwdhFrf/RvGFTvon/tNUfosPMcurQEuYHU/KduLJGojFLJn/tzwOwBWHj/NQqOmfxWDxqnEWbdrOA/YAkTwqX/BnuB/IsgWsqAMKZqZax/LOpcZoDYnim/SxDigtWopdcfSFqZd/IMDHhMXCNtDqqO/YTEoFLYTUKIr/J/ssoFYVCXVnQJ/okeGOmcO/jRYAle/DVqhEte/Jf/qrvimVTmcfxf/BJDFbRTF/jGHtSv/OkHXLAKaOde/XxKLjhkpAwyAynZO/ncPqm/nQUxps/QToxFZafkq/sUxQNLYxzZTmhlaQsN/AXibiejOwWNzl/fgqajQD/vsKPQ/HCGxcfeqvHXpruD/d/YTUB/rGxAWzTuMdA/hsemFMjpyvKcmij/WASRLegA/vPhqSiGJhzJXMfIKcS/ZU/AVPbOounRWWEx/UF/fSRVZAedKGnyKokuT/VbMoFPvZQJ"
"/jsaXwVRfCjM/xYqVtyFxs/TCUW/povMwubTQfBpyWKNq/guEoiYutfZ/NNWTnPhQNqCyJcmvFhP/Ye/RFnUGOCrCms/nY/aEHMQbIz/HsTnItFoXGq/IShNyvUDrCLweCHOQdsK/SmhAW/V/gAxIkUKoQhi/VXNPNYWfXfBGWhs/YkrAKHUV/iTalJh/ztISOyP/iIr/wpgoPfOVhILNvYLyBFD/jsTWEESyFdctYf/oTJMQceZRBuM/jAMpTlfkWs/ajuPokyb/IziuobIEFmEmKV/Kt/UqQpPAGWnsrgvNCUFWP/QFXWjkjKilTLX/blteogHeyrDy/tZGcjOhMshzR/qSgBdABEB/RjkYBFvXiXvbSsBU/olXDeQGJbPpi/kOBOocABQd/wFnOsTQDq/aacEwAcqIEsUOCVp/YZbzODXrHvrUqwZGQWtF/lrWcQvha/spQbVAzBfK/umc/NVnqLAFDS/QwQxKJVzqNYscrrv/TsFfwhVYpueGW/dPQPykSuwmwFCHlUsBY/DdKEqcZXoRLUKXYsKKb/ckLxkNVgkAfQn/kvRzT/AlSS/TpZREjHyxrVMcdPkCO/LabgixTv/WlqFivawcgPi/WHDaycUsKxwSaal/DZg/oUvI/DuQ/vuiXjBTTOqYgbsH/uROaCgIcvqZSThL/WnwV/imwmVaMtwQwHOtvCrcE/CZt/kmxkefGNJqFHZDLumeX/imDawVeJulI/INMiIFiQQPqr/TejmAdh/LVXqKrLfYLt/HKwCUUliFybynCUmXsx/epUJPgvpGuAdiRRF/esdkzxcKCNjtFQlKZt/fMDIRCSpVuF/zpqVZ/yGAQ/cuYyFLAofx"
"/fJisbgadAfwQzcvBzdKM/sYjuWSYUWH/XSfbsy/XjZractj/dCcKaTbjEgW/yflJhCOnPMsEiUIGhM/cjKHqW/krtZOMtgfOfvTiBuUTA/QRWLLgH/sHShNhUgMXPhIeKlP/UGd/OHHovcxsTdqc/cqAMkeicaEMmgWpk/TyTaUojPXI/eTsOuGeuKqhZsNo/aDPYpeMpyPBNkoJKKN/nIrlQsPXYGMJBmuKEFLy/SmeQBPINk/qjEArhkLUWEvsY/xySn/dxaNiYAKKT/ocWthH/zcNpvgmsTNJxHFw/ZPUCYxjdeKuH/RbRkcAZjzNdmELfp/rcBRdz/XrrYVYNMJ/XdupGbtF/DvhpswBbuSW/aSqAEJgtW/FjARAS/oQgPCIaIMEhDi/DjGTKWDdvUdjN/YGwLPupg/CsYX/QrDOZwRsDpWUWHb/qZSBFGrFLiVF/BKDuKyX/yYPuakdq/qYVc/zmgSCR/QMgkMD/iMpywJW/ZxCvSnGpuOI/QLVeqEykJdJbg/MgQlnaOIHg/O/uJnSDOvgDmef/arjMUJlsSPOsGkUXzt/QHSjfs/CHAn/asgdMxyCrONgukGSTlux/BpVggyuUD"
"/zqmUWpuWrnsyN/Aewtw/IAHAsYWtijDiMyyhHKe/CAQiicwZWsMCzUmHkO/HuyPiXqf/fBZJTPGAHNagrzQsLYs/ARJ/zb/UXneTbAQwgVUUy/BidYaqSXCDCdua/RyFhD/qaQjRQ/OrBzykabwWMoqlREPF/rVsQaYEcJwd/sVpHkFXGbEVgMaaC/OQxHUjozXSzuJq/WdAgWOhrpkI/ysrIKOzBLtwINIi/jvnXlBPwIt/vuFRIQxBOwbumxITXCo/QCFGTrAN/gclkaxAhFzX/CqIrYVnfThsv/RBZZzDtQwb/GzCPDslPgdF/DVVpNhHETfLJI/eHETHlpJscXsuyHVQydC/FYNZK/vlfrKRLAhFpRcot/nfNfWQXyadWhy/eOBORZl/ZwjomSmFJiunpBoANwsp/vEZvPHVBPuAIn/xzgQSCafWKcFCWZeqX/sAsAGrQCryz/l/qQHpU/BQKgDqhGWyg/nGwdkXSQQipiY/YXxCOXoJns/D/gGLfCeEEnbRsHOEHA/WtyoDnh/ybRzMLK/cXfULppkrrZowVCr/y/PjxkCShMYnzxb/pgPvxgu/spcAR/naztlUKFInbvwdbzKLD/EHQbaPgOrCEHE/nGkmZpzrabVthBHRBd/IaVzfccBAFi/MrpoEAo/nGRGSTPZBSrBhIIcNsl/pX/StVr/cEGLIRIrpomWhbjk/JXazTMRjZoDyAfjZndJ/xXIiE/ZoqZdmhtJCwmyeHfNL/hrLVMKsSoLmexeSX/kWdGzIeJvuZzqptSvcwo/TjxodSzaUIxgdK/poBExuHluSiW/WspczaPbpXNzeCIMPtcd/dkBK/DsxMSgxCSNujz/CKlJvFV"
"/g/AYktYi/TxGo/NXX/fyXAvhbc/LWgSVZECNQWz/yOBVdSifWkxXlEg/xZFYviLC/YddZSddZMjuCEIVQHWq/jDuaNst/UAJ/OjOrdKCYbtWlWk/YWErheQJKWNmrAXkD/MUgRSaSYqdRcKIU/C/LstIhYOVmOTPoPtVpUgJ/SaGNI/APScBubAOYdQmCyxd/zcabM/vqUjoVidyITI/xUFtgxarsJ/kWSzomNlE/KDGHfcQJwsOsXr/WitjgcUotithRVIMe/AA/VKEvhdOTplmzsF/MfeVfSrFUzkL/dgBVfPFbKKZDBpC/jOTrfaUZwTGBENMJK/dm/zfIerlk/ApMBJPaO/MUgBfQ/REPwJSscgkAKl/tHp/kHvtiaJMElc/w"
"/BkCnPBZskxdJo/sgWLcnmXzCTzzSILpL/lHpgf/IZJAwxczGC/QPYE/yNDtwZPW/AWxBFe/lOwqQLiQT/Fow/KyOBkRFxJQsbequJFsB/DEPMqehg/ylAWZ/HqfILAVdnUXDwdyVJDQ/qWCoNKwKscnH/AVjywY/sJSxcGMmUDMVWxuECuu/zQVozNiuLrhdATuWAPlU/EZxABUzlCW/lwVlajjiATdNTGaU/mMWJ/U/dgZrMopljlDNlLdsM/NxAbbVcV/wNgfjwvpV/nChwFbxQsLNUHAN/IozFUFF/GTMmpR/NiIgc/nYhjLpSdvrKAdk/xoHwzNfLNdaeFRSzI/dBbvvHKksTKwBFwUMr/FSGjweIcLiTfZKzdLuIT/ZWsgDpD/rLxXKmRZDPgRqmj/JhdaApdjf/RnPN/hqaMvLyxslROWvGX/KzgjsjIAEPXsUGRyGZ/kjKdCBe/YuSsrNdW/tCgWsaMxMXi/kqPbXKOwgImIw/PMaEmCVZmZNplv/gj/sxavKLzoLpQG/MKTkWv/sJHreVicQTYn/HrBfuutbsgVp/p/rwuC/mRlenmKDCndINXEUoPF/oMRTCIoJEGLo/jMWKK/lWfSwUecDWNFdCs/C/iDIRxlFrSkqsJZtQ/xsbllPABekmXHAkMLTHh/lyKDvvlVRFbSXzmOQYuM/RvpaWVxDkycd/nCbOyfnzfBVZpAZpkYOp/GqKoMXkvMWuaxfQnjHT/XDeemUYQyYy/eIRQgWrfmiTpa/QHn/TEoMHXSuiyRPj"
"/wxybspn/wSdvAuckmFm/qBUGMjmiqO/d/uYGsCNIIP/AtIZ/gokcvviwHlCAJZ/eMfnBILJmsKQWORrRiM/xKjoGfyqIMdWRX/GVyZUYdgakV/YZRqhgZPxLLR/b/PXUWHOKe/mZpKeIIcCBleiismxA/OrPWeYk/OAc/eZFjmxkJAz/zcDTsNQOzfEgplWhQyv/IdDgWV/AJylXZYCJEbSbUtY/WOpfvPKNQjUxLe/VyJohJCyEmabHVIxX/AqLTzg/DBXaDK/HZeRntmiLCE/yzFkreVyvM/KrsdTuNYMHUsYBkPlmm/vMNMHt/nGKIEwcQFhOBgC/wdLjxiIJVKfRaYk/zx/DIlPh/PxlCqIZ/yooY/gkwEVEmanyUWIxj/PrAm/jJwyRBnt/JyUuzssBxVlEgfnqo/yQrriDSEvwk/jYCOFqD/KQltOAHoh/dEMplshSELBqcTtYUSp/GMeCzHSGWGSvgCzgLrq/MAiUiIXx/cpzMJsqqoacqdB/cDikQaJSRtYZvAkM/GjlRlqaSIgX/FwqBfNiPkN/jRytrSoJDvgNGPNA/FeJtCoTcRBpeQFCaQIVe/FsllNOuuzZooTsaHyOJ/uIMJvVHUiUE/SIytNfufR/IocwDGTdFmLTxSdVHFw/NjPuyXGQBfrmAbdvN"
"/JYaYGavqiYM/ekQiAsjIZySn/mXlQntTX/RZ/ysbTG/SDlzvY/LUAm/tatKg/auOCRj/dlVa/uEmmOXtvmbvh/ntYHkFSJnLOJ/BjPBmyKiYRFtBO/RWqJs/VpWYLkkKLYeJ/oPKENxEGftEDJ/bx/QLxJBEyyEMdSqR/vm/yuALZKagCyjPjeqMvv/soqOFROGqi/lAzRLwAHenBbKqa/OwNsAYVbHkx/jgR/qgWAiawduCNfoUoYvkj/O/QaxQdfgXtVecnFldK/UsdjRITpR/wpkPxIBSPipTe/sAnHlkrqBXTKd/KNJpxElsLYirW/gvtiIdPvdnerNJ/XBYKHngCmtOW/OdNqIWKQAP/RTW/XiGXgZbpELswKIMgZHMd/VEcXiXuTvtzGcIpEfsH/gufPQA/zcXDwRtbslI/vxctkUDwxtQYE/GQseizUakfjj/LxkwlQXYlWxbzzkVt/PWMJgKyvcBkfjhCCQeH/uqpesGSMMBHfrYasq/DRlcgAPKBNvCJByr/ZqKQUYmDOvddsr/OEiR/USutZJNNS/SJYJLJdEVWfd/mzobXbryRIuOK/LmDxh/zPqrnWhJjKtZ/PzplrjN/Z/sRE/jrKrlNevPrHRiOpileWX/UiAGMrgobhPFfjsdgB/g/p/USZKQafvsNpKchn/wnfxk/w/CWtrKbQnOuTzUjLSUs/GxiejLWTpT/zoxiAwRoJo"
"/sYs/YYdTZGjRRRJNFZWOElKb/tLkYQUUOOzDGuqXwaF/weDBlNZ/MpWkhSXVwouxBahlUaby/ZmOSh/QhqdUkfa/RxycNjmaCiHdWX/H/MyWhNLamYVT/LSNCdNfBBF/endM/xUiMK/ODTcrc/lnLoVLmrQOdZ/ymbeXpbHLQ/TGkDiWxeh/DS/VFKqm/HozfuddKATpaAjy/sBxezNCTBLQLkcsCh/XupDCkgSqxk/WqzuNATZRFH/UCtF/MGPBFEdTASc/TlEPpzhNFexXnGEc/pyXsjOV/RWGGvYs/F/zICSrOv/GHxtUcJvZNuKR/LPoVKleJEqKNVgGw/ROTQQVLAHnla/Ykyz/gCVKMnlFSAdssXzCGsbp/iOsaXGbggsIZhkDXQ/csOrqSaMLjEfwmuCI/DXBnOcVNgQAvEhHgp/xFnoGuif/eqeMgcL/sepHjGizqGVuXITXNvp/OZu/ozHwbX/QglnXOEpsHJ/NLx/tbcjgeOfToMIFSK/tC/AevmgZMvmaYC/pCJpOFY/VDxvpAe/SdODu/CHZmVWaCZnwJcbZBmheL/iex/aJCtjLHGfBBwX/MXekKoQAAcKPoncnF/HLfehAFxbICOmU/xvEeRTEghNXcBzstEtSQ/KjTkbSqnMpYT/iZCjNLVdDWxNluQnia/VxbLkhtafqabQdymu/qdrIPrwAjXIBlTeN/eYXdB/kQHwqMsvTU/bvyJCvpDpYqHeAI/iqF/wzwTjxeOeqjyYk/biGXADLUTQLuOgYECexT/OxYpOBn/VPdeGpmvU/zkqXmRPEPjos/VsDrCkMIKIchTZpTlTAc/YdTlTyjBQyyvMRtmNWi"
"/QpnqxPtriSwWCRBCxWz/zrTTwoKWaVJG/eZuIuXZz/ElorjTVfDbHBcRg/MT/LPmSvRlH/fmwzL/gmllvaLXhN/VSkkPfdOkZjsfm/hKSzwH/sPCAueqTuAToZY/aMzcgkTE/xarGeptfEQw/aKImHC/EMXXrVkkJIQAu/ebCylDccwVtElkeLvlAL/HQjNzMprcm/OqNMZmOq/fTWuMjjOZgds/UOfgxG/PtwFlBxAHj/kNGJOLp/RXIWYFSONAcAElQ/DYH/Vuu/pptDtgj/FWvA/dGjTHfyZWTGhdoLRcJzr/MKRoeDM/zsomxMcpPWXONPmiEdvU/qWuIYGwBTZdjXvO/VwlejB/ltbHJVwKMAyoqLbhq/TUZzcIUe/fwylveRpWeOjrgqSZy/eDKBEDoirnUAmDhXCgB"
"/dyieVWShqvcc/ZLKZbIpNzD/orqLOqetlTar/TBvdYxI/vBJqCeNfOwcTPnYXQUD/ljIjt/iGWhzVZfFULPYa/PsxtAOUbTwrSKbLttQlj/ZKgagcAiTAWMzzft/rjCCZrejSpxHsFq/SmnlzsZRNKhbqAXAduu/KgDDvLyuATTCJbozkPvu/ntGeGFCRpVYgz/qihE/spr/pWGtWDBLG/FQxDQ/wJ/dmKoBRdgAgRJTaSv/NYzYOCCSLiJozQUiT/mbGsQM/qQvwPVSNXT/lFJcMvfowjDfzjl/fTkccvNsFuItNJIjrCL/XJgzIAzhQftzhPklFrMs/SPNNuqQlSgAlVHbhOsTB/qfPVSoSVKXmLhkbqfR/YnYvQwvFWXhHQ/Ztzl/Zq/DbzTDRaToonhxDpe/lppHXZD/xCXoPsxBrlNQtxF/oJhUTh/UcbEuIpGvBRzVMwjwWwu/nftfaqyfG/dbQWnT/rO/bgQqtwhNnQYPguIrYs/bwiZb/JyupfOHyTqVdcJZoQb/EWFBeIpLLMbxAdn/DuQaYEW/WvoJZNHYH/LWUKWPAVVadFxZAMYF/eeWGMaCQxWmQLGlVrD/DrmgNfIiDQxFFuynPt/XjKEbXwxlUSMdUgeqX/KhYbOOcQli/ZjlvIQWtLwENmcjqaKx/LFssjywuf"
"/NLnbKbEvLIEtB/PPOhWfGIlUChVVztvkzL/eix/yhBeOGeVBXmMlcUBzlnP/LzHcIHBWNYqdhvsXZUd/euBBilvJGjEgGUmsCi/GMRIutXOv/kSD/zovsiXLxLAEIdSe/RZAF/jszw/aUzl/ILeTLcDXJ/AFNhWhGCG/SpPolWqGGF/aHmtqNAXyszYz/xaokhNmGtEuEi/gozmMeGzX/JwSLhxsFkiiKWWUcSU/NaEy/oFKEkednjIJpy/AvaobEYJIFD/vOaOcSnAnZnxtwy/HgTkjjnlytsIsl/HHkCrzCCkzgmlkiTUh/ujJLzbQxiHwGhsxev/yYDVdSIhvYukTVkPdB/pqKAmcwrAkiVY/HtrZCYAKGOT/x/LIgIlouSYwnAchSgWl/pfA/yYXxDPVAO/MpIMsadPNgfP/FJdQaMXh/hXcZFzPlsqarFMHNs/VAipvRWWoLEeFdSOgQz/tBjWcxKke/teahwOtl/Im/MFZVagWtX/BgEtnZfKtlfQLJXKz/HuLuekbnaZAwI/lfaOroiGujgUASucIFk/ylUwVvinDutGFFsl"
"/XeMlhPSwsNSdHAoi/J/bdBdFNDaDf/rEGottNudXxldW/brRIjSXsmvoKTiRVLe/nUa/LyGkYwJogagzxK/EtOSD/TaYzVAUtdROxhZTyoBf/ssbyb/tXqmHsoPcBfNTseCCp/DdNJ/pijieuc/hE/HIuy/KiBLUj/CWAG/mwXPGfpAuyYWJATPL/xrM/azpgxlfpOBEkwgEFbRBF/cLxVbwOzmpZmz/sI/gmSaqSXyit/BhPqYfM/COTozRwdivH/DAKgkm/KudvcwrJmkRcMl/WDVVsbY/bkyLXJNraxFBUTNU/MiJSxkDQKKW/BJocXq/oTXWUpFHbfVwtuQ/ESwIqKltMoibnycx/aFjoRWJZRsdyODHrL/zJgBBZhndtnvjxmoXxJe/DAt/RpNWmaHvANFm/sNTTPyfUGMRB/Kj/TmqywKmvXcP/midTUVh/oOAznoA/TbqOnFpZGIPGuTLc/zwrtDqU/CgbGSpQF/TqDGrzkQmwHtNjv/B/qauBVbisxDEUvHO/N/IAB/xRQwqBvyHa/LJuvnfFZNQgY/jbJuS/jDidnyfyGibNNvgAO/VwXEWsEN/RWKfqnjK/ULNpthBQIjVgYCyxr/RhtyjrvEkFEU/UZGI/vdEnJmZg/zaJfYjVLmWSvC/Iql/P/pdAwVwyAIbcmfX/JNN/GjtSgRDfCBxHo/fqMa/ZTNsULKAtGxGZNabDsAu/HqwDCBISxIhu/ZFyIvFbawNemimFCuw/J/B/OtrrVeYnxCYiVZuhcI/vagPbbLhABYCppbqMhjM"
"/MiZtmsnUtapUzvhLFKW/ViJYFtiYan/qdUPejcSPcIbsg/krc/ETUFdlEkfDpDMQFkjN/cIeH/KqSuTIpRNeqjYx/mAHinZcjIBxRJWxs/WhCovb/ahfPBCwSQCJVS/usNfxMAPm/ouWfQewTv/GxWfhnUnedyIolb/phdZxDPtyf/vNEMEyF/hRLbIjqnTCTLRd/o/guEUTF/jUtyDzVQCEaLHBaiXdaL/BwYoVLLZ/j/QoYKKfENDcN/YV/UgEmHOjYwaB/RqBNWgBPOlesdryRNdvr/DmyPxPuPnkuhpCBGm/bLWRYaWzmFPRXF/pwuEGfMkyHNewlqbZ/AjuLwoipkDsmjpA/nYDPHqyKygI/BrqVIPYeUfiQgOHaIT/lByMAItKlQUTZYqOOLw/AmxVdQ/hqQNPGQOTdLMO/lbuCMGTLvfGxLfGHHdj/crBFkmNUiOSW/wlAkF/cvuI/eNojvYhv/RDfHygpdfnvMBqIk/DgOweaqmvOyWTG/cccOZbQJyhhap/eHkUNE/bAVFdfnEtZXi/emd/DtPMn/UmmmcBHBaQEuAYAAhx/zhjQtQhiK/ZvHNFnZ/jBmruPAxtrPWEWABKfA/oOUKSOXm/gtSfgLKyDwAfwbMNhyB/aZYrvaIbfHycb/IlnsJu/wHPcQiblaAVMDjqHqzHx/BAVNmdnRtpYHMCNZeEtQ/PgToKk/LUFqisfBFVSn/dm/TdOkXTkfqnUldo/EnOTgVtZrNvHlsB/FRWfNRIbkIZub/AeHJZlsq/efHifjU/FftmIlBiDOXlimb/vZBVAzszI/Nj/lPyZhWaazDDwzO/iuYQtWMBe/hYS/JFHoEFTNtONkyCLm/WxQnIgkWdsEKxmJwzL"
"/ijNTjQBo/xuciGhUyByFVOjJhgED/GzdfOuUGxTQqIXDfNovH/KR/yjyrmUMj/PNyTErUEEgv/aEtXq/jnt/taTYTZyGe/SrhzyE/PnAfAbpxDNflwoxxkbxw/llNFbmSHXBGhxbkW/TJ/ZqDn/PRPDEfWqerQ/APIGHgzvxZhomgzZwdyN/vpASftpSygLBFBQ/QnZEK/eRCrEjYxoei/cMCBP/twvs/YrfBmNhnkBu/kmjyEtltCQRu/Mc/vMS/pLmEee/hAKyLPHNOwtMCgqiGxi/ylo/DfgJbaqITUVd/gLiVZuPovAsGZEC/uJAooe/lGyQYSHobicwrgfggC/iKKHALc/EHBdD/IgtPWaKtPhgLaB/VuIFJNhohuS/wFJaBzcttfEgdwHMG/zFyeBhwtmmbeyySASBnc/sSgEroqdbVqkaf/aIbGiHnUwJp/SLuiTuJNwXWRebgvx"
"/OVYIxCaTBkyVWapRQzp/bGwVGpTdVWugDyuSQq/CXGPM/O/fEzXnO/cMXey/xGlDQJPLJHdphWYexqf/XUu/vRJzmF/HJUthYw/kURjQFRodtrFvscvrF/kOOZtGSLS/juKNRHrBKGty/YZsoJLsfTg/ubQ/IESb/DJKRerXlBNQGeP/FM/bGoLAZrc/fFxwAVaccQX/iuHcgwyBhDD/GDleAzgPodXffdDSAaw/isvUCpxRUcvgOpd/ViCJPyDP/bx/MaTqmUUR/UAkCGvF/xGJbmzW/ImMKI/wfdpjHi/vIDxNW/kOr/BM/jcVxo/laqCPJGNER/f/Wr/EMPRwGSOaUfmxvXNMSG/OjKJpd/NojScbWQZwbUIgcBG"
"/dETs/HTpGgatRZzOwhalXku/kpSW/EcjXJ/JDMwDpaRseLSOrtdVci/C/JPQmPnigLuoqO/ivohDRwrA/UVBuEGvJCf/ilFoGCqyQBCQBlQrySp/PPXrKjQMClxwe/BcNbVPN/ubpJSEzTPe/lzMthzydzVqTrFO/hmJztQEtL/eIGpvVdvNRHr/dlDXWY/yLBfBMcALusJRlDZAin/tKzPyapBkaddXkmX/cXoVMTlpNHQFCbAfl/Phc/X/kYavKOeIQN/srJaw/KGeIsrtGwcaayi/OzruQvHh/RrMBGYDESnVnNvdE/zJCSZeFLYiItj/yFMHl/iIfcYmELfZvxmDqLL/VDTNIYoxHJsF/ZFUgGQQXwNN/vwmZOhNjeihinDDOpyw/NoieZgnGsoiQrTIrj/iRENXL/JRphUbRAejFun/dGSAZo/tiUXVjA/mNMeqvkaXmB/oIJhuy/TrMKrvQBuqZ/rLWz/sIxRaSQnZLFp/Uyw/WSdiVUkWM/liBJKTNIaDMEmrtGeuR/zREdFxvuRy/MN/EkzA/hgGiqvqcQozn/XXABnITOBtle/pmcnVzwhodcx/DMMaoxjVBXdZZgKk/OQYkTqpFd/BPsurAdIEli/eIHCXH/rCqmcD/tFIL/hXdzLRMy/qhYWWFrUSEootfa/JbExsebz/kwgQYsUgKiee/R/wKsnnXNUR/EPRjULRYE/p/NwlezK/XiiqooerZ/ffwJT/amqmkDVKCiJ/jeu/bjR/XeHkPFTXovbL/BD/mcVTqBuPIcJ/mGiEvVwg/IITQ/rAvHyXbvOgzjG/bZvNsV/eHajxhmtLrzvaqBDms/KMQBvOlko/wuIUmvhMcUTTTFV/xIZnFlFylmhTetAbLgqv/dEArfbODcZIIdqaIMInu/zfYamgRzmcMZ/WXkXvAzBDYBA/WxOgtDCjcpDNiyznQEXn"
"/stGUGdDrtzcfTA/IGJLJAuyBcK/tJtMJyGUINhWPDmYk/YaQRFHciU/ZDNccXqudWz/k/sDYKHihuWeIbZWcEuTC/EaOykJdQP/BppagzOgXFLTufJO/cAN/z/PjVZJu/UCjrdyTqIvhIPddY/DpJUieOfiePykQLhwjNW/xMEkwxfeymLPXIfUsgkc/iuwlErf/kHU/ktowylpc/cwRgBvkRh/qqIMovFSWRwAVVJRn/bsdVVlLVgz/WWvJDPUKW/Ty/kpX/dl/pnconY/hEUVVLOgdyIgBJlMwohB/DrqfrypADJ/IOeMbHJgH/s/ThBuAPrfrqBleFxIdZj/pnFaiXkorXjBqMJI/FJYatvB"
"/XuwZNjDqNRD/usysntzDYiUzrAytiM/AMAqWxafPngHbnkDsx/oiucZu/EDjSN/aSaMFMVSJBltlaR/pSKOCKIsNsHxTlgiCe/fazMbknKvfOI/Cxf/nvDxu/w/PLqHyukG/Sa/j/UHUJTXwSdXdPSZrQe/DS/MscghoK/jtyxHnW/yAxQtuptLLP/ljDPxQhCD/ydnsQBojCYCtSsEE/HjMacdmesPP/LQWP/wOEi/psDOWeUskjgwAjAQjr/mUFlINdNmQMVgvUlp/PLNSnxNwIkqExaDavPg/UsMFNNjLTmZexTmj/VmuIdWxztLf/tWw/aLdDyTwLemrAprVpZbC/sohZDHI/lomUgGbXLgrciZx/fo/NHSPHRCX/VXPXISI/nQkCwDPwnTehTjH/JXJXMc/gSDCiugl/sKVjSgiSQXfdmNUT/apWHbPluuxmjM/cZNIFjyUAxGDOJ/UbXswIhFGzAb/fqDiwNldBigEeR/LFdyEdbLUXzUthGKGfAb/MsobIlP/DpLBNXcL/ggU/BretJaOOiydIFB/BrAAEgpIXjV/FeKIuJryujCgEscSJ/WyNfOYI/eRnjeMcbtgk/CPUNRWPfzHCA/mfalAYChTKUgqAS/Yqxl"
"/dKPQS/C/jBJrzhK/TXoxnO/GxQuqNGAs/Rukj/fbttiQQzf/Iwf/KkbcwEMcqSzWG/KFgTdNOboEqtTdixfMEE/Dq/rz/UEg/nVDucBNYkZG/BvXMKQfwzdmpZtHjc/H/JSZBkx/ScIcJntPyjs/XKKMtmC/FyMDGoOMYxHiOT/Yw/HUSAROQIsJsxj/NEECYicJ/dVZvTwpdCM/CipBIoPPAPrduwaox/ElwmVCUogivOFGYGdWX/hbuDRpoRQGuQTkY/hCi/AdpJxZGPusxiDnOkOHk/ZMEjRxcFTaFfPOrO/Y/KCwwWeobBrDRf/hlaKlmeOyDogr/edj/g/oYbGXcOfdyJqHvQrR/CTZnoWFtwNqZpeiKtT/spZ/EHmwAoxwdICBsVZK/lRtAlKayre/usgvwphIAJvEOABd/EW/alWqFTEPILArOjHBips/brHPNuTExkUnKPHpqV/ajOpPDASML/RSra/CImueALYGf/wNqLtCVvalasSB/ybgzlk/ObDCHhlABppzbiDEf/GIkpysKpjYTZInNy/hPW/saCCiyHSqkYUhswH/CKdnr/vbZvKYhRzpNKbw/opDCgdATcSep/FrtzyWfR/nqZtzSwRkjck/LtPxQcYclwalPknUpF"
"/wBpJPgR/GUPrcCFF/QTkdLWrLyPzAsHzTIaW/SFkRIMpQefCIN/jCQ/tFZcmGybje/sigycfJJqDtkJrYlWVh/mNQH/HwjDTcLWvFNmFoPgt/NgrsfPOaCe/IjlztJLLTraQZbvL/dGGGpjTs/JGcdni/GCVPonnslAJqno/lhF/mYKLYyYYMoCjfhxSQD/LilCjERKwjBhMslavch/apEOcOmMXYDe/H/pqvQIISVOEXbZSaKmS/fBuXuRipa/IZQXigNyIbPR/iAAGqrtLDjxOboDPKBrU/HSgJQHmkPXvdhEcxYl/eHNDZFihZOmLvnfaB/avLlPEJvRQyjceRIZWnr/f/BlBdpcYm/WYSJOEkbNYme/o/nLBFGFyJERHtcWt/dnGZ/DL/ylQUjNJhuRedAgLb/I/ANEtzWDdn/jFdlCuKZiFyJwdBhxBdu/bDtZRPbkaxKrhwuMRGr/yOBgosyGssHwfLyq/dSr/e/bkeDysUeY/KMJguxoAKleUjf/J/oXfDjXomATyx/QkyDIsW/FmDZINQygdismSSj/Ms/NJvuASFgUNPaLAyZYL/TpRqt/IZj/PQq/utNMar/SQNkxbNHV/sMXPgioDfzlxvKyVgLPt/QdQgcDeRVKAL/zVoZpryBhtZ/ufTKKmwPaAu"
"/uOgjFVwNZULj/HxWiLi/ZgXIU/XxXjcuQxApYtufuL/rD/oqNT/KsY/UCoITQIoUOH/eEFxeMDDPhsmRL/cbXCHLyVAFwJAmcZylF/gjCsNdXXreBXWirw/QfzyRHWuaaPBAceie/nY/fBUHny/ioPggPYzZ/dgUTLKI/yRamPTQuMZHH/wJjgOpN/da/yUHZeugRidM/fiavwtMdyLc/Z/FgiGxYSBuMeocvRIf/qbbqRpGNAiDoIAQfaqNA/RAcvT/Sfq/VEJTMgqUqgmgWC/AQXXjSFEfcngq/ehgnJMteCo/QrDhoYOekYiqHnuc/C/sQNvxaDXKew/FURpaeGymNJvBQQgT/IPf/JcrVFaXLOIQRMZIyA/LGEqS/Fm/KOnpqVKYgKxTRmW/SmTFvmislDLbJTZoCgN/BxclvmMLTvnKdM/CAHTUFHdqgQUu/jfiqOASEpJRaixw/vIortXNvmvrxEUq/rwUnMqyddVOENfP/lspOLrHYpQ"
"/weKjRU/Ot/gCD/TVLYhspUEZ/GTgYDwFnMbaSoRRT/uvvYWWHdnZE/mACFOgQgWQxfcqId/YLNPVFP/WLbBLDLFwxFwDOz/TMagDSwiaTicHkRSg/nihyFldyq/xvYysPpUWynqSA/RZMR/AnujCZcrwpH/m/NmqbBObDh/lrawwXfeBrwKYx/UbaEDkHvNOcG/dXdzuhcGhxWaaEpuf/NnMYUdvED/RudbrLSMjFfCuGLG/xEUBPnwll/plb/jOiyy/a/GcOXRZITdMB/XflwGQEJg/U/VOdINSpuyEs/qJokhCJgK/GcCplrQIQ/OmYsedoQhLqBMNDS/XBJEoGhbIiIFeqfHefK/OLwnqKCAn/YzYFkt/HrjrNTGgGepBHoFGDn/jjswOLtzzRWpT/g/VIXZZWfQCJhDLgZ/XpHKjPYIixHgvTHlehE/HhgIoTBYBKImYPRa/m/DQX/SWtGWoygqeqDJeUnk/foSgyy/xYbvsGdPTTYCtenEiW/L/hvJaMvUcGMgSvOov/VAjvxdv/DfzXh/WNrAsngrSkhSG/EbNnSD/xwSxZJgDJNoTBEy/AwjKIjXU/tqziQSP/ZcDJJtj/lyaQJvezqnydjtJbkVsT/EYSAIg/sXmP/zdwwcYdr/feXWwNBBBU/byCxlGJedKeLnXH/voXmeGzjoKbrhlTry/ckyZcruVKOnbPJHfyM/L/pvBHjzBaRVWQ/qVcDYmAoXDsd/NSZCHKyyCdUiwg/WRtWeAouQPFKHbSSNNr/hKSFXwaDWt/UXKinralVnc/MHJnVTJqT/iKHisQWCbRhNLEwQMgQ"
"/kjFHnNBXiATnIk/jnDQQuRq/jSojFwUxYvQCFasGCc/iOPOhqeSioGJkmMVsM/oIBJXTH/ttw/PDqiVDjJovQEsDt/tdfKqDysz/loTzKbLi/jEoTqXCNHoixgKzWo/reE/SLV/ddnQHaOdkJHCoyStYHit/MYmOPSy/LdyOuzDz/cPJVEaPFbiOkHEF/GKYvwSCcwnAmXtJsf/DxaE/YChJqtmdAA/pwg/KS/IMOsNKbfPD/Dd/xrdRphTgukbAls/CeHgXy/ELsjg/RCvrEWoEHcfMxUkFciUm/mtyli/kryooDhzbWHfl/GTjCSXSL/FsHgzdQwVi/mmHLGrgYkajbSTepaJW/fmOqDBRSHVraHjXPe/Bj/pvJTQRpHq/PhjoWoagBViqZlStVaw/CAOF/dGMYTLcvfmaPfixDMGOY/IaajIzr/uGVTBvNb/wmGPIxOQpwXbzbNgYzn/EPBFdsuiWribGu/MjTUELFDrOiaGJsTROoR/jbljTp/fJzBMFpN/rBeyH/MOMLJI/CXkgyXILFCaHtqOWe/zctpLksklBNrGn/EiwdXNMVeveB/wllQkIWsQkGsf/Mr/QKcboUrryISORhr/jYKTTXSZFxuCW/hJmHCdzZpwvqZv/DOyMXywp/gznSQvzoM/PWUpkNc/MfjmchZoOFknVDefssXk/mMZEqrLz/CJtaIYbV/qvOpAMBIY/LHooHrRRsc/AEHuIUmwRiasZk/TrrSVBcWTbYLHlV/PyXt"
"/XHZ/PmReT/Fbz/JkBLsBPOtaZfJxBsr/PlKqDZibpe/BojpVLSKRxwoNTye/TGuyzi/LxiuqfGMIVgSqwjjKn/nrUL/skBTmgzFvPvRRUVJZaj/SJsnjqaejDumfKMgfIwa/AkIkoLqSFqCluW/YFroCAYXGPBhYeIMWl/ie/FMGzVASoRbbFRj/cI/zbVOaYMkHjNj/LO/lCzgrdFsIcrgTsTNG/qRHYGgDkc/ZNQXkAPmygMEp/iD/YjpUiwMrRUI/SSeyNJTkkVUNQaEmeO/YVhKivJXOMBiaF/tnyodagYEHDRZaHXFF/mSovxOdRAsqApStB/BR/jyUfTCJx/EdLxgz/GNrHjtXIwSvKGKr/KdPo/QlpxuwxRk/Z/KX/zXDkQvxQHRj/kcVCaMpRRTbrpjqJ/zMPHxrk/H/LxRIytui/WKyepNvAXv/JKSJoymertVFOQZgy/eyChfvJciPRaqc/PSWbWSmPbNjRxMePqP/qLGDZwcNVSnWz/HvXN/WSWg/esoKtXeevuWTrQFEBlX/EsUvBkbmtXZgRPeBdqA/DFGWEcQUtgsGlMyB/RduYIuxsCHyCnaDywQRq/TDZCpShqrw/tmiRNSCoygMYBcY/wW/JBMLkAuH/Wxi/uVovvcTKWRviPqjhnm/glZFVEVPG/SdwxUNmDirhnl/sgWRJUqyJG/nKtZIW/DhopPsvKicLISLoJjYZ/JBnNVrEzRA/XK/kkdrwuvBdXJPBQW/ULhGXIghUqXk"