0
1
1
1
2
2
2
2
2
3
3
32
90
46339
46340
46340
13553
44485
5458
40746
32951
23716
28441
38861
34816
3360
22785
42011
42581
32265
34402
29258
37156
41711
42259
31372
30977
34433
45699
43257
24319
25437
23173
46300
22153
34548
15740
25970
32016
16660
13684
45944
28983
31562
38387
45301
31740
44641
40862
25944
29772
26566
39104
10933
17268
34169
33222
35465
14343
32322
31328
28233
41131
38967
28167
5924
23761
32267
26637
39870
36314
29947
39409
3360
43508
29651
45425
27440
26917
39821
37764
40137
12003
28421
41599
21029
44444
26207
41231
5795
41611
23109
28822
35718
45304
40300
36206
21671
22756
44950
45379
42855
27746
38273
42986
22702
14022
41998
35614
30351
34672
23388
19614
36691
36808
45992
42290
34390
25585
36620
34875
15448
43302
45244
38916
42191
39034
26037
10114
45183
23473
3758
41601
36343
38458
37829
42851
40934
32364
30938
21199
10108
38784
28881
38058
26675
28318
33007
43523
38164
16824
31033
41172
3271
29370
32590
42318
15455
41714
43510
11529
11984
43672
43169
38268
35197
33869
33959
27695
6864
45939
34877
12218
38303
45283
39971
5590
26552
23231
43880
3748
28684
27223
41342
28870
40046
24977
21836
42925
14715
14917
44446
18977
46150
41129
42715
34945
26291
28816
44589
27173
28166
32513
29793
10632
30987
18382
12012
40807
29624
45495
40979
41235
25757
35228
19657
10941
43184
29381
44298
45622
32951
42312
17149
32682
36530
46029
11908
45008
28313
46152
24832
39937
32244
38785
41329
44720
42921
43039
38957
23924
42127
32395
11194
17049
11959
22620
20258
44810
37080
15008
44067
17699
44895
9410
37166
34679
7734
39028
32877
29351
38803
41202
17579
19948
32472
44912
15822
27372
41497
42047
36354
36732
25884
38038
40496
28513
44256
45281
25951
34439
11321
21631
38721
46301
23589
27078
34626
24825
10439
11507
38442
40183
42778
42271
44862
27148
40700
10748
38551
35086
43400
25697
20805
20152
45905
45528
34916
43800
44449
43504
30936
45868
14598
17577
45828
27741
32283
33937
37227
33929
35835
26761
24868
31091
18856
21991
41276
44856
24477
32287
33100
18309
41265
39096
27227
40776
38129
44277
37863
35807
41299
15596
35193
43803
23499
34516
23257
39930
13986
43895
24456
38467
22259
34879
17291
29173
41233
44751
26751
12322
29962
42559
22069
21287
34529
35048
45998
22331
32271
37443
42200
24487
40562
29529
19259
7074
45424
30196
40552
10559
26289
9753
39890
34447
36217
43477
45140
29400
41779
24614
31878
22266
16421
38772
30805
38235
24171
30287
44279
40319
13110
39925
8821
42628
17848
21183
43211
15310
36885
36935
18598
45295
38201
44013
33027
24972
40987
31321
38574
35749
39836
18888
42117
43088
43129
23985
34221
17230
38634
31373
43846
40798
20756
44725
36527
27375
17367
32465
31365
40769
16454
36465
39577
41594
33458
22577
14361
25533
38610
41161
43931
30499
45288
39450
25285
41996
46170
42549
45393
38429
25440
42844
31525
32833
41091
13440
42748
44611
35137
25764
38792
38799
44648
30393
32985
31072
37861
35976
40217
27871
29001
37416
41316
27288
28440
14102
18997
28160
44825
16552
11062
22561
45930
33410
39838
40628
36012
35595
38644
19597
43941
29167
43467
42152
42124
28810
24389
32564
46090
8051
42863
28599
38272
37373
39529
11231
39946
43857
30317
38177
7072
32273
44345
3490
3213
37498
40778
36155
22927
31760
41125
17578
43121
37858
45671
38554
10760
23092
19986
9623
24455
9446
30175
45418
38549
18046
6444
30565
10085
30995
15629
12318
44746
7957
12803
44861
38333
42741
34239
44666
26231
26760
12515
20001
1370
9748
43434
10846
25065
11768
14500
35019
15090
33478
33790
41397
38033
34399
22373
39347
46303
27291
41231
44707
28427
43173
43172
11406
39284
29811
46099
9156
40060
11591
21997
40084
15146
14931
41525
29286
19011
43984
45651
24273
30133
32839
12469
14389
10688
25613
41896
10525
37428
36163
45930
7844
32004
42731
13842
20495
23816
13013
22447
4961
17427
31428
40389
23089
34795
34759
37293
39650
31550
36434
3724
43628
16073
13013
45940
19302
28729
41452
21985
8875
29642
21106
11845
43623
11134
18219
13249
26291
22389
26065
26755
28372
40831
14131
36580
27026
37522
24114
12455
15996
43691
13000
3443
4451
18394
46069
19809
34113
41148
29593
35249
20602
36349
37186
13414
38016
41409
18854
46221
8281
32169
26548
29556
23550
30075
8015
35847
12843
25411
37949
20514
20178
40114
20801
20663
44130
20189
28625
31045
45834
41172
7671
19437
29478
37969
23616
12912
31764
30219
12478
32826
44137
29334
44171
18847
42012
44893
40500
43931
22663
30544
14260
30345
19866
25220
36712
13955
32306
4444
34037
31576
41412
34891
37079
20891
22618
43961
24559
38994
26425
27548
21228
22336
40242
15946
29226
35170
11053
18627
31929
25215
35776
34969
39454
40922
43115
27513
43236
27480
27870
29672
41859
18553
45802
31298
27940
21493
27652
37200
44525
38249
46289
16902
44293
40183
23237
25857
26536
25733
31868
41516
36027
12167
28266
26592
42693
22593
38264
39301
35575
9666
16660
29501
20920
15098
43010
34904
26267
21613
21323
22913
43933
21212
28473
41768
45438
36752
16300
24926
44865
35794
14054
34109
37806
31567
43250
33234
38820
34457
22397
25002
35787
27914
38671
41454
31736
34611
28094
41196
40805
35270
8643
38049
41157
29756
32323
40139
9417
36201
9220
45843
21078
16808
33430
43285
35764
28995
28821
25270
45034
36500
35549
34079
45951
24733
27061
31165
42540
39008
22824
36432
24862
24406
25051
12830
38485
40895
42139
39620
28904
43136
39037
35774
46295
22227
31716
35705
36534
42855
43743
34862
31960
32089
15142
31393
40515
31010
44235
36106
18324
18173
21989
30885
30429
33333
33444
16110
25220
27327
42770
38360
21450
34724
24573
21352
41229
40122
41603
29785
36040
38688
45854
13149
19469
13579
34035
44950
33853
31108
34304
38494
36027
40747
16978
8742
24980
37507
18329
35497
2481
4225
24169
21593
34981
34467
30367
27857
25501
22484
40782
44150
44747
40228
46066
15296
42458
33661
10346
28307
45834
35830
11648
35374
28225
20590
36438
37692
42787
40789
23093
42859
41007
33428
12479
27528
12569
32831
39164
28431
39793
32397
24700
37926
22814
24182
40894
13257
41447
42183
31258
40880
30261
33358
27840
41381
39201
45857
31395
34929
40239
38974
30158
33960
22112
32638
43716
25435
46294
36021
38148
39739