0
1
1
-1
123
-123
10
10
4500
-134
-12
0
-4
0
0
0
131204
-1324000
2147483647
-2147483647
-2147483648
2147483647
-2147483648
0
0
1
23
-3924
321
-321
123
123
0
4488
0
0
0
0
-2
-1123
-1010023630
-2147483648
-115579378
11
1056706
1097374
1181
112469032
100382
2147483647
0
114249
1
1107733
-115953
10061298
106
-117470
11774694
1082654
-12012
104344
0
1
-1161
104
-118459
101266
100016137
119
10171
-1124
-11422
11
-110415
-117443
1
110
0
11853283
-102
1192736
11242
119
117180759
1
-1034946
2147483647
115784825
1030
-120
1095502006
0
2147483647
1
10315
0
1052223016
1206
-115
1191597
1094
-11
1
-12
-2147483648
1
-2147483648
1175109307
2147483647
2147483647
109193501
2147483647
-108520
11
109735
0
10
2147483647
2147483647
0
2147483647
1
-110
2147483647
11
-2147483648
-1026
109110636
1010920
0
-2147483648
-117
1160253
0
-2147483648
109
-10
-1073659550
102
-11703
-1209066840
2147483647
11845
1146905820
12
0
1092173165
1017956714
1092876
-11
-10
1
-104
-11164
-2147483648
-107554754
-11416
-1009154
1115312
2147483647
-2147483648
1119461
-2147483648
118
-1170
-108821144
115
1
-1
-2147483648
11448
2147483647
-2147483648
1161538
1043411
2147483647
-1179
10
-2147483648
-11
1192820738
-112190
1
2147483647
-11807
12029435
-118641
105909
-11
1175775
1003508
11455
1067824381
10
11326208
115
-121190192
107096
0
11638080
2147483647
2147483647
1168848995
1
11
1211
0
-1135933
1208
10631
1
-109303
1009
2147483647
114246044
2147483647
11
-109111777
102
0
102
1191
-10965
-105275
115243963
120462
1203376482
11665
0
103517987
10
11
-111
0
111005030
2147483647
118926
-110
103
113631604
10109278
1189919
10165938
-12023644
1187
11950294
0
0
-1
11
101
1107648209
1015
107
114174868
1200
1057582544
-10325234
-11516
2147483647
10
-10249
1203
-102
1037
-1126297758
107853
1068076646
12119
-1096838668
10956
1013085
-103766
2147483647
1015427091
11068
1207
11
102
0
-1009621
-2147483648
11363
1114054094
11496203
11012
-1
10
10859443
2147483647
11190
-2147483648
0
115
2147483647
120367
-105
103594912
-114
1
0
105831204
-115
-1
1095248
-1160275318
-114305254
-107919
120833753
11
-10
-1
1
0
0
-1204689
0
10
-10
10795247
2147483647
118283
0
10
2147483647
109902479
11042
1039378071
1
-1057523
-1101659036
10836589
104
11
1209428289
1
1192015820
2147483647
11
1051
-10
-120
-1118250626
1
0
2147483647
0
1004
0
1021988
2147483647
10863
2147483647
2147483647
2147483647
-1047819
111
10910
11255
1144
-103
114156
2147483647
117734814
1034
101
1160
1121972
10343
-2147483648
1070091761
115920187
1
-2147483648
104509
10
105
1199
1073
2147483647
11
0
11616
118133384
-114
-117
116
-1116309
-117867291
111
-12
120
-1
0
11179510
-1090
104019
2147483647
119834
2147483647
108545
1159
2147483647
-11355
108095
111925
1191030870
-2147483648
105656302
-108
11599632
12036945
1
104
-2147483648
10361266
1
2147483647
0
11
-1
1043698663
-113573524
11
1178743
113505
-10621720
2147483647
1179441277
10916
106
1166563
-1029333395
107280788
1
10
2147483647
1012106897
10828
-1124
-1167
10008489
1
-2147483648
1006371135
-2147483648
11
0
111204963
10
-1
-2147483648
-10007
-1
10548
105072498
107732
-117689
10158
-1007013
101076484
103
-1049
1124
1120808190
113294
11953
-101
11674
10
1004713120
110740
10
-11889
1046340
0
-1186849915
11849
2147483647
-2147483648
10245895
1214113
1046608196
10025
1036747387
0
-10
120316762
2147483647
-115821901
-10974
-11
2147483647
10033
0
-11565
1
1015507407
1142803
1063761
-1131868
2147483647
-1
1156165265
1214717441
-1135446294
1
11308
2147483647
-1132
1212
-2147483648
112599744
-11799
2147483647
-1194031485
11
-11289790
1
-1107901
1075918
-1182963174
110404425
-1
117146138
-113457
118
2147483647
1137893
112
-100591
107
110995
0
1183684255
-1063815
-1
2147483647
-2147483648
110960
12134
112
11505309
11987
-2147483648
102099
116764
104008495
1119746
10585
109200
-10098
10
-1
1188646
10223
10994
0
2147483647
1189
2147483647
0
-1209169652
1
1042385
-1
0
1191273249
11004497
2147483647
0
-1
11478
1122
-106
10
1
119218497
107173
-10525679
0
11707
112
112593
0
2147483647
1068266817
115068
-109530
11
0
-2147483648
-1185
-103974
104432
1172414274
1151248
10
-1
-113721
0
-1006266
2147483647
-100884
-100819319
-2147483648
107
0
1026480
1
1116202
10337
-1
-1167934817
2147483647
1183876
-2147483648
102
10133288
-2147483648
1091
1080257
-11
-113730648
0
1116747669
-10452
1
-1110
119261
-104128
1105
-1151334957
100046
1012
10
-1
11361502
-11
0
10826224
1166988
-2147483648
2147483647
-11419701
1044837112
1156
1058702
1
110992
0
2147483647
-1161004500
10725785
101
11922
100752930
2147483647
11
0
110535
111260980
10
1085918963
1042472646
10203
11703
0
121137
-1119
2147483647
1024020
-10064
1056
2147483647
0
116
1147838
-113637761
-11316246
-1120515078
100411685
2147483647
11048
107
0
0
-1135
-117908
0
0
-1
10
105982921
-1209125
-11282
2147483647
11029
2147483647
110965
-10
11463
0
116412
1085260380
0
11522981
118503
-100
-1105580
-2147483648
101841
2147483647
-10
0
0
1191
105
-10521
1198637
11865
1006
1015801
1008
-111
105445
1138425742
0
1121604677
1159824576
116
0
2147483647
1133661
-1121037
-2147483648
2147483647
11
0
-1125805
11564
1012711
118982824
1
2147483647
-120
10161775
1139
110741453
1193
120472907
0
12035
-106
1104809
12074
-11
-1161
-107534
11460
1011
2147483647
121038582
121
-1183
106
1160350
0
-10275746
105520
-1
109382
-1074096
1129301
-2147483648
0
11
-1175319658
-1007600
1
0
0
-1
2147483647
-1
11872
10840
-106754
1
1
1078101133
-2147483648
-10309
10961899
110214
110865829
-11190172
-11
1
1207109286
10
-1
2147483647
11866
11702089
-1
0
1
2147483647
-2147483648
1150392018
-11545036
-2147483648
-1007300167
117778479
0
105
2147483647
-113
10
1077
-1098
111932
118
111
2147483647
1
-112
-1
-12052302
1196014130
-1
105
-2147483648
1188
120311
0
2147483647
2147483647
2147483647
-2147483648
-10334822
10499
-103327
-2147483648
0
0
2147483647
1
11995804
-10
116
-1131834
1046958
1
-2147483648
-10592219
2147483647
1
103116845
-2147483648
101
-113
-2147483648
2147483647
11521
104864375
0
-12
-11
1
114
1145812
11658
-120950
0
-1003
0
120249
-120703
-106452609
1
-12143810
1037891790
-10305
10856188
0
10068729
0
2147483647
-106437
2147483647
2147483647
-1019
-10
1
1045
-1082
104
115215
-10699259
1135684
-11509
-120063
115
2147483647
106361457
2147483647
-115034
2147483647
-2147483648
-1033019533
-1
-12
1210
11604
-1077615905
0
-1176234
0
-10
1017861
-1205010
-10874
1176
2147483647
-1200
11340
2147483647
1155
11203445
102026
-1
12051
1
12
-10301461
1
100572457
2147483647
-108018243
1
-1073
-11
2147483647
116210306
11
-2147483648
113
107834
102
1144
11215123
1174
-121231
-2147483648
1
1087467898
1
0
11630288
0
1
-2147483648
120334689
116271
1134
11855143
2147483647
1
11254
1070649354
-112399983
10290
10496
1065839
11
1137310941
104130
-2147483648
-1204144656
1
108006288
2147483647
-1110286824
-1019955
-111650
114
11027
103517
-1
2147483647
11019505
120002
10
10773972
-1197674985
2147483647
1
121092186
-1
-10032
1
10
1195643
1184444
-1085499
-2147483648
0
11209
1141043
110
-2147483648
10629044
-2147483648
1
11
100056448
0
120758379
-116847
-11084762
100735
10540
-112975877
-1138130270
2147483647
-117
-1198043894
110
-1209792
2147483647
-2147483648
113588084
11
108116921
10
0