{}
{1}
{2,1}
{2,1,3}
{2,1,4,3}
{2,1,4,3,5}
{8,4}
{5,2,4,3,2,6,2}
{4,0,2,9}
{0,4,2,6,8}
{1,4,1,7,6}
{7,0,6,2,8,6,3,0,5,4}
{6}
{6,3,4,4,8,0,3,9,3,4}
{9,0}
{0,0,9,1,1,2}
{9,1}
{2,1}
{2,6,6,1,0,8}
{2,2,0}
{6,5,9,9}
{4,8,1,9,8,5,6,3,4,1}
{8,4,0,0,2,4}
{0,2,4,5}
{6,8,5,0,9,5}
{0,4,3,8,1}
{6,3,4,2,0,3,0}
{77,4,79,57,47,24,42,21,54,38,28,26,85,30,40,32,28,62,37,89,3,24,72,51,49,59,60,7,7,44,48,27,37,37,13,27,49,36,26,55,33,55,85,55,39,19,33,25,14,68,44,70,73,70,29,68,27,22,66,89,69,35,24,67,94,58,46,37}
{73,44,78,51,88,80,71,49,82,66,32,39,36,4,77,2,83,56,84,51,69,25,46,71,95,36,83,4,2,84,28,30,33,75,7,6,7,22,40,79,70,89,45,72,27,6,63,74,77,10,87,99,70,99,35,33,89,65,49,70,1,92,19,77,36,34,8,27,58,43,85,48,73,28,87,30,57,0,62,2,1,86,85,50,35,71,88,73,43,77,69,37,66,96,31,40}
{39,19,98}
{83,40,13,6,45,65,74,65,27,47,0,61,46,29,65,71,59,19,15,42,63,48,14,11,94,55,75,69,19,86,26,52,10,54,19,91,56,55,54,46,7,83,13,54,25,5,77,30,24,36,36,92,55,87,42,51,72,50,36,17,22,43,97,62,5,32,88,68,14,61,96,42,49,21,79,61,91,74}
{15,63,99,0,55,54,49,2,26,57,93,18,40,69,66,7,12,25,65,35,1,25,22,7,8,75,54,83,27,83,98,62,62,94,49,97,52,69,27,50,68,78,48,72,80,61,86,66,53,44,22,51,10,55,30,44,19}
{54,84,46,58,53,52,1,60,81,54,56,53,32,8,33,24,37,32,98,65,61,23,26,4,59,83,79,37,56,89,25,11,69,62,14,23,83,74,80,67,21,64,25,36,13,5,89,10,75,2,26,39,43,36,20,52,41,2,43,99,62,49,11,68,91,32,58,77,45,74,91,39,27,18,75,68,78,92,95,16}
{73,55,99,41,61,77,19,53,97,13,75,68,32,65,57,59,70,9,6,83,26,9,88,76,3,94,24,33,28,19,27,29,71,1,30,26,31,84,49,49,70,28,46,77,36,2,63,55,38,6,67,22,50,17}
{6,63,88,41,21,77,4,17,22}
{52,82,14,25,74,54,76,42,88,3,92,78,93,43,34,98,18,67,70,51,14,78,19,76,53,54,72,40,14,58,40,12,89,18,24,54,49,16,19,0,89}
{85,11,62,24,43,19,22,32,10,13,89,88,43,81,21,95,53,15,79,87,57,45,52,69,37,82,82,1,42,56,13}
{89,27,46,82,14,32,46,20,9,76,57,87,82,52,67,30,17,87,85,98,19,26,8,37,90,56,65,91,56,32,60,85,67,45,77,58,79,81,9,75,15,88,40,66,96,97,37,59,9,65,91,22,11,29,37,52,43,53,85,2,87,51,96,97,8,54,87,25,87}
{27,96,14,68,17,67,78,10,27,54,28,87,68,71,23,91,44,6,60,18,69,30,79,48,54,17,42,87,26,94,42,95,15,53,72,9,71,33,39,50,90,99,70,68,11,10,68,45,63,56,38,29,29,32}
{35,49,43,57,83,81,76,91,6,37,9,85,56,91,31,12,54,7}
{64,29,74,62,18,85,14,37,21,56,26,95,82,22,66,83,66,64,40,9,15,55,17,77,85,7,90,81,35,93,22,41,55,51,36,49,38,74,82,2,49,60,82,60,43,32,96,0,9,62,69,88}
{86,17,2,36,26,67,54,95,70,19,74,6,94,19,57,0,35,49,98,69,4,47,91,30,78,4,66,5,74,18,35,95,31,61,80,38,85,9,80,35,93,55,26,6,59,39,88,84,53,94,41,87,69,9,14,84,41,0,18,32,27,16,29,54,44,10,19,61,48,29,37,99,5,41,81,63,99,64}
{5,10,4,60,30,14,80,88,82,30,0,12,39,98,79,6,50,49,20,40,89,32}
{82,21,36,77,93,15,37,36,41,56,60,49,31,7,88,0,82,61,14,52,92,32,63,20,23,93,66,4,45,7,28,37,66,79,95,64,0,60,16,84,33,93,53,28,28,65,78,41,93,11,95,44,65,37,83,59,15,88,95,49,38,12,91,75,39,5,65,38,22,92,37,33}
{90,61,89,25,3,31,77,52,48}
{49,59,74,5,52,50,89,86,29,27,66,94,11,68,90,10,48,96,57,50,75,38,22,98,3,31,31,99,65,3,14,96,53,67,69,40,78,5,32,58,4,7,75,50,61,15,63,18,20,9,99,20,71,96,27,21,72,74,29,10,6,90,57,43,35,11}
{13,16,0,37,93,20,48,50,63,61,24,18,38,24,24,45,68,34,13,97,70,94,23,23,81,60,69,18,53,92,60,47,36,66,38,60,63,30,91,38,56,26,3,15,12,47,33,27,76,32,26,47,22,46,58,49,19,56,48,79,79,72,90,9,21,15,97,81,71,84,63,88,56,80,27,66,45,20,60}
{59,21,20,31,81,34,90,78,10,52,77,90,51,89,4,19,0,73,9,2,42,72,4,72,90,50,23,31,43,87,9,28,59,55,41,81,59,92,45,31,73,69,58,22,41,25,50,15,69,94,18,11,84,63}
{26,14,89,5,0,14,75,17,28,7,48,56,67,21,18,79,5,37,47,40,33,82,14}
{83,79,97,43,79,47,13,71,28,58,72,2,71,29,36,47,55,99,20,85,16,22,11,90,82,73,55,59,25,16,47,87,61}
{60,97,68,14,72,73,27,49,78,96,95,50,49,66,3,50,73,22,12,72,45,84,95,95,63,53,92,21,34,10,59,75,42,94,19,28,29,66,63,46,48,59,25,58,9,49,71,81,5,34,18,36,83,2,55,66,39,98,60,48,75,73,67,20,0,69,36,86,84,29,88,99,9,32,81,65,98,70,4,5,93,3,58,75}
{13,41,80,26,86,13,89,53,20,6,6,58,46,6,90,87,75,45,7,74,55,93,91,77,82,60,53,47,5,57,50,81,7,70,84,30,83,94,52,25,35,3,61,11,98,82,79,3,77,26,71,86,16,32,45,14,13,50,7,50,32,18,41,57,39,91,37,77,2,22,77,90,53,89,23,90,51}
{29,3,41,70,54,52,67,9,59,51,2,80,51,66,75,86,77,92,69,14,88,15,57,23,12,17,7,10,13,88,91,0,22,95,47,84,94,29,80,14,95,53,72,82,68,98,90,99,66,46,13,11,34,54,72,70,32,98,86,79,32,97,92,29,66,54,83,40,6,12,17,64,98,53,51,89,41,67,65,93,4,7,13,30,52,90,41,85,17,84,33,79,61,1}
{27,7,43,18,24,91,8,59,57,30,81,98,39,76,93,75,31,98,11,23,75,74,15,49,18,11,94}
{55,19,78,23,41,34,25,21,80,17,47,34,84,38,66,81,8,75,73,60,83,39,13,36,85,11,74,80,75,55,26,19,94,82,69,5,26,35,53,94,80,7,97,52,33,16}